{"obj": {"type": "AssignString", "path": ["sys", "name"], "value": "Untitled"}, "version": 1}
{"obj": {"type": "AssignString", "path": ["sys", "description"], "value": ""}, "version": 2}
{"obj": {"type": "AssignString", "path": ["sys", "hostname"], "value": "aurora"}, "version": 3}
{"obj": {"type": "AssignBool", "path": ["sys", "failed"], "value": false}, "version": 4}
{"obj": {"type": "ClearStringLog", "path": ["monitoring", "stdout"]}, "version": 5}
{"obj": {"type": "ClearStringLog", "path": ["monitoring", "stderr"]}, "version": 6}
{"obj": {"type": "ConfigFloatSeries", "path": ["monitoring", "cpu"], "min": 0.0, "max": 100.0, "unit": "%"}, "version": 7}
{"obj": {"type": "ClearFloatLog", "path": ["monitoring", "cpu"]}, "version": 8}
{"obj": {"type": "ConfigFloatSeries", "path": ["monitoring", "memory"], "min": 0.0, "max": 62.63469314575195, "unit": "GB"}, "version": 9}
{"obj": {"type": "ClearFloatLog", "path": ["monitoring", "memory"]}, "version": 10}
{"obj": {"type": "ConfigFloatSeries", "path": ["monitoring", "gpu"], "min": 0.0, "max": 100.0, "unit": "%"}, "version": 11}
{"obj": {"type": "ClearFloatLog", "path": ["monitoring", "gpu"]}, "version": 12}
{"obj": {"type": "ConfigFloatSeries", "path": ["monitoring", "gpu_memory"], "min": 0.0, "max": 47.5198974609375, "unit": "GB"}, "version": 13}
{"obj": {"type": "ClearFloatLog", "path": ["monitoring", "gpu_memory"]}, "version": 14}
{"obj": {"type": "LogStrings", "path": ["monitoring", "stdout"], "values": [{"value": "Remember to stop your run once you\u2019ve finished logging your metadata (https://docs.neptune.ai/api-reference/run#.stop). It will be stopped automatically only when the notebook kernel/interactive console is terminated.\n", "step": null, "ts": 1668210581.2568007}]}, "version": 15}
{"obj": {"type": "LogFloats", "path": ["train", "accuracy"], "values": [{"value": 0.0, "step": null, "ts": 1668210581.257426}]}, "version": 16}
{"obj": {"type": "LogFloats", "path": ["train", "loss"], "values": [{"value": 0.0, "step": null, "ts": 1668210581.2575946}]}, "version": 17}
{"obj": {"type": "LogFloats", "path": ["train", "accuracy"], "values": [{"value": 0.6, "step": null, "ts": 1668210581.2576544}]}, "version": 18}
{"obj": {"type": "LogFloats", "path": ["monitoring", "cpu"], "values": [{"value": 1.4, "step": null, "ts": 1668210581.252847}]}, "version": 19}
{"obj": {"type": "LogFloats", "path": ["train", "loss"], "values": [{"value": 0.4, "step": null, "ts": 1668210581.2580023}]}, "version": 20}
{"obj": {"type": "LogFloats", "path": ["monitoring", "memory"], "values": [{"value": 19.858253479003906, "step": null, "ts": 1668210581.252847}]}, "version": 21}
{"obj": {"type": "LogFloats", "path": ["train", "accuracy"], "values": [{"value": 1.2, "step": null, "ts": 1668210581.25822}]}, "version": 22}
{"obj": {"type": "LogFloats", "path": ["monitoring", "gpu_memory"], "values": [{"value": 6.6597900390625, "step": null, "ts": 1668210581.252847}]}, "version": 23}
{"obj": {"type": "LogFloats", "path": ["train", "loss"], "values": [{"value": 0.8, "step": null, "ts": 1668210581.2584188}]}, "version": 24}
{"obj": {"type": "LogFloats", "path": ["train", "accuracy"], "values": [{"value": 1.7999999999999998, "step": null, "ts": 1668210581.2584887}]}, "version": 25}
{"obj": {"type": "LogFloats", "path": ["train", "loss"], "values": [{"value": 1.2000000000000002, "step": null, "ts": 1668210581.2585275}]}, "version": 26}
{"obj": {"type": "LogFloats", "path": ["train", "accuracy"], "values": [{"value": 2.4, "step": null, "ts": 1668210581.2585673}]}, "version": 27}
{"obj": {"type": "LogFloats", "path": ["train", "loss"], "values": [{"value": 1.6, "step": null, "ts": 1668210581.2586048}]}, "version": 28}
{"obj": {"type": "LogFloats", "path": ["train", "accuracy"], "values": [{"value": 3.0, "step": null, "ts": 1668210581.2586422}]}, "version": 29}
{"obj": {"type": "LogFloats", "path": ["train", "loss"], "values": [{"value": 2.0, "step": null, "ts": 1668210581.2586792}]}, "version": 30}
{"obj": {"type": "LogFloats", "path": ["train", "accuracy"], "values": [{"value": 3.5999999999999996, "step": null, "ts": 1668210581.2587159}]}, "version": 31}
{"obj": {"type": "LogFloats", "path": ["train", "loss"], "values": [{"value": 2.4000000000000004, "step": null, "ts": 1668210581.2587535}]}, "version": 32}
{"obj": {"type": "LogFloats", "path": ["train", "accuracy"], "values": [{"value": 4.2, "step": null, "ts": 1668210581.258791}]}, "version": 33}
{"obj": {"type": "LogFloats", "path": ["train", "loss"], "values": [{"value": 2.8000000000000003, "step": null, "ts": 1668210581.25883}]}, "version": 34}
{"obj": {"type": "LogFloats", "path": ["train", "accuracy"], "values": [{"value": 4.8, "step": null, "ts": 1668210581.2588692}]}, "version": 35}
{"obj": {"type": "LogFloats", "path": ["train", "loss"], "values": [{"value": 3.2, "step": null, "ts": 1668210581.2589054}]}, "version": 36}
{"obj": {"type": "LogFloats", "path": ["train", "accuracy"], "values": [{"value": 5.3999999999999995, "step": null, "ts": 1668210581.258942}]}, "version": 37}
{"obj": {"type": "LogFloats", "path": ["train", "loss"], "values": [{"value": 3.6, "step": null, "ts": 1668210581.2589786}]}, "version": 38}
{"obj": {"type": "LogFloats", "path": ["train", "accuracy"], "values": [{"value": 6.0, "step": null, "ts": 1668210581.2590148}]}, "version": 39}
{"obj": {"type": "LogFloats", "path": ["train", "loss"], "values": [{"value": 4.0, "step": null, "ts": 1668210581.2590516}]}, "version": 40}
{"obj": {"type": "LogFloats", "path": ["train", "accuracy"], "values": [{"value": 6.6, "step": null, "ts": 1668210581.259088}]}, "version": 41}
{"obj": {"type": "LogFloats", "path": ["train", "loss"], "values": [{"value": 4.4, "step": null, "ts": 1668210581.2591245}]}, "version": 42}
{"obj": {"type": "LogFloats", "path": ["train", "accuracy"], "values": [{"value": 7.199999999999999, "step": null, "ts": 1668210581.2591617}]}, "version": 43}
{"obj": {"type": "LogFloats", "path": ["train", "loss"], "values": [{"value": 4.800000000000001, "step": null, "ts": 1668210581.259204}]}, "version": 44}
{"obj": {"type": "LogFloats", "path": ["train", "accuracy"], "values": [{"value": 7.8, "step": null, "ts": 1668210581.259241}]}, "version": 45}
{"obj": {"type": "LogFloats", "path": ["train", "loss"], "values": [{"value": 5.2, "step": null, "ts": 1668210581.2592778}]}, "version": 46}
{"obj": {"type": "LogFloats", "path": ["train", "accuracy"], "values": [{"value": 8.4, "step": null, "ts": 1668210581.2593145}]}, "version": 47}
{"obj": {"type": "LogFloats", "path": ["train", "loss"], "values": [{"value": 5.6000000000000005, "step": null, "ts": 1668210581.2593508}]}, "version": 48}
{"obj": {"type": "LogFloats", "path": ["train", "accuracy"], "values": [{"value": 9.0, "step": null, "ts": 1668210581.2593875}]}, "version": 49}
{"obj": {"type": "LogFloats", "path": ["train", "loss"], "values": [{"value": 6.0, "step": null, "ts": 1668210581.2594242}]}, "version": 50}
{"obj": {"type": "LogFloats", "path": ["train", "accuracy"], "values": [{"value": 9.6, "step": null, "ts": 1668210581.259461}]}, "version": 51}
{"obj": {"type": "LogFloats", "path": ["train", "loss"], "values": [{"value": 6.4, "step": null, "ts": 1668210581.2594974}]}, "version": 52}
{"obj": {"type": "LogFloats", "path": ["train", "accuracy"], "values": [{"value": 10.2, "step": null, "ts": 1668210581.2595346}]}, "version": 53}
{"obj": {"type": "LogFloats", "path": ["train", "loss"], "values": [{"value": 6.800000000000001, "step": null, "ts": 1668210581.2595713}]}, "version": 54}
{"obj": {"type": "LogFloats", "path": ["train", "accuracy"], "values": [{"value": 10.799999999999999, "step": null, "ts": 1668210581.259608}]}, "version": 55}
{"obj": {"type": "LogFloats", "path": ["train", "loss"], "values": [{"value": 7.2, "step": null, "ts": 1668210581.259647}]}, "version": 56}
{"obj": {"type": "LogFloats", "path": ["train", "accuracy"], "values": [{"value": 11.4, "step": null, "ts": 1668210581.2596834}]}, "version": 57}
{"obj": {"type": "LogFloats", "path": ["train", "loss"], "values": [{"value": 7.6000000000000005, "step": null, "ts": 1668210581.2597194}]}, "version": 58}
{"obj": {"type": "LogFloats", "path": ["train", "accuracy"], "values": [{"value": 12.0, "step": null, "ts": 1668210581.2597563}]}, "version": 59}
{"obj": {"type": "LogFloats", "path": ["train", "loss"], "values": [{"value": 8.0, "step": null, "ts": 1668210581.2597926}]}, "version": 60}
{"obj": {"type": "LogFloats", "path": ["train", "accuracy"], "values": [{"value": 12.6, "step": null, "ts": 1668210581.2598293}]}, "version": 61}
{"obj": {"type": "LogFloats", "path": ["train", "loss"], "values": [{"value": 8.4, "step": null, "ts": 1668210581.259866}]}, "version": 62}
{"obj": {"type": "LogFloats", "path": ["train", "accuracy"], "values": [{"value": 13.2, "step": null, "ts": 1668210581.259903}]}, "version": 63}
{"obj": {"type": "LogFloats", "path": ["train", "loss"], "values": [{"value": 8.8, "step": null, "ts": 1668210581.259954}]}, "version": 64}
{"obj": {"type": "LogFloats", "path": ["train", "accuracy"], "values": [{"value": 13.799999999999999, "step": null, "ts": 1668210581.2599921}]}, "version": 65}
{"obj": {"type": "LogFloats", "path": ["train", "loss"], "values": [{"value": 9.200000000000001, "step": null, "ts": 1668210581.2600296}]}, "version": 66}
{"obj": {"type": "LogFloats", "path": ["train", "accuracy"], "values": [{"value": 14.399999999999999, "step": null, "ts": 1668210581.2600667}]}, "version": 67}
{"obj": {"type": "LogFloats", "path": ["train", "loss"], "values": [{"value": 9.600000000000001, "step": null, "ts": 1668210581.2601035}]}, "version": 68}
{"obj": {"type": "LogFloats", "path": ["train", "accuracy"], "values": [{"value": 15.0, "step": null, "ts": 1668210581.2601402}]}, "version": 69}
{"obj": {"type": "LogFloats", "path": ["train", "loss"], "values": [{"value": 10.0, "step": null, "ts": 1668210581.2601764}]}, "version": 70}
{"obj": {"type": "LogFloats", "path": ["train", "accuracy"], "values": [{"value": 15.6, "step": null, "ts": 1668210581.260213}]}, "version": 71}
{"obj": {"type": "LogFloats", "path": ["train", "loss"], "values": [{"value": 10.4, "step": null, "ts": 1668210581.2602494}]}, "version": 72}
{"obj": {"type": "LogFloats", "path": ["train", "accuracy"], "values": [{"value": 16.2, "step": null, "ts": 1668210581.2602859}]}, "version": 73}
{"obj": {"type": "LogFloats", "path": ["train", "loss"], "values": [{"value": 10.8, "step": null, "ts": 1668210581.2603226}]}, "version": 74}
{"obj": {"type": "LogFloats", "path": ["train", "accuracy"], "values": [{"value": 16.8, "step": null, "ts": 1668210581.260359}]}, "version": 75}
{"obj": {"type": "LogFloats", "path": ["train", "loss"], "values": [{"value": 11.200000000000001, "step": null, "ts": 1668210581.2603953}]}, "version": 76}
{"obj": {"type": "LogFloats", "path": ["train", "accuracy"], "values": [{"value": 17.4, "step": null, "ts": 1668210581.2604318}]}, "version": 77}
{"obj": {"type": "LogFloats", "path": ["train", "loss"], "values": [{"value": 11.600000000000001, "step": null, "ts": 1668210581.260468}]}, "version": 78}
{"obj": {"type": "LogFloats", "path": ["train", "accuracy"], "values": [{"value": 18.0, "step": null, "ts": 1668210581.2605042}]}, "version": 79}
{"obj": {"type": "LogFloats", "path": ["train", "loss"], "values": [{"value": 12.0, "step": null, "ts": 1668210581.2605402}]}, "version": 80}
{"obj": {"type": "LogFloats", "path": ["train", "accuracy"], "values": [{"value": 18.599999999999998, "step": null, "ts": 1668210581.260576}]}, "version": 81}
{"obj": {"type": "LogFloats", "path": ["train", "loss"], "values": [{"value": 12.4, "step": null, "ts": 1668210581.260612}]}, "version": 82}
{"obj": {"type": "LogFloats", "path": ["train", "accuracy"], "values": [{"value": 19.2, "step": null, "ts": 1668210581.2606483}]}, "version": 83}
{"obj": {"type": "LogFloats", "path": ["train", "loss"], "values": [{"value": 12.8, "step": null, "ts": 1668210581.2606843}]}, "version": 84}
{"obj": {"type": "LogFloats", "path": ["train", "accuracy"], "values": [{"value": 19.8, "step": null, "ts": 1668210581.2607207}]}, "version": 85}
{"obj": {"type": "LogFloats", "path": ["train", "loss"], "values": [{"value": 13.200000000000001, "step": null, "ts": 1668210581.2607565}]}, "version": 86}
{"obj": {"type": "LogFloats", "path": ["train", "accuracy"], "values": [{"value": 20.4, "step": null, "ts": 1668210581.2607927}]}, "version": 87}
{"obj": {"type": "LogFloats", "path": ["train", "loss"], "values": [{"value": 13.600000000000001, "step": null, "ts": 1668210581.2608285}]}, "version": 88}
{"obj": {"type": "LogFloats", "path": ["train", "accuracy"], "values": [{"value": 21.0, "step": null, "ts": 1668210581.2608647}]}, "version": 89}
{"obj": {"type": "LogFloats", "path": ["train", "loss"], "values": [{"value": 14.0, "step": null, "ts": 1668210581.260901}]}, "version": 90}
{"obj": {"type": "LogFloats", "path": ["train", "accuracy"], "values": [{"value": 21.599999999999998, "step": null, "ts": 1668210581.2609365}]}, "version": 91}
{"obj": {"type": "LogFloats", "path": ["train", "loss"], "values": [{"value": 14.4, "step": null, "ts": 1668210581.2609727}]}, "version": 92}
{"obj": {"type": "LogFloats", "path": ["train", "accuracy"], "values": [{"value": 22.2, "step": null, "ts": 1668210581.261009}]}, "version": 93}
{"obj": {"type": "LogFloats", "path": ["train", "loss"], "values": [{"value": 14.8, "step": null, "ts": 1668210581.2610445}]}, "version": 94}
{"obj": {"type": "LogFloats", "path": ["train", "accuracy"], "values": [{"value": 22.8, "step": null, "ts": 1668210581.2610805}]}, "version": 95}
{"obj": {"type": "LogFloats", "path": ["train", "loss"], "values": [{"value": 15.200000000000001, "step": null, "ts": 1668210581.2611167}]}, "version": 96}
{"obj": {"type": "LogFloats", "path": ["train", "accuracy"], "values": [{"value": 23.4, "step": null, "ts": 1668210581.2611537}]}, "version": 97}
{"obj": {"type": "LogFloats", "path": ["train", "loss"], "values": [{"value": 15.600000000000001, "step": null, "ts": 1668210581.26119}]}, "version": 98}
{"obj": {"type": "LogFloats", "path": ["train", "accuracy"], "values": [{"value": 24.0, "step": null, "ts": 1668210581.2612262}]}, "version": 99}
{"obj": {"type": "LogFloats", "path": ["train", "loss"], "values": [{"value": 16.0, "step": null, "ts": 1668210581.2612624}]}, "version": 100}
{"obj": {"type": "LogFloats", "path": ["train", "accuracy"], "values": [{"value": 24.599999999999998, "step": null, "ts": 1668210581.2612991}]}, "version": 101}
{"obj": {"type": "LogFloats", "path": ["train", "loss"], "values": [{"value": 16.400000000000002, "step": null, "ts": 1668210581.2613354}]}, "version": 102}
{"obj": {"type": "LogFloats", "path": ["train", "accuracy"], "values": [{"value": 25.2, "step": null, "ts": 1668210581.2613719}]}, "version": 103}
{"obj": {"type": "LogFloats", "path": ["train", "loss"], "values": [{"value": 16.8, "step": null, "ts": 1668210581.2614079}]}, "version": 104}
{"obj": {"type": "LogFloats", "path": ["train", "accuracy"], "values": [{"value": 25.8, "step": null, "ts": 1668210581.2614439}]}, "version": 105}
{"obj": {"type": "LogFloats", "path": ["train", "loss"], "values": [{"value": 17.2, "step": null, "ts": 1668210581.2614799}]}, "version": 106}
{"obj": {"type": "LogFloats", "path": ["train", "accuracy"], "values": [{"value": 26.4, "step": null, "ts": 1668210581.261516}]}, "version": 107}
{"obj": {"type": "LogFloats", "path": ["train", "loss"], "values": [{"value": 17.6, "step": null, "ts": 1668210581.261552}]}, "version": 108}
{"obj": {"type": "LogFloats", "path": ["train", "accuracy"], "values": [{"value": 27.0, "step": null, "ts": 1668210581.2615883}]}, "version": 109}
{"obj": {"type": "LogFloats", "path": ["train", "loss"], "values": [{"value": 18.0, "step": null, "ts": 1668210581.261624}]}, "version": 110}
{"obj": {"type": "LogFloats", "path": ["train", "accuracy"], "values": [{"value": 27.599999999999998, "step": null, "ts": 1668210581.26166}]}, "version": 111}
{"obj": {"type": "LogFloats", "path": ["train", "loss"], "values": [{"value": 18.400000000000002, "step": null, "ts": 1668210581.2616966}]}, "version": 112}
{"obj": {"type": "LogFloats", "path": ["train", "accuracy"], "values": [{"value": 28.2, "step": null, "ts": 1668210581.2617333}]}, "version": 113}
{"obj": {"type": "LogFloats", "path": ["train", "loss"], "values": [{"value": 18.8, "step": null, "ts": 1668210581.2617695}]}, "version": 114}
{"obj": {"type": "LogFloats", "path": ["train", "accuracy"], "values": [{"value": 28.799999999999997, "step": null, "ts": 1668210581.2618058}]}, "version": 115}
{"obj": {"type": "LogFloats", "path": ["train", "loss"], "values": [{"value": 19.200000000000003, "step": null, "ts": 1668210581.2618427}]}, "version": 116}
{"obj": {"type": "LogFloats", "path": ["train", "accuracy"], "values": [{"value": 29.4, "step": null, "ts": 1668210581.261879}]}, "version": 117}
{"obj": {"type": "LogFloats", "path": ["train", "loss"], "values": [{"value": 19.6, "step": null, "ts": 1668210581.2619152}]}, "version": 118}
{"obj": {"type": "LogFloats", "path": ["train", "accuracy"], "values": [{"value": 30.0, "step": null, "ts": 1668210581.2619634}]}, "version": 119}
{"obj": {"type": "LogFloats", "path": ["train", "loss"], "values": [{"value": 20.0, "step": null, "ts": 1668210581.2620003}]}, "version": 120}
{"obj": {"type": "LogFloats", "path": ["train", "accuracy"], "values": [{"value": 30.599999999999998, "step": null, "ts": 1668210581.262037}]}, "version": 121}
{"obj": {"type": "LogFloats", "path": ["train", "loss"], "values": [{"value": 20.400000000000002, "step": null, "ts": 1668210581.2620735}]}, "version": 122}
{"obj": {"type": "LogFloats", "path": ["train", "accuracy"], "values": [{"value": 31.2, "step": null, "ts": 1668210581.2621105}]}, "version": 123}
{"obj": {"type": "LogFloats", "path": ["train", "loss"], "values": [{"value": 20.8, "step": null, "ts": 1668210581.2621467}]}, "version": 124}
{"obj": {"type": "LogFloats", "path": ["train", "accuracy"], "values": [{"value": 31.799999999999997, "step": null, "ts": 1668210581.2621834}]}, "version": 125}
{"obj": {"type": "LogFloats", "path": ["train", "loss"], "values": [{"value": 21.200000000000003, "step": null, "ts": 1668210581.2622201}]}, "version": 126}
{"obj": {"type": "LogFloats", "path": ["train", "accuracy"], "values": [{"value": 32.4, "step": null, "ts": 1668210581.2622564}]}, "version": 127}
{"obj": {"type": "LogFloats", "path": ["train", "loss"], "values": [{"value": 21.6, "step": null, "ts": 1668210581.2622921}]}, "version": 128}
{"obj": {"type": "LogFloats", "path": ["train", "accuracy"], "values": [{"value": 33.0, "step": null, "ts": 1668210581.2623289}]}, "version": 129}
{"obj": {"type": "LogFloats", "path": ["train", "loss"], "values": [{"value": 22.0, "step": null, "ts": 1668210581.2623644}]}, "version": 130}
{"obj": {"type": "LogFloats", "path": ["train", "accuracy"], "values": [{"value": 33.6, "step": null, "ts": 1668210581.2624006}]}, "version": 131}
{"obj": {"type": "LogFloats", "path": ["train", "loss"], "values": [{"value": 22.400000000000002, "step": null, "ts": 1668210581.2624364}]}, "version": 132}
{"obj": {"type": "LogFloats", "path": ["train", "accuracy"], "values": [{"value": 34.199999999999996, "step": null, "ts": 1668210581.262473}]}, "version": 133}
{"obj": {"type": "LogFloats", "path": ["train", "loss"], "values": [{"value": 22.8, "step": null, "ts": 1668210581.2625093}]}, "version": 134}
{"obj": {"type": "LogFloats", "path": ["train", "accuracy"], "values": [{"value": 34.8, "step": null, "ts": 1668210581.2625453}]}, "version": 135}
{"obj": {"type": "LogFloats", "path": ["train", "loss"], "values": [{"value": 23.200000000000003, "step": null, "ts": 1668210581.2625818}]}, "version": 136}
{"obj": {"type": "LogFloats", "path": ["train", "accuracy"], "values": [{"value": 35.4, "step": null, "ts": 1668210581.2626183}]}, "version": 137}
{"obj": {"type": "LogFloats", "path": ["train", "loss"], "values": [{"value": 23.6, "step": null, "ts": 1668210581.2626548}]}, "version": 138}
{"obj": {"type": "LogFloats", "path": ["train", "accuracy"], "values": [{"value": 36.0, "step": null, "ts": 1668210581.262691}]}, "version": 139}
{"obj": {"type": "LogFloats", "path": ["train", "loss"], "values": [{"value": 24.0, "step": null, "ts": 1668210581.2627277}]}, "version": 140}
{"obj": {"type": "LogFloats", "path": ["train", "accuracy"], "values": [{"value": 36.6, "step": null, "ts": 1668210581.2627637}]}, "version": 141}
{"obj": {"type": "LogFloats", "path": ["train", "loss"], "values": [{"value": 24.400000000000002, "step": null, "ts": 1668210581.2628}]}, "version": 142}
{"obj": {"type": "LogFloats", "path": ["train", "accuracy"], "values": [{"value": 37.199999999999996, "step": null, "ts": 1668210581.2628398}]}, "version": 143}
{"obj": {"type": "LogFloats", "path": ["train", "loss"], "values": [{"value": 24.8, "step": null, "ts": 1668210581.2628777}]}, "version": 144}
{"obj": {"type": "LogFloats", "path": ["train", "accuracy"], "values": [{"value": 37.8, "step": null, "ts": 1668210581.2629137}]}, "version": 145}
{"obj": {"type": "LogFloats", "path": ["train", "loss"], "values": [{"value": 25.200000000000003, "step": null, "ts": 1668210581.26295}]}, "version": 146}
{"obj": {"type": "LogFloats", "path": ["train", "accuracy"], "values": [{"value": 38.4, "step": null, "ts": 1668210581.2629864}]}, "version": 147}
{"obj": {"type": "LogFloats", "path": ["train", "loss"], "values": [{"value": 25.6, "step": null, "ts": 1668210581.2630224}]}, "version": 148}
{"obj": {"type": "LogFloats", "path": ["train", "accuracy"], "values": [{"value": 39.0, "step": null, "ts": 1668210581.2630587}]}, "version": 149}
{"obj": {"type": "LogFloats", "path": ["train", "loss"], "values": [{"value": 26.0, "step": null, "ts": 1668210581.2630942}]}, "version": 150}
{"obj": {"type": "LogFloats", "path": ["train", "accuracy"], "values": [{"value": 39.6, "step": null, "ts": 1668210581.2631302}]}, "version": 151}
{"obj": {"type": "LogFloats", "path": ["train", "loss"], "values": [{"value": 26.400000000000002, "step": null, "ts": 1668210581.2631662}]}, "version": 152}
{"obj": {"type": "LogFloats", "path": ["train", "accuracy"], "values": [{"value": 40.199999999999996, "step": null, "ts": 1668210581.2632377}]}, "version": 153}
{"obj": {"type": "LogFloats", "path": ["train", "loss"], "values": [{"value": 26.8, "step": null, "ts": 1668210581.263275}]}, "version": 154}
{"obj": {"type": "LogFloats", "path": ["train", "accuracy"], "values": [{"value": 40.8, "step": null, "ts": 1668210581.2633114}]}, "version": 155}
{"obj": {"type": "LogFloats", "path": ["train", "loss"], "values": [{"value": 27.200000000000003, "step": null, "ts": 1668210581.2633471}]}, "version": 156}
{"obj": {"type": "LogFloats", "path": ["train", "accuracy"], "values": [{"value": 41.4, "step": null, "ts": 1668210581.2633836}]}, "version": 157}
{"obj": {"type": "LogFloats", "path": ["train", "loss"], "values": [{"value": 27.6, "step": null, "ts": 1668210581.2634194}]}, "version": 158}
{"obj": {"type": "LogFloats", "path": ["train", "accuracy"], "values": [{"value": 42.0, "step": null, "ts": 1668210581.2634554}]}, "version": 159}
{"obj": {"type": "LogFloats", "path": ["train", "loss"], "values": [{"value": 28.0, "step": null, "ts": 1668210581.2634916}]}, "version": 160}
{"obj": {"type": "LogFloats", "path": ["train", "accuracy"], "values": [{"value": 42.6, "step": null, "ts": 1668210581.2635274}]}, "version": 161}
{"obj": {"type": "LogFloats", "path": ["train", "loss"], "values": [{"value": 28.400000000000002, "step": null, "ts": 1668210581.2635632}]}, "version": 162}
{"obj": {"type": "LogFloats", "path": ["train", "accuracy"], "values": [{"value": 43.199999999999996, "step": null, "ts": 1668210581.2635994}]}, "version": 163}
{"obj": {"type": "LogFloats", "path": ["train", "loss"], "values": [{"value": 28.8, "step": null, "ts": 1668210581.2636359}]}, "version": 164}
{"obj": {"type": "LogFloats", "path": ["train", "accuracy"], "values": [{"value": 43.8, "step": null, "ts": 1668210581.2636726}]}, "version": 165}
{"obj": {"type": "LogFloats", "path": ["train", "loss"], "values": [{"value": 29.200000000000003, "step": null, "ts": 1668210581.263709}]}, "version": 166}
{"obj": {"type": "LogFloats", "path": ["train", "accuracy"], "values": [{"value": 44.4, "step": null, "ts": 1668210581.2637565}]}, "version": 167}
{"obj": {"type": "LogFloats", "path": ["train", "loss"], "values": [{"value": 29.6, "step": null, "ts": 1668210581.2637928}]}, "version": 168}
{"obj": {"type": "LogFloats", "path": ["train", "accuracy"], "values": [{"value": 45.0, "step": null, "ts": 1668210581.263829}]}, "version": 169}
{"obj": {"type": "LogFloats", "path": ["train", "loss"], "values": [{"value": 30.0, "step": null, "ts": 1668210581.2638648}]}, "version": 170}
{"obj": {"type": "LogFloats", "path": ["train", "accuracy"], "values": [{"value": 45.6, "step": null, "ts": 1668210581.2639012}]}, "version": 171}
{"obj": {"type": "LogFloats", "path": ["train", "loss"], "values": [{"value": 30.400000000000002, "step": null, "ts": 1668210581.2639372}]}, "version": 172}
{"obj": {"type": "LogFloats", "path": ["train", "accuracy"], "values": [{"value": 46.199999999999996, "step": null, "ts": 1668210581.2639847}]}, "version": 173}
{"obj": {"type": "LogFloats", "path": ["train", "loss"], "values": [{"value": 30.8, "step": null, "ts": 1668210581.2640228}]}, "version": 174}
{"obj": {"type": "LogFloats", "path": ["train", "accuracy"], "values": [{"value": 46.8, "step": null, "ts": 1668210581.2640595}]}, "version": 175}
{"obj": {"type": "LogFloats", "path": ["train", "loss"], "values": [{"value": 31.200000000000003, "step": null, "ts": 1668210581.2640963}]}, "version": 176}
{"obj": {"type": "LogFloats", "path": ["train", "accuracy"], "values": [{"value": 47.4, "step": null, "ts": 1668210581.2641325}]}, "version": 177}
{"obj": {"type": "LogFloats", "path": ["train", "loss"], "values": [{"value": 31.6, "step": null, "ts": 1668210581.2641687}]}, "version": 178}
{"obj": {"type": "LogFloats", "path": ["train", "accuracy"], "values": [{"value": 48.0, "step": null, "ts": 1668210581.2642052}]}, "version": 179}
{"obj": {"type": "LogFloats", "path": ["train", "loss"], "values": [{"value": 32.0, "step": null, "ts": 1668210581.2642415}]}, "version": 180}
{"obj": {"type": "LogFloats", "path": ["train", "accuracy"], "values": [{"value": 48.6, "step": null, "ts": 1668210581.2642777}]}, "version": 181}
{"obj": {"type": "LogFloats", "path": ["train", "loss"], "values": [{"value": 32.4, "step": null, "ts": 1668210581.2643142}]}, "version": 182}
{"obj": {"type": "LogFloats", "path": ["train", "accuracy"], "values": [{"value": 49.199999999999996, "step": null, "ts": 1668210581.2643502}]}, "version": 183}
{"obj": {"type": "LogFloats", "path": ["train", "loss"], "values": [{"value": 32.800000000000004, "step": null, "ts": 1668210581.2643864}]}, "version": 184}
{"obj": {"type": "LogFloats", "path": ["train", "accuracy"], "values": [{"value": 49.8, "step": null, "ts": 1668210581.264423}]}, "version": 185}
{"obj": {"type": "LogFloats", "path": ["train", "loss"], "values": [{"value": 33.2, "step": null, "ts": 1668210581.264459}]}, "version": 186}
{"obj": {"type": "LogFloats", "path": ["train", "accuracy"], "values": [{"value": 50.4, "step": null, "ts": 1668210581.2644954}]}, "version": 187}
{"obj": {"type": "LogFloats", "path": ["train", "loss"], "values": [{"value": 33.6, "step": null, "ts": 1668210581.2645314}]}, "version": 188}
{"obj": {"type": "LogFloats", "path": ["train", "accuracy"], "values": [{"value": 51.0, "step": null, "ts": 1668210581.2645676}]}, "version": 189}
{"obj": {"type": "LogFloats", "path": ["train", "loss"], "values": [{"value": 34.0, "step": null, "ts": 1668210581.2646034}]}, "version": 190}
{"obj": {"type": "LogFloats", "path": ["train", "accuracy"], "values": [{"value": 51.6, "step": null, "ts": 1668210581.2646394}]}, "version": 191}
{"obj": {"type": "LogFloats", "path": ["train", "loss"], "values": [{"value": 34.4, "step": null, "ts": 1668210581.2646759}]}, "version": 192}
{"obj": {"type": "LogFloats", "path": ["train", "accuracy"], "values": [{"value": 52.199999999999996, "step": null, "ts": 1668210581.264712}]}, "version": 193}
{"obj": {"type": "LogFloats", "path": ["train", "loss"], "values": [{"value": 34.800000000000004, "step": null, "ts": 1668210581.2647483}]}, "version": 194}
{"obj": {"type": "LogFloats", "path": ["train", "accuracy"], "values": [{"value": 52.8, "step": null, "ts": 1668210581.2647848}]}, "version": 195}
{"obj": {"type": "LogFloats", "path": ["train", "loss"], "values": [{"value": 35.2, "step": null, "ts": 1668210581.2648208}]}, "version": 196}
{"obj": {"type": "LogFloats", "path": ["train", "accuracy"], "values": [{"value": 53.4, "step": null, "ts": 1668210581.2648568}]}, "version": 197}
{"obj": {"type": "LogFloats", "path": ["train", "loss"], "values": [{"value": 35.6, "step": null, "ts": 1668210581.2648978}]}, "version": 198}
{"obj": {"type": "LogFloats", "path": ["train", "accuracy"], "values": [{"value": 54.0, "step": null, "ts": 1668210581.2649367}]}, "version": 199}
{"obj": {"type": "LogFloats", "path": ["train", "loss"], "values": [{"value": 36.0, "step": null, "ts": 1668210581.2649732}]}, "version": 200}
{"obj": {"type": "LogFloats", "path": ["train", "accuracy"], "values": [{"value": 54.6, "step": null, "ts": 1668210581.2650094}]}, "version": 201}
{"obj": {"type": "LogFloats", "path": ["train", "loss"], "values": [{"value": 36.4, "step": null, "ts": 1668210581.2650461}]}, "version": 202}
{"obj": {"type": "LogFloats", "path": ["train", "accuracy"], "values": [{"value": 55.199999999999996, "step": null, "ts": 1668210581.2650826}]}, "version": 203}
{"obj": {"type": "LogFloats", "path": ["train", "loss"], "values": [{"value": 36.800000000000004, "step": null, "ts": 1668210581.265119}]}, "version": 204}
{"obj": {"type": "LogFloats", "path": ["train", "accuracy"], "values": [{"value": 55.8, "step": null, "ts": 1668210581.2651556}]}, "version": 205}
{"obj": {"type": "LogFloats", "path": ["train", "loss"], "values": [{"value": 37.2, "step": null, "ts": 1668210581.2651925}]}, "version": 206}
{"obj": {"type": "LogFloats", "path": ["train", "accuracy"], "values": [{"value": 56.4, "step": null, "ts": 1668210581.2652287}]}, "version": 207}
{"obj": {"type": "LogFloats", "path": ["train", "loss"], "values": [{"value": 37.6, "step": null, "ts": 1668210581.2652652}]}, "version": 208}
{"obj": {"type": "LogFloats", "path": ["train", "accuracy"], "values": [{"value": 57.0, "step": null, "ts": 1668210581.265302}]}, "version": 209}
{"obj": {"type": "LogFloats", "path": ["train", "loss"], "values": [{"value": 38.0, "step": null, "ts": 1668210581.2653382}]}, "version": 210}
{"obj": {"type": "LogFloats", "path": ["train", "accuracy"], "values": [{"value": 57.599999999999994, "step": null, "ts": 1668210581.2653742}]}, "version": 211}
{"obj": {"type": "LogFloats", "path": ["train", "loss"], "values": [{"value": 38.400000000000006, "step": null, "ts": 1668210581.2654102}]}, "version": 212}
{"obj": {"type": "LogFloats", "path": ["train", "accuracy"], "values": [{"value": 58.199999999999996, "step": null, "ts": 1668210581.2654467}]}, "version": 213}
{"obj": {"type": "LogFloats", "path": ["train", "loss"], "values": [{"value": 38.800000000000004, "step": null, "ts": 1668210581.2654834}]}, "version": 214}
{"obj": {"type": "LogFloats", "path": ["train", "accuracy"], "values": [{"value": 58.8, "step": null, "ts": 1668210581.2655199}]}, "version": 215}
{"obj": {"type": "LogFloats", "path": ["train", "loss"], "values": [{"value": 39.2, "step": null, "ts": 1668210581.2655556}]}, "version": 216}
{"obj": {"type": "LogFloats", "path": ["train", "accuracy"], "values": [{"value": 59.4, "step": null, "ts": 1668210581.2655923}]}, "version": 217}
{"obj": {"type": "LogFloats", "path": ["train", "loss"], "values": [{"value": 39.6, "step": null, "ts": 1668210581.2656283}]}, "version": 218}
{"obj": {"type": "LogFloats", "path": ["train", "accuracy"], "values": [{"value": 60.0, "step": null, "ts": 1668210581.2656648}]}, "version": 219}
{"obj": {"type": "LogFloats", "path": ["train", "loss"], "values": [{"value": 40.0, "step": null, "ts": 1668210581.265701}]}, "version": 220}
{"obj": {"type": "LogFloats", "path": ["train", "accuracy"], "values": [{"value": 60.599999999999994, "step": null, "ts": 1668210581.2657373}]}, "version": 221}
{"obj": {"type": "LogFloats", "path": ["train", "loss"], "values": [{"value": 40.400000000000006, "step": null, "ts": 1668210581.2657738}]}, "version": 222}
{"obj": {"type": "LogFloats", "path": ["train", "accuracy"], "values": [{"value": 61.199999999999996, "step": null, "ts": 1668210581.2658107}]}, "version": 223}
{"obj": {"type": "LogFloats", "path": ["train", "loss"], "values": [{"value": 40.800000000000004, "step": null, "ts": 1668210581.2658494}]}, "version": 224}
{"obj": {"type": "LogFloats", "path": ["train", "accuracy"], "values": [{"value": 61.8, "step": null, "ts": 1668210581.2658856}]}, "version": 225}
{"obj": {"type": "LogFloats", "path": ["train", "loss"], "values": [{"value": 41.2, "step": null, "ts": 1668210581.2659218}]}, "version": 226}
{"obj": {"type": "LogFloats", "path": ["train", "accuracy"], "values": [{"value": 62.4, "step": null, "ts": 1668210581.2659671}]}, "version": 227}
{"obj": {"type": "LogFloats", "path": ["train", "loss"], "values": [{"value": 41.6, "step": null, "ts": 1668210581.2660043}]}, "version": 228}
{"obj": {"type": "LogFloats", "path": ["train", "accuracy"], "values": [{"value": 63.0, "step": null, "ts": 1668210581.266041}]}, "version": 229}
{"obj": {"type": "LogFloats", "path": ["train", "loss"], "values": [{"value": 42.0, "step": null, "ts": 1668210581.2660775}]}, "version": 230}
{"obj": {"type": "LogFloats", "path": ["train", "accuracy"], "values": [{"value": 63.599999999999994, "step": null, "ts": 1668210581.2661138}]}, "version": 231}
{"obj": {"type": "LogFloats", "path": ["train", "loss"], "values": [{"value": 42.400000000000006, "step": null, "ts": 1668210581.2661502}]}, "version": 232}
{"obj": {"type": "LogFloats", "path": ["train", "accuracy"], "values": [{"value": 64.2, "step": null, "ts": 1668210581.266187}]}, "version": 233}
{"obj": {"type": "LogFloats", "path": ["train", "loss"], "values": [{"value": 42.800000000000004, "step": null, "ts": 1668210581.2662234}]}, "version": 234}
{"obj": {"type": "LogFloats", "path": ["train", "accuracy"], "values": [{"value": 64.8, "step": null, "ts": 1668210581.2662604}]}, "version": 235}
{"obj": {"type": "LogFloats", "path": ["train", "loss"], "values": [{"value": 43.2, "step": null, "ts": 1668210581.2662966}]}, "version": 236}
{"obj": {"type": "LogFloats", "path": ["train", "accuracy"], "values": [{"value": 65.39999999999999, "step": null, "ts": 1668210581.2663326}]}, "version": 237}
{"obj": {"type": "LogFloats", "path": ["train", "loss"], "values": [{"value": 43.6, "step": null, "ts": 1668210581.266369}]}, "version": 238}
{"obj": {"type": "LogFloats", "path": ["train", "accuracy"], "values": [{"value": 66.0, "step": null, "ts": 1668210581.2664056}]}, "version": 239}
{"obj": {"type": "LogFloats", "path": ["train", "loss"], "values": [{"value": 44.0, "step": null, "ts": 1668210581.2664418}]}, "version": 240}
{"obj": {"type": "LogFloats", "path": ["train", "accuracy"], "values": [{"value": 66.6, "step": null, "ts": 1668210581.2664776}]}, "version": 241}
{"obj": {"type": "LogFloats", "path": ["train", "loss"], "values": [{"value": 44.400000000000006, "step": null, "ts": 1668210581.2665136}]}, "version": 242}
{"obj": {"type": "LogFloats", "path": ["train", "accuracy"], "values": [{"value": 67.2, "step": null, "ts": 1668210581.2665505}]}, "version": 243}
{"obj": {"type": "LogFloats", "path": ["train", "loss"], "values": [{"value": 44.800000000000004, "step": null, "ts": 1668210581.2665865}]}, "version": 244}
{"obj": {"type": "LogFloats", "path": ["train", "accuracy"], "values": [{"value": 67.8, "step": null, "ts": 1668210581.2666233}]}, "version": 245}
{"obj": {"type": "LogFloats", "path": ["train", "loss"], "values": [{"value": 45.2, "step": null, "ts": 1668210581.266659}]}, "version": 246}
{"obj": {"type": "LogFloats", "path": ["train", "accuracy"], "values": [{"value": 68.39999999999999, "step": null, "ts": 1668210581.2666953}]}, "version": 247}
{"obj": {"type": "LogFloats", "path": ["train", "loss"], "values": [{"value": 45.6, "step": null, "ts": 1668210581.2667315}]}, "version": 248}
{"obj": {"type": "LogFloats", "path": ["train", "accuracy"], "values": [{"value": 69.0, "step": null, "ts": 1668210581.2667682}]}, "version": 249}
{"obj": {"type": "LogFloats", "path": ["train", "loss"], "values": [{"value": 46.0, "step": null, "ts": 1668210581.266804}]}, "version": 250}
{"obj": {"type": "LogFloats", "path": ["train", "accuracy"], "values": [{"value": 69.6, "step": null, "ts": 1668210581.2668402}]}, "version": 251}
{"obj": {"type": "LogFloats", "path": ["train", "loss"], "values": [{"value": 46.400000000000006, "step": null, "ts": 1668210581.2668765}]}, "version": 252}
{"obj": {"type": "LogFloats", "path": ["train", "accuracy"], "values": [{"value": 70.2, "step": null, "ts": 1668210581.2669127}]}, "version": 253}
{"obj": {"type": "LogFloats", "path": ["train", "loss"], "values": [{"value": 46.800000000000004, "step": null, "ts": 1668210581.2669487}]}, "version": 254}
{"obj": {"type": "LogFloats", "path": ["train", "accuracy"], "values": [{"value": 70.8, "step": null, "ts": 1668210581.2669854}]}, "version": 255}
{"obj": {"type": "LogFloats", "path": ["train", "loss"], "values": [{"value": 47.2, "step": null, "ts": 1668210581.2670217}]}, "version": 256}
{"obj": {"type": "LogFloats", "path": ["train", "accuracy"], "values": [{"value": 71.39999999999999, "step": null, "ts": 1668210581.267058}]}, "version": 257}
{"obj": {"type": "LogFloats", "path": ["train", "loss"], "values": [{"value": 47.6, "step": null, "ts": 1668210581.2670946}]}, "version": 258}
{"obj": {"type": "LogFloats", "path": ["train", "accuracy"], "values": [{"value": 72.0, "step": null, "ts": 1668210581.2671313}]}, "version": 259}
{"obj": {"type": "LogFloats", "path": ["train", "loss"], "values": [{"value": 48.0, "step": null, "ts": 1668210581.2671707}]}, "version": 260}
{"obj": {"type": "LogFloats", "path": ["train", "accuracy"], "values": [{"value": 72.6, "step": null, "ts": 1668210581.267208}]}, "version": 261}
{"obj": {"type": "LogFloats", "path": ["train", "loss"], "values": [{"value": 48.400000000000006, "step": null, "ts": 1668210581.2672446}]}, "version": 262}
{"obj": {"type": "LogFloats", "path": ["train", "accuracy"], "values": [{"value": 73.2, "step": null, "ts": 1668210581.2672813}]}, "version": 263}
{"obj": {"type": "LogFloats", "path": ["train", "loss"], "values": [{"value": 48.800000000000004, "step": null, "ts": 1668210581.267318}]}, "version": 264}
{"obj": {"type": "LogFloats", "path": ["train", "accuracy"], "values": [{"value": 73.8, "step": null, "ts": 1668210581.2673547}]}, "version": 265}
{"obj": {"type": "LogFloats", "path": ["train", "loss"], "values": [{"value": 49.2, "step": null, "ts": 1668210581.2673965}]}, "version": 266}
{"obj": {"type": "LogFloats", "path": ["train", "accuracy"], "values": [{"value": 74.39999999999999, "step": null, "ts": 1668210581.2674363}]}, "version": 267}
{"obj": {"type": "LogFloats", "path": ["train", "loss"], "values": [{"value": 49.6, "step": null, "ts": 1668210581.2674732}]}, "version": 268}
{"obj": {"type": "LogFloats", "path": ["train", "accuracy"], "values": [{"value": 75.0, "step": null, "ts": 1668210581.2675116}]}, "version": 269}
{"obj": {"type": "LogFloats", "path": ["train", "loss"], "values": [{"value": 50.0, "step": null, "ts": 1668210581.2675478}]}, "version": 270}
{"obj": {"type": "LogFloats", "path": ["train", "accuracy"], "values": [{"value": 75.6, "step": null, "ts": 1668210581.2675848}]}, "version": 271}
{"obj": {"type": "LogFloats", "path": ["train", "loss"], "values": [{"value": 50.400000000000006, "step": null, "ts": 1668210581.2676208}]}, "version": 272}
{"obj": {"type": "LogFloats", "path": ["train", "accuracy"], "values": [{"value": 76.2, "step": null, "ts": 1668210581.2676578}]}, "version": 273}
{"obj": {"type": "LogFloats", "path": ["train", "loss"], "values": [{"value": 50.800000000000004, "step": null, "ts": 1668210581.2676945}]}, "version": 274}
{"obj": {"type": "LogFloats", "path": ["train", "accuracy"], "values": [{"value": 76.8, "step": null, "ts": 1668210581.2677317}]}, "version": 275}
{"obj": {"type": "LogFloats", "path": ["train", "loss"], "values": [{"value": 51.2, "step": null, "ts": 1668210581.2677686}]}, "version": 276}
{"obj": {"type": "LogFloats", "path": ["train", "accuracy"], "values": [{"value": 77.39999999999999, "step": null, "ts": 1668210581.2678053}]}, "version": 277}
{"obj": {"type": "LogFloats", "path": ["train", "loss"], "values": [{"value": 51.6, "step": null, "ts": 1668210581.2678425}]}, "version": 278}
{"obj": {"type": "LogFloats", "path": ["train", "accuracy"], "values": [{"value": 78.0, "step": null, "ts": 1668210581.26788}]}, "version": 279}
{"obj": {"type": "LogFloats", "path": ["train", "loss"], "values": [{"value": 52.0, "step": null, "ts": 1668210581.2679162}]}, "version": 280}
{"obj": {"type": "LogFloats", "path": ["train", "accuracy"], "values": [{"value": 78.6, "step": null, "ts": 1668210581.2679532}]}, "version": 281}
{"obj": {"type": "LogFloats", "path": ["train", "loss"], "values": [{"value": 52.400000000000006, "step": null, "ts": 1668210581.2680004}]}, "version": 282}
{"obj": {"type": "LogFloats", "path": ["train", "accuracy"], "values": [{"value": 79.2, "step": null, "ts": 1668210581.2680385}]}, "version": 283}
{"obj": {"type": "LogFloats", "path": ["train", "loss"], "values": [{"value": 52.800000000000004, "step": null, "ts": 1668210581.268075}]}, "version": 284}
{"obj": {"type": "LogFloats", "path": ["train", "accuracy"], "values": [{"value": 79.8, "step": null, "ts": 1668210581.2681122}]}, "version": 285}
{"obj": {"type": "LogFloats", "path": ["train", "loss"], "values": [{"value": 53.2, "step": null, "ts": 1668210581.268149}]}, "version": 286}
{"obj": {"type": "LogFloats", "path": ["train", "accuracy"], "values": [{"value": 80.39999999999999, "step": null, "ts": 1668210581.2681859}]}, "version": 287}
{"obj": {"type": "LogFloats", "path": ["train", "loss"], "values": [{"value": 53.6, "step": null, "ts": 1668210581.268223}]}, "version": 288}
{"obj": {"type": "LogFloats", "path": ["train", "accuracy"], "values": [{"value": 81.0, "step": null, "ts": 1668210581.26826}]}, "version": 289}
{"obj": {"type": "LogFloats", "path": ["train", "loss"], "values": [{"value": 54.0, "step": null, "ts": 1668210581.2682967}]}, "version": 290}
{"obj": {"type": "LogFloats", "path": ["train", "accuracy"], "values": [{"value": 81.6, "step": null, "ts": 1668210581.268334}]}, "version": 291}
{"obj": {"type": "LogFloats", "path": ["train", "loss"], "values": [{"value": 54.400000000000006, "step": null, "ts": 1668210581.2683702}]}, "version": 292}
{"obj": {"type": "LogFloats", "path": ["train", "accuracy"], "values": [{"value": 82.2, "step": null, "ts": 1668210581.2684076}]}, "version": 293}
{"obj": {"type": "LogFloats", "path": ["train", "loss"], "values": [{"value": 54.800000000000004, "step": null, "ts": 1668210581.268444}]}, "version": 294}
{"obj": {"type": "LogFloats", "path": ["train", "accuracy"], "values": [{"value": 82.8, "step": null, "ts": 1668210581.268481}]}, "version": 295}
{"obj": {"type": "LogFloats", "path": ["train", "loss"], "values": [{"value": 55.2, "step": null, "ts": 1668210581.268518}]}, "version": 296}
{"obj": {"type": "LogFloats", "path": ["train", "accuracy"], "values": [{"value": 83.39999999999999, "step": null, "ts": 1668210581.2685544}]}, "version": 297}
{"obj": {"type": "LogFloats", "path": ["train", "loss"], "values": [{"value": 55.6, "step": null, "ts": 1668210581.2685921}]}, "version": 298}
{"obj": {"type": "LogFloats", "path": ["train", "accuracy"], "values": [{"value": 84.0, "step": null, "ts": 1668210581.2686288}]}, "version": 299}
{"obj": {"type": "LogFloats", "path": ["train", "loss"], "values": [{"value": 56.0, "step": null, "ts": 1668210581.2686653}]}, "version": 300}
{"obj": {"type": "LogFloats", "path": ["train", "accuracy"], "values": [{"value": 84.6, "step": null, "ts": 1668210581.2687023}]}, "version": 301}
{"obj": {"type": "LogFloats", "path": ["train", "loss"], "values": [{"value": 56.400000000000006, "step": null, "ts": 1668210581.2687383}]}, "version": 302}
{"obj": {"type": "LogFloats", "path": ["train", "accuracy"], "values": [{"value": 85.2, "step": null, "ts": 1668210581.268775}]}, "version": 303}
{"obj": {"type": "LogFloats", "path": ["train", "loss"], "values": [{"value": 56.800000000000004, "step": null, "ts": 1668210581.2688117}]}, "version": 304}
{"obj": {"type": "LogFloats", "path": ["train", "accuracy"], "values": [{"value": 85.8, "step": null, "ts": 1668210581.2688487}]}, "version": 305}
{"obj": {"type": "LogFloats", "path": ["train", "loss"], "values": [{"value": 57.2, "step": null, "ts": 1668210581.2688859}]}, "version": 306}
{"obj": {"type": "LogFloats", "path": ["train", "accuracy"], "values": [{"value": 86.39999999999999, "step": null, "ts": 1668210581.268925}]}, "version": 307}
{"obj": {"type": "LogFloats", "path": ["train", "loss"], "values": [{"value": 57.6, "step": null, "ts": 1668210581.2689612}]}, "version": 308}
{"obj": {"type": "LogFloats", "path": ["train", "accuracy"], "values": [{"value": 87.0, "step": null, "ts": 1668210581.268998}]}, "version": 309}
{"obj": {"type": "LogFloats", "path": ["train", "loss"], "values": [{"value": 58.0, "step": null, "ts": 1668210581.2690341}]}, "version": 310}
{"obj": {"type": "LogFloats", "path": ["train", "accuracy"], "values": [{"value": 87.6, "step": null, "ts": 1668210581.2690709}]}, "version": 311}
{"obj": {"type": "LogFloats", "path": ["train", "loss"], "values": [{"value": 58.400000000000006, "step": null, "ts": 1668210581.2691073}]}, "version": 312}
{"obj": {"type": "LogFloats", "path": ["train", "accuracy"], "values": [{"value": 88.2, "step": null, "ts": 1668210581.2691445}]}, "version": 313}
{"obj": {"type": "LogFloats", "path": ["train", "loss"], "values": [{"value": 58.800000000000004, "step": null, "ts": 1668210581.269181}]}, "version": 314}
{"obj": {"type": "LogFloats", "path": ["train", "accuracy"], "values": [{"value": 88.8, "step": null, "ts": 1668210581.2692175}]}, "version": 315}
{"obj": {"type": "LogFloats", "path": ["train", "loss"], "values": [{"value": 59.2, "step": null, "ts": 1668210581.269254}]}, "version": 316}
{"obj": {"type": "LogFloats", "path": ["train", "accuracy"], "values": [{"value": 89.39999999999999, "step": null, "ts": 1668210581.2692907}]}, "version": 317}
{"obj": {"type": "LogFloats", "path": ["train", "loss"], "values": [{"value": 59.6, "step": null, "ts": 1668210581.2693279}]}, "version": 318}
{"obj": {"type": "LogFloats", "path": ["train", "accuracy"], "values": [{"value": 90.0, "step": null, "ts": 1668210581.269364}]}, "version": 319}
{"obj": {"type": "LogFloats", "path": ["train", "loss"], "values": [{"value": 60.0, "step": null, "ts": 1668210581.2694008}]}, "version": 320}
{"obj": {"type": "LogFloats", "path": ["train", "accuracy"], "values": [{"value": 90.6, "step": null, "ts": 1668210581.269437}]}, "version": 321}
{"obj": {"type": "LogFloats", "path": ["train", "loss"], "values": [{"value": 60.400000000000006, "step": null, "ts": 1668210581.2694733}]}, "version": 322}
{"obj": {"type": "LogFloats", "path": ["train", "accuracy"], "values": [{"value": 91.2, "step": null, "ts": 1668210581.2695105}]}, "version": 323}
{"obj": {"type": "LogFloats", "path": ["train", "loss"], "values": [{"value": 60.800000000000004, "step": null, "ts": 1668210581.2695465}]}, "version": 324}
{"obj": {"type": "LogFloats", "path": ["train", "accuracy"], "values": [{"value": 91.8, "step": null, "ts": 1668210581.269584}]}, "version": 325}
{"obj": {"type": "LogFloats", "path": ["train", "loss"], "values": [{"value": 61.2, "step": null, "ts": 1668210581.26962}]}, "version": 326}
{"obj": {"type": "LogFloats", "path": ["train", "accuracy"], "values": [{"value": 92.39999999999999, "step": null, "ts": 1668210581.2696562}]}, "version": 327}
{"obj": {"type": "LogFloats", "path": ["train", "loss"], "values": [{"value": 61.6, "step": null, "ts": 1668210581.2696922}]}, "version": 328}
{"obj": {"type": "LogFloats", "path": ["train", "accuracy"], "values": [{"value": 93.0, "step": null, "ts": 1668210581.2697284}]}, "version": 329}
{"obj": {"type": "LogFloats", "path": ["train", "loss"], "values": [{"value": 62.0, "step": null, "ts": 1668210581.2697647}]}, "version": 330}
{"obj": {"type": "LogFloats", "path": ["train", "accuracy"], "values": [{"value": 93.6, "step": null, "ts": 1668210581.269801}]}, "version": 331}
{"obj": {"type": "LogFloats", "path": ["train", "loss"], "values": [{"value": 62.400000000000006, "step": null, "ts": 1668210581.2698379}]}, "version": 332}
{"obj": {"type": "LogFloats", "path": ["train", "accuracy"], "values": [{"value": 94.2, "step": null, "ts": 1668210581.2698743}]}, "version": 333}
{"obj": {"type": "LogFloats", "path": ["train", "loss"], "values": [{"value": 62.800000000000004, "step": null, "ts": 1668210581.269911}]}, "version": 334}
{"obj": {"type": "LogFloats", "path": ["train", "accuracy"], "values": [{"value": 94.8, "step": null, "ts": 1668210581.269948}]}, "version": 335}
{"obj": {"type": "LogFloats", "path": ["train", "loss"], "values": [{"value": 63.2, "step": null, "ts": 1668210581.2699842}]}, "version": 336}
{"obj": {"type": "LogFloats", "path": ["train", "accuracy"], "values": [{"value": 95.39999999999999, "step": null, "ts": 1668210581.27003}]}, "version": 337}
{"obj": {"type": "LogFloats", "path": ["train", "loss"], "values": [{"value": 63.6, "step": null, "ts": 1668210581.270068}]}, "version": 338}
{"obj": {"type": "LogFloats", "path": ["train", "accuracy"], "values": [{"value": 96.0, "step": null, "ts": 1668210581.270105}]}, "version": 339}
{"obj": {"type": "LogFloats", "path": ["train", "loss"], "values": [{"value": 64.0, "step": null, "ts": 1668210581.2701414}]}, "version": 340}
{"obj": {"type": "LogFloats", "path": ["train", "accuracy"], "values": [{"value": 96.6, "step": null, "ts": 1668210581.2701783}]}, "version": 341}
{"obj": {"type": "LogFloats", "path": ["train", "loss"], "values": [{"value": 64.4, "step": null, "ts": 1668210581.2702153}]}, "version": 342}
{"obj": {"type": "LogFloats", "path": ["train", "accuracy"], "values": [{"value": 97.2, "step": null, "ts": 1668210581.2702522}]}, "version": 343}
{"obj": {"type": "LogFloats", "path": ["train", "loss"], "values": [{"value": 64.8, "step": null, "ts": 1668210581.2702894}]}, "version": 344}
{"obj": {"type": "LogFloats", "path": ["train", "accuracy"], "values": [{"value": 97.8, "step": null, "ts": 1668210581.270326}]}, "version": 345}
{"obj": {"type": "LogFloats", "path": ["train", "loss"], "values": [{"value": 65.2, "step": null, "ts": 1668210581.2703624}]}, "version": 346}
{"obj": {"type": "LogFloats", "path": ["train", "accuracy"], "values": [{"value": 98.39999999999999, "step": null, "ts": 1668210581.270399}]}, "version": 347}
{"obj": {"type": "LogFloats", "path": ["train", "loss"], "values": [{"value": 65.60000000000001, "step": null, "ts": 1668210581.270436}]}, "version": 348}
{"obj": {"type": "LogFloats", "path": ["train", "accuracy"], "values": [{"value": 99.0, "step": null, "ts": 1668210581.2704728}]}, "version": 349}
{"obj": {"type": "LogFloats", "path": ["train", "loss"], "values": [{"value": 66.0, "step": null, "ts": 1668210581.2705095}]}, "version": 350}
{"obj": {"type": "LogFloats", "path": ["train", "accuracy"], "values": [{"value": 99.6, "step": null, "ts": 1668210581.2705457}]}, "version": 351}
{"obj": {"type": "LogFloats", "path": ["train", "loss"], "values": [{"value": 66.4, "step": null, "ts": 1668210581.2705817}]}, "version": 352}
{"obj": {"type": "LogFloats", "path": ["train", "accuracy"], "values": [{"value": 100.2, "step": null, "ts": 1668210581.2706184}]}, "version": 353}
{"obj": {"type": "LogFloats", "path": ["train", "loss"], "values": [{"value": 66.8, "step": null, "ts": 1668210581.2706552}]}, "version": 354}
{"obj": {"type": "LogFloats", "path": ["train", "accuracy"], "values": [{"value": 100.8, "step": null, "ts": 1668210581.2706919}]}, "version": 355}
{"obj": {"type": "LogFloats", "path": ["train", "loss"], "values": [{"value": 67.2, "step": null, "ts": 1668210581.2707283}]}, "version": 356}
{"obj": {"type": "LogFloats", "path": ["train", "accuracy"], "values": [{"value": 101.39999999999999, "step": null, "ts": 1668210581.2707653}]}, "version": 357}
{"obj": {"type": "LogFloats", "path": ["train", "loss"], "values": [{"value": 67.60000000000001, "step": null, "ts": 1668210581.2708023}]}, "version": 358}
{"obj": {"type": "LogFloats", "path": ["train", "accuracy"], "values": [{"value": 102.0, "step": null, "ts": 1668210581.270839}]}, "version": 359}
{"obj": {"type": "LogFloats", "path": ["train", "loss"], "values": [{"value": 68.0, "step": null, "ts": 1668210581.2708755}]}, "version": 360}
{"obj": {"type": "LogFloats", "path": ["train", "accuracy"], "values": [{"value": 102.6, "step": null, "ts": 1668210581.2709117}]}, "version": 361}
{"obj": {"type": "LogFloats", "path": ["train", "loss"], "values": [{"value": 68.4, "step": null, "ts": 1668210581.2709484}]}, "version": 362}
{"obj": {"type": "LogFloats", "path": ["train", "accuracy"], "values": [{"value": 103.2, "step": null, "ts": 1668210581.270985}]}, "version": 363}
{"obj": {"type": "LogFloats", "path": ["train", "loss"], "values": [{"value": 68.8, "step": null, "ts": 1668210581.2710218}]}, "version": 364}
{"obj": {"type": "LogFloats", "path": ["train", "accuracy"], "values": [{"value": 103.8, "step": null, "ts": 1668210581.2710583}]}, "version": 365}
{"obj": {"type": "LogFloats", "path": ["train", "loss"], "values": [{"value": 69.2, "step": null, "ts": 1668210581.271095}]}, "version": 366}
{"obj": {"type": "LogFloats", "path": ["train", "accuracy"], "values": [{"value": 104.39999999999999, "step": null, "ts": 1668210581.271131}]}, "version": 367}
{"obj": {"type": "LogFloats", "path": ["train", "loss"], "values": [{"value": 69.60000000000001, "step": null, "ts": 1668210581.2711718}]}, "version": 368}
{"obj": {"type": "LogFloats", "path": ["train", "accuracy"], "values": [{"value": 105.0, "step": null, "ts": 1668210581.2712185}]}, "version": 369}
{"obj": {"type": "LogFloats", "path": ["train", "loss"], "values": [{"value": 70.0, "step": null, "ts": 1668210581.2712557}]}, "version": 370}
{"obj": {"type": "LogFloats", "path": ["train", "accuracy"], "values": [{"value": 105.6, "step": null, "ts": 1668210581.271293}]}, "version": 371}
{"obj": {"type": "LogFloats", "path": ["train", "loss"], "values": [{"value": 70.4, "step": null, "ts": 1668210581.2713296}]}, "version": 372}
{"obj": {"type": "LogFloats", "path": ["train", "accuracy"], "values": [{"value": 106.2, "step": null, "ts": 1668210581.2713685}]}, "version": 373}
{"obj": {"type": "LogFloats", "path": ["train", "loss"], "values": [{"value": 70.8, "step": null, "ts": 1668210581.2714107}]}, "version": 374}
{"obj": {"type": "LogFloats", "path": ["train", "accuracy"], "values": [{"value": 106.8, "step": null, "ts": 1668210581.271448}]}, "version": 375}
{"obj": {"type": "LogFloats", "path": ["train", "loss"], "values": [{"value": 71.2, "step": null, "ts": 1668210581.2714844}]}, "version": 376}
{"obj": {"type": "LogFloats", "path": ["train", "accuracy"], "values": [{"value": 107.39999999999999, "step": null, "ts": 1668210581.2715216}]}, "version": 377}
{"obj": {"type": "LogFloats", "path": ["train", "loss"], "values": [{"value": 71.60000000000001, "step": null, "ts": 1668210581.2715588}]}, "version": 378}
{"obj": {"type": "LogFloats", "path": ["train", "accuracy"], "values": [{"value": 108.0, "step": null, "ts": 1668210581.271596}]}, "version": 379}
{"obj": {"type": "LogFloats", "path": ["train", "loss"], "values": [{"value": 72.0, "step": null, "ts": 1668210581.2716327}]}, "version": 380}
{"obj": {"type": "LogFloats", "path": ["train", "accuracy"], "values": [{"value": 108.6, "step": null, "ts": 1668210581.2716694}]}, "version": 381}
{"obj": {"type": "LogFloats", "path": ["train", "loss"], "values": [{"value": 72.4, "step": null, "ts": 1668210581.271706}]}, "version": 382}
{"obj": {"type": "LogFloats", "path": ["train", "accuracy"], "values": [{"value": 109.2, "step": null, "ts": 1668210581.2717435}]}, "version": 383}
{"obj": {"type": "LogFloats", "path": ["train", "loss"], "values": [{"value": 72.8, "step": null, "ts": 1668210581.2717805}]}, "version": 384}
{"obj": {"type": "LogFloats", "path": ["train", "accuracy"], "values": [{"value": 109.8, "step": null, "ts": 1668210581.2718174}]}, "version": 385}
{"obj": {"type": "LogFloats", "path": ["train", "loss"], "values": [{"value": 73.2, "step": null, "ts": 1668210581.2718544}]}, "version": 386}
{"obj": {"type": "LogFloats", "path": ["train", "accuracy"], "values": [{"value": 110.39999999999999, "step": null, "ts": 1668210581.2718916}]}, "version": 387}
{"obj": {"type": "LogFloats", "path": ["train", "loss"], "values": [{"value": 73.60000000000001, "step": null, "ts": 1668210581.271929}]}, "version": 388}
{"obj": {"type": "LogFloats", "path": ["train", "accuracy"], "values": [{"value": 111.0, "step": null, "ts": 1668210581.2719662}]}, "version": 389}
{"obj": {"type": "LogFloats", "path": ["train", "loss"], "values": [{"value": 74.0, "step": null, "ts": 1668210581.2720034}]}, "version": 390}
{"obj": {"type": "LogFloats", "path": ["train", "accuracy"], "values": [{"value": 111.6, "step": null, "ts": 1668210581.2720404}]}, "version": 391}
{"obj": {"type": "LogFloats", "path": ["train", "loss"], "values": [{"value": 74.4, "step": null, "ts": 1668210581.2720876}]}, "version": 392}
{"obj": {"type": "LogFloats", "path": ["train", "accuracy"], "values": [{"value": 112.2, "step": null, "ts": 1668210581.2721257}]}, "version": 393}
{"obj": {"type": "LogFloats", "path": ["train", "loss"], "values": [{"value": 74.8, "step": null, "ts": 1668210581.2721632}]}, "version": 394}
{"obj": {"type": "LogFloats", "path": ["train", "accuracy"], "values": [{"value": 112.8, "step": null, "ts": 1668210581.2722}]}, "version": 395}
{"obj": {"type": "LogFloats", "path": ["train", "loss"], "values": [{"value": 75.2, "step": null, "ts": 1668210581.2722373}]}, "version": 396}
{"obj": {"type": "LogFloats", "path": ["train", "accuracy"], "values": [{"value": 113.39999999999999, "step": null, "ts": 1668210581.2722745}]}, "version": 397}
{"obj": {"type": "LogFloats", "path": ["train", "loss"], "values": [{"value": 75.60000000000001, "step": null, "ts": 1668210581.272312}]}, "version": 398}
{"obj": {"type": "LogFloats", "path": ["train", "accuracy"], "values": [{"value": 114.0, "step": null, "ts": 1668210581.2723496}]}, "version": 399}
{"obj": {"type": "LogFloats", "path": ["train", "loss"], "values": [{"value": 76.0, "step": null, "ts": 1668210581.2723863}]}, "version": 400}
{"obj": {"type": "LogFloats", "path": ["train", "accuracy"], "values": [{"value": 114.6, "step": null, "ts": 1668210581.2724233}]}, "version": 401}
{"obj": {"type": "LogFloats", "path": ["train", "loss"], "values": [{"value": 76.4, "step": null, "ts": 1668210581.2724607}]}, "version": 402}
{"obj": {"type": "LogFloats", "path": ["train", "accuracy"], "values": [{"value": 115.19999999999999, "step": null, "ts": 1668210581.2724977}]}, "version": 403}
{"obj": {"type": "LogFloats", "path": ["train", "loss"], "values": [{"value": 76.80000000000001, "step": null, "ts": 1668210581.272535}]}, "version": 404}
{"obj": {"type": "LogFloats", "path": ["train", "accuracy"], "values": [{"value": 115.8, "step": null, "ts": 1668210581.2725723}]}, "version": 405}
{"obj": {"type": "LogFloats", "path": ["train", "loss"], "values": [{"value": 77.2, "step": null, "ts": 1668210581.2726088}]}, "version": 406}
{"obj": {"type": "LogFloats", "path": ["train", "accuracy"], "values": [{"value": 116.39999999999999, "step": null, "ts": 1668210581.2726457}]}, "version": 407}
{"obj": {"type": "LogFloats", "path": ["train", "loss"], "values": [{"value": 77.60000000000001, "step": null, "ts": 1668210581.2726822}]}, "version": 408}
{"obj": {"type": "LogFloats", "path": ["train", "accuracy"], "values": [{"value": 117.0, "step": null, "ts": 1668210581.2727194}]}, "version": 409}
{"obj": {"type": "LogFloats", "path": ["train", "loss"], "values": [{"value": 78.0, "step": null, "ts": 1668210581.2727563}]}, "version": 410}
{"obj": {"type": "LogFloats", "path": ["train", "accuracy"], "values": [{"value": 117.6, "step": null, "ts": 1668210581.272793}]}, "version": 411}
{"obj": {"type": "LogFloats", "path": ["train", "loss"], "values": [{"value": 78.4, "step": null, "ts": 1668210581.2728298}]}, "version": 412}
{"obj": {"type": "LogFloats", "path": ["train", "accuracy"], "values": [{"value": 118.19999999999999, "step": null, "ts": 1668210581.2728665}]}, "version": 413}
{"obj": {"type": "LogFloats", "path": ["train", "loss"], "values": [{"value": 78.80000000000001, "step": null, "ts": 1668210581.2729044}]}, "version": 414}
{"obj": {"type": "LogFloats", "path": ["train", "accuracy"], "values": [{"value": 118.8, "step": null, "ts": 1668210581.2729433}]}, "version": 415}
{"obj": {"type": "LogFloats", "path": ["train", "loss"], "values": [{"value": 79.2, "step": null, "ts": 1668210581.2729797}]}, "version": 416}
{"obj": {"type": "LogFloats", "path": ["train", "accuracy"], "values": [{"value": 119.39999999999999, "step": null, "ts": 1668210581.273016}]}, "version": 417}
{"obj": {"type": "LogFloats", "path": ["train", "loss"], "values": [{"value": 79.60000000000001, "step": null, "ts": 1668210581.273053}]}, "version": 418}
{"obj": {"type": "LogStrings", "path": ["monitoring", "stdout"], "values": [{"value": "1", "step": null, "ts": 1668210581.2774909}]}, "version": 419}
{"obj": {"type": "LogStrings", "path": ["monitoring", "stdout"], "values": [{"value": " ", "step": null, "ts": 1668210581.277726}]}, "version": 420}
{"obj": {"type": "LogStrings", "path": ["monitoring", "stdout"], "values": [{"value": "Physical GPUs,", "step": null, "ts": 1668210581.2779307}]}, "version": 421}
{"obj": {"type": "LogStrings", "path": ["monitoring", "stdout"], "values": [{"value": " ", "step": null, "ts": 1668210581.278127}]}, "version": 422}
{"obj": {"type": "LogStrings", "path": ["monitoring", "stdout"], "values": [{"value": "1", "step": null, "ts": 1668210581.278327}]}, "version": 423}
{"obj": {"type": "LogStrings", "path": ["monitoring", "stdout"], "values": [{"value": " ", "step": null, "ts": 1668210581.2785199}]}, "version": 424}
{"obj": {"type": "LogStrings", "path": ["monitoring", "stdout"], "values": [{"value": "Logical GPUs", "step": null, "ts": 1668210581.2787147}]}, "version": 425}
{"obj": {"type": "LogStrings", "path": ["monitoring", "stdout"], "values": [{"value": "\n", "step": null, "ts": 1668210581.2789097}]}, "version": 426}
{"obj": {"type": "LogFloats", "path": ["monitoring", "cpu"], "values": [{"value": 1.3, "step": null, "ts": 1668210591.2584937}]}, "version": 427}
{"obj": {"type": "LogFloats", "path": ["monitoring", "memory"], "values": [{"value": 19.868412017822266, "step": null, "ts": 1668210591.2584937}]}, "version": 428}
{"obj": {"type": "LogFloats", "path": ["monitoring", "gpu_memory"], "values": [{"value": 6.6597900390625, "step": null, "ts": 1668210591.2584937}]}, "version": 429}
{"obj": {"type": "LogFloats", "path": ["monitoring", "cpu"], "values": [{"value": 0.8, "step": null, "ts": 1668210601.2600818}]}, "version": 430}
{"obj": {"type": "LogFloats", "path": ["monitoring", "memory"], "values": [{"value": 19.861766815185547, "step": null, "ts": 1668210601.2600818}]}, "version": 431}
{"obj": {"type": "LogFloats", "path": ["monitoring", "gpu_memory"], "values": [{"value": 6.6597900390625, "step": null, "ts": 1668210601.2600818}]}, "version": 432}
{"obj": {"type": "LogFloats", "path": ["monitoring", "cpu"], "values": [{"value": 1.3, "step": null, "ts": 1668210611.262092}]}, "version": 433}
{"obj": {"type": "LogFloats", "path": ["monitoring", "memory"], "values": [{"value": 19.85871124267578, "step": null, "ts": 1668210611.262092}]}, "version": 434}
{"obj": {"type": "LogFloats", "path": ["monitoring", "gpu_memory"], "values": [{"value": 6.6597900390625, "step": null, "ts": 1668210611.262092}]}, "version": 435}
{"obj": {"type": "LogFloats", "path": ["monitoring", "cpu"], "values": [{"value": 1.3, "step": null, "ts": 1668210621.263939}]}, "version": 436}
{"obj": {"type": "LogFloats", "path": ["monitoring", "memory"], "values": [{"value": 19.861618041992188, "step": null, "ts": 1668210621.263939}]}, "version": 437}
{"obj": {"type": "LogFloats", "path": ["monitoring", "gpu_memory"], "values": [{"value": 6.6597900390625, "step": null, "ts": 1668210621.263939}]}, "version": 438}
{"obj": {"type": "LogFloats", "path": ["monitoring", "cpu"], "values": [{"value": 0.7, "step": null, "ts": 1668210631.2659185}]}, "version": 439}
{"obj": {"type": "LogFloats", "path": ["monitoring", "memory"], "values": [{"value": 19.858062744140625, "step": null, "ts": 1668210631.2659185}]}, "version": 440}
{"obj": {"type": "LogFloats", "path": ["monitoring", "gpu_memory"], "values": [{"value": 6.6597900390625, "step": null, "ts": 1668210631.2659185}]}, "version": 441}
{"obj": {"type": "LogFloats", "path": ["monitoring", "cpu"], "values": [{"value": 1.5, "step": null, "ts": 1668210641.2705023}]}, "version": 442}
{"obj": {"type": "LogFloats", "path": ["monitoring", "memory"], "values": [{"value": 24.727909088134766, "step": null, "ts": 1668210641.2705023}]}, "version": 443}
{"obj": {"type": "LogFloats", "path": ["monitoring", "gpu_memory"], "values": [{"value": 26.1910400390625, "step": null, "ts": 1668210641.2705023}]}, "version": 444}
{"obj": {"type": "LogStrings", "path": ["monitoring", "stdout"], "values": [{"value": "Model: \"encoder\"", "step": null, "ts": 1668210641.4603143}]}, "version": 445}
{"obj": {"type": "LogStrings", "path": ["monitoring", "stdout"], "values": [{"value": "\n", "step": null, "ts": 1668210641.460561}]}, "version": 446}
{"obj": {"type": "LogStrings", "path": ["monitoring", "stdout"], "values": [{"value": "_________________________________________________________________", "step": null, "ts": 1668210641.4607635}]}, "version": 447}
{"obj": {"type": "LogStrings", "path": ["monitoring", "stdout"], "values": [{"value": "\n", "step": null, "ts": 1668210641.4609585}]}, "version": 448}
{"obj": {"type": "LogStrings", "path": ["monitoring", "stdout"], "values": [{"value": "Layer (type)                 Output Shape              Param #   ", "step": null, "ts": 1668210641.4611585}]}, "version": 449}
{"obj": {"type": "LogStrings", "path": ["monitoring", "stdout"], "values": [{"value": "\n", "step": null, "ts": 1668210641.4613533}]}, "version": 450}
{"obj": {"type": "LogStrings", "path": ["monitoring", "stdout"], "values": [{"value": "=================================================================", "step": null, "ts": 1668210641.461551}]}, "version": 451}
{"obj": {"type": "LogStrings", "path": ["monitoring", "stdout"], "values": [{"value": "\n", "step": null, "ts": 1668210641.4617434}]}, "version": 452}
{"obj": {"type": "LogStrings", "path": ["monitoring", "stdout"], "values": [{"value": "input_1 (InputLayer)         [(None, 5, 127, 127)]     0         ", "step": null, "ts": 1668210641.4620187}]}, "version": 453}
{"obj": {"type": "LogStrings", "path": ["monitoring", "stdout"], "values": [{"value": "\n", "step": null, "ts": 1668210641.4622111}]}, "version": 454}
{"obj": {"type": "LogStrings", "path": ["monitoring", "stdout"], "values": [{"value": "_________________________________________________________________", "step": null, "ts": 1668210641.4624085}]}, "version": 455}
{"obj": {"type": "LogStrings", "path": ["monitoring", "stdout"], "values": [{"value": "\n", "step": null, "ts": 1668210641.4625995}]}, "version": 456}
{"obj": {"type": "LogStrings", "path": ["monitoring", "stdout"], "values": [{"value": "conv2d (Conv2D)              (None, 8, 127, 127)       368       ", "step": null, "ts": 1668210641.462865}]}, "version": 457}
{"obj": {"type": "LogStrings", "path": ["monitoring", "stdout"], "values": [{"value": "\n", "step": null, "ts": 1668210641.463056}]}, "version": 458}
{"obj": {"type": "LogStrings", "path": ["monitoring", "stdout"], "values": [{"value": "_________________________________________________________________", "step": null, "ts": 1668210641.4632638}]}, "version": 459}
{"obj": {"type": "LogStrings", "path": ["monitoring", "stdout"], "values": [{"value": "\n", "step": null, "ts": 1668210641.4634628}]}, "version": 460}
{"obj": {"type": "LogStrings", "path": ["monitoring", "stdout"], "values": [{"value": "conv2d_1 (Conv2D)            (None, 8, 64, 64)         584       ", "step": null, "ts": 1668210641.4637244}]}, "version": 461}
{"obj": {"type": "LogStrings", "path": ["monitoring", "stdout"], "values": [{"value": "\n", "step": null, "ts": 1668210641.4639137}]}, "version": 462}
{"obj": {"type": "LogStrings", "path": ["monitoring", "stdout"], "values": [{"value": "_________________________________________________________________", "step": null, "ts": 1668210641.4641113}]}, "version": 463}
{"obj": {"type": "LogStrings", "path": ["monitoring", "stdout"], "values": [{"value": "\n", "step": null, "ts": 1668210641.46431}]}, "version": 464}
{"obj": {"type": "LogStrings", "path": ["monitoring", "stdout"], "values": [{"value": "conv2d_2 (Conv2D)            (None, 8, 64, 64)         584       ", "step": null, "ts": 1668210641.464563}]}, "version": 465}
{"obj": {"type": "LogStrings", "path": ["monitoring", "stdout"], "values": [{"value": "\n", "step": null, "ts": 1668210641.4647598}]}, "version": 466}
{"obj": {"type": "LogStrings", "path": ["monitoring", "stdout"], "values": [{"value": "_________________________________________________________________", "step": null, "ts": 1668210641.464954}]}, "version": 467}
{"obj": {"type": "LogStrings", "path": ["monitoring", "stdout"], "values": [{"value": "\n", "step": null, "ts": 1668210641.4651465}]}, "version": 468}
{"obj": {"type": "LogStrings", "path": ["monitoring", "stdout"], "values": [{"value": "conv2d_3 (Conv2D)            (None, 8, 32, 32)         584       ", "step": null, "ts": 1668210641.4653995}]}, "version": 469}
{"obj": {"type": "LogStrings", "path": ["monitoring", "stdout"], "values": [{"value": "\n", "step": null, "ts": 1668210641.4655976}]}, "version": 470}
{"obj": {"type": "LogStrings", "path": ["monitoring", "stdout"], "values": [{"value": "_________________________________________________________________", "step": null, "ts": 1668210641.4657896}]}, "version": 471}
{"obj": {"type": "LogStrings", "path": ["monitoring", "stdout"], "values": [{"value": "\n", "step": null, "ts": 1668210641.4659832}]}, "version": 472}
{"obj": {"type": "LogStrings", "path": ["monitoring", "stdout"], "values": [{"value": "conv2d_4 (Conv2D)            (None, 8, 32, 32)         584       ", "step": null, "ts": 1668210641.4662352}]}, "version": 473}
{"obj": {"type": "LogStrings", "path": ["monitoring", "stdout"], "values": [{"value": "\n", "step": null, "ts": 1668210641.4664288}]}, "version": 474}
{"obj": {"type": "LogStrings", "path": ["monitoring", "stdout"], "values": [{"value": "_________________________________________________________________", "step": null, "ts": 1668210641.4666264}]}, "version": 475}
{"obj": {"type": "LogStrings", "path": ["monitoring", "stdout"], "values": [{"value": "\n", "step": null, "ts": 1668210641.466818}]}, "version": 476}
{"obj": {"type": "LogStrings", "path": ["monitoring", "stdout"], "values": [{"value": "flatten (Flatten)            (None, 8192)              0         ", "step": null, "ts": 1668210641.467048}]}, "version": 477}
{"obj": {"type": "LogStrings", "path": ["monitoring", "stdout"], "values": [{"value": "\n", "step": null, "ts": 1668210641.4672441}]}, "version": 478}
{"obj": {"type": "LogStrings", "path": ["monitoring", "stdout"], "values": [{"value": "_________________________________________________________________", "step": null, "ts": 1668210641.467443}]}, "version": 479}
{"obj": {"type": "LogStrings", "path": ["monitoring", "stdout"], "values": [{"value": "\n", "step": null, "ts": 1668210641.4676406}]}, "version": 480}
{"obj": {"type": "LogStrings", "path": ["monitoring", "stdout"], "values": [{"value": "dense (Dense)                (None, 8384)              68690112  ", "step": null, "ts": 1668210641.467932}]}, "version": 481}
{"obj": {"type": "LogStrings", "path": ["monitoring", "stdout"], "values": [{"value": "\n", "step": null, "ts": 1668210641.4681334}]}, "version": 482}
{"obj": {"type": "LogStrings", "path": ["monitoring", "stdout"], "values": [{"value": "_________________________________________________________________", "step": null, "ts": 1668210641.4683335}]}, "version": 483}
{"obj": {"type": "LogStrings", "path": ["monitoring", "stdout"], "values": [{"value": "\n", "step": null, "ts": 1668210641.4685273}]}, "version": 484}
{"obj": {"type": "LogStrings", "path": ["monitoring", "stdout"], "values": [{"value": "multivariate_normal_tri_l (M multiple                  0         ", "step": null, "ts": 1668210641.5680928}]}, "version": 485}
{"obj": {"type": "LogStrings", "path": ["monitoring", "stdout"], "values": [{"value": "\n", "step": null, "ts": 1668210641.5683076}]}, "version": 486}
{"obj": {"type": "LogStrings", "path": ["monitoring", "stdout"], "values": [{"value": "=================================================================", "step": null, "ts": 1668210641.5685105}]}, "version": 487}
{"obj": {"type": "LogStrings", "path": ["monitoring", "stdout"], "values": [{"value": "\n", "step": null, "ts": 1668210641.5687737}]}, "version": 488}
{"obj": {"type": "LogStrings", "path": ["monitoring", "stdout"], "values": [{"value": "Total params: 68,692,816", "step": null, "ts": 1668210641.569569}]}, "version": 489}
{"obj": {"type": "LogStrings", "path": ["monitoring", "stdout"], "values": [{"value": "\n", "step": null, "ts": 1668210641.5698013}]}, "version": 490}
{"obj": {"type": "LogStrings", "path": ["monitoring", "stdout"], "values": [{"value": "Trainable params: 68,692,816", "step": null, "ts": 1668210641.570047}]}, "version": 491}
{"obj": {"type": "LogStrings", "path": ["monitoring", "stdout"], "values": [{"value": "\n", "step": null, "ts": 1668210641.5702503}]}, "version": 492}
{"obj": {"type": "LogStrings", "path": ["monitoring", "stdout"], "values": [{"value": "Non-trainable params: 0", "step": null, "ts": 1668210641.5704925}]}, "version": 493}
{"obj": {"type": "LogStrings", "path": ["monitoring", "stdout"], "values": [{"value": "\n", "step": null, "ts": 1668210641.570698}]}, "version": 494}
{"obj": {"type": "LogStrings", "path": ["monitoring", "stdout"], "values": [{"value": "_________________________________________________________________", "step": null, "ts": 1668210641.5708997}]}, "version": 495}
{"obj": {"type": "LogStrings", "path": ["monitoring", "stdout"], "values": [{"value": "\n", "step": null, "ts": 1668210641.5710952}]}, "version": 496}
{"obj": {"type": "LogStrings", "path": ["monitoring", "stdout"], "values": [{"value": "None", "step": null, "ts": 1668210641.5713031}]}, "version": 497}
{"obj": {"type": "LogStrings", "path": ["monitoring", "stdout"], "values": [{"value": "\n", "step": null, "ts": 1668210641.5714962}]}, "version": 498}
{"obj": {"type": "LogStrings", "path": ["monitoring", "stdout"], "values": [{"value": "Model: \"decoder\"", "step": null, "ts": 1668210641.571786}]}, "version": 499}
{"obj": {"type": "LogStrings", "path": ["monitoring", "stdout"], "values": [{"value": "\n", "step": null, "ts": 1668210641.571993}]}, "version": 500}
{"obj": {"type": "LogStrings", "path": ["monitoring", "stdout"], "values": [{"value": "_________________________________________________________________", "step": null, "ts": 1668210641.5721998}]}, "version": 501}
{"obj": {"type": "LogStrings", "path": ["monitoring", "stdout"], "values": [{"value": "\n", "step": null, "ts": 1668210641.5723963}]}, "version": 502}
{"obj": {"type": "LogStrings", "path": ["monitoring", "stdout"], "values": [{"value": "Layer (type)                 Output Shape              Param #   ", "step": null, "ts": 1668210641.5725968}]}, "version": 503}
{"obj": {"type": "LogStrings", "path": ["monitoring", "stdout"], "values": [{"value": "\n", "step": null, "ts": 1668210641.57279}]}, "version": 504}
{"obj": {"type": "LogStrings", "path": ["monitoring", "stdout"], "values": [{"value": "=================================================================", "step": null, "ts": 1668210641.5729876}]}, "version": 505}
{"obj": {"type": "LogStrings", "path": ["monitoring", "stdout"], "values": [{"value": "\n", "step": null, "ts": 1668210641.5731845}]}, "version": 506}
{"obj": {"type": "LogStrings", "path": ["monitoring", "stdout"], "values": [{"value": "input_2 (InputLayer)         [(None, 128)]             0         ", "step": null, "ts": 1668210641.573454}]}, "version": 507}
{"obj": {"type": "LogStrings", "path": ["monitoring", "stdout"], "values": [{"value": "\n", "step": null, "ts": 1668210641.5736527}]}, "version": 508}
{"obj": {"type": "LogStrings", "path": ["monitoring", "stdout"], "values": [{"value": "_________________________________________________________________", "step": null, "ts": 1668210641.573851}]}, "version": 509}
{"obj": {"type": "LogStrings", "path": ["monitoring", "stdout"], "values": [{"value": "\n", "step": null, "ts": 1668210641.574046}]}, "version": 510}
{"obj": {"type": "LogStrings", "path": ["monitoring", "stdout"], "values": [{"value": "dense_1 (Dense)              (None, 524288)            67633152  ", "step": null, "ts": 1668210641.5743043}]}, "version": 511}
{"obj": {"type": "LogStrings", "path": ["monitoring", "stdout"], "values": [{"value": "\n", "step": null, "ts": 1668210641.574502}]}, "version": 512}
{"obj": {"type": "LogStrings", "path": ["monitoring", "stdout"], "values": [{"value": "_________________________________________________________________", "step": null, "ts": 1668210641.5747006}]}, "version": 513}
{"obj": {"type": "LogStrings", "path": ["monitoring", "stdout"], "values": [{"value": "\n", "step": null, "ts": 1668210641.5748966}]}, "version": 514}
{"obj": {"type": "LogStrings", "path": ["monitoring", "stdout"], "values": [{"value": "reshape (Reshape)            (None, 512, 32, 32)       0         ", "step": null, "ts": 1668210641.5751286}]}, "version": 515}
{"obj": {"type": "LogStrings", "path": ["monitoring", "stdout"], "values": [{"value": "\n", "step": null, "ts": 1668210641.5753312}]}, "version": 516}
{"obj": {"type": "LogStrings", "path": ["monitoring", "stdout"], "values": [{"value": "_________________________________________________________________", "step": null, "ts": 1668210641.5755312}]}, "version": 517}
{"obj": {"type": "LogStrings", "path": ["monitoring", "stdout"], "values": [{"value": "\n", "step": null, "ts": 1668210641.575772}]}, "version": 518}
{"obj": {"type": "LogStrings", "path": ["monitoring", "stdout"], "values": [{"value": "conv2d_transpose (Conv2DTran (None, 8, 32, 32)         36872     ", "step": null, "ts": 1668210641.5760417}]}, "version": 519}
{"obj": {"type": "LogStrings", "path": ["monitoring", "stdout"], "values": [{"value": "\n", "step": null, "ts": 1668210641.576243}]}, "version": 520}
{"obj": {"type": "LogStrings", "path": ["monitoring", "stdout"], "values": [{"value": "_________________________________________________________________", "step": null, "ts": 1668210641.5764441}]}, "version": 521}
{"obj": {"type": "LogStrings", "path": ["monitoring", "stdout"], "values": [{"value": "\n", "step": null, "ts": 1668210641.5766447}]}, "version": 522}
{"obj": {"type": "LogStrings", "path": ["monitoring", "stdout"], "values": [{"value": "conv2d_transpose_1 (Conv2DTr (None, 8, 32, 32)         584       ", "step": null, "ts": 1668210641.576901}]}, "version": 523}
{"obj": {"type": "LogStrings", "path": ["monitoring", "stdout"], "values": [{"value": "\n", "step": null, "ts": 1668210641.5770953}]}, "version": 524}
{"obj": {"type": "LogStrings", "path": ["monitoring", "stdout"], "values": [{"value": "_________________________________________________________________", "step": null, "ts": 1668210641.5772898}]}, "version": 525}
{"obj": {"type": "LogStrings", "path": ["monitoring", "stdout"], "values": [{"value": "\n", "step": null, "ts": 1668210641.5774806}]}, "version": 526}
{"obj": {"type": "LogStrings", "path": ["monitoring", "stdout"], "values": [{"value": "conv2d_transpose_2 (Conv2DTr (None, 8, 64, 64)         584       ", "step": null, "ts": 1668210641.5777323}]}, "version": 527}
{"obj": {"type": "LogStrings", "path": ["monitoring", "stdout"], "values": [{"value": "\n", "step": null, "ts": 1668210641.5779252}]}, "version": 528}
{"obj": {"type": "LogStrings", "path": ["monitoring", "stdout"], "values": [{"value": "_________________________________________________________________", "step": null, "ts": 1668210641.5781198}]}, "version": 529}
{"obj": {"type": "LogStrings", "path": ["monitoring", "stdout"], "values": [{"value": "\n", "step": null, "ts": 1668210641.5783122}]}, "version": 530}
{"obj": {"type": "LogStrings", "path": ["monitoring", "stdout"], "values": [{"value": "conv2d_transpose_3 (Conv2DTr (None, 8, 64, 64)         584       ", "step": null, "ts": 1668210641.578562}]}, "version": 531}
{"obj": {"type": "LogStrings", "path": ["monitoring", "stdout"], "values": [{"value": "\n", "step": null, "ts": 1668210641.5787525}]}, "version": 532}
{"obj": {"type": "LogStrings", "path": ["monitoring", "stdout"], "values": [{"value": "_________________________________________________________________", "step": null, "ts": 1668210641.578949}]}, "version": 533}
{"obj": {"type": "LogStrings", "path": ["monitoring", "stdout"], "values": [{"value": "\n", "step": null, "ts": 1668210641.5791583}]}, "version": 534}
{"obj": {"type": "LogStrings", "path": ["monitoring", "stdout"], "values": [{"value": "conv2d_transpose_4 (Conv2DTr (None, 8, 128, 128)       584       ", "step": null, "ts": 1668210641.5794342}]}, "version": 535}
{"obj": {"type": "LogStrings", "path": ["monitoring", "stdout"], "values": [{"value": "\n", "step": null, "ts": 1668210641.5796287}]}, "version": 536}
{"obj": {"type": "LogStrings", "path": ["monitoring", "stdout"], "values": [{"value": "_________________________________________________________________", "step": null, "ts": 1668210641.5798237}]}, "version": 537}
{"obj": {"type": "LogStrings", "path": ["monitoring", "stdout"], "values": [{"value": "\n", "step": null, "ts": 1668210641.5800157}]}, "version": 538}
{"obj": {"type": "LogStrings", "path": ["monitoring", "stdout"], "values": [{"value": "conv2d_transpose_5 (Conv2DTr (None, 8, 128, 128)       584       ", "step": null, "ts": 1668210641.5802677}]}, "version": 539}
{"obj": {"type": "LogStrings", "path": ["monitoring", "stdout"], "values": [{"value": "\n", "step": null, "ts": 1668210641.5804594}]}, "version": 540}
{"obj": {"type": "LogStrings", "path": ["monitoring", "stdout"], "values": [{"value": "_________________________________________________________________", "step": null, "ts": 1668210641.5806534}]}, "version": 541}
{"obj": {"type": "LogStrings", "path": ["monitoring", "stdout"], "values": [{"value": "\n", "step": null, "ts": 1668210641.580843}]}, "version": 542}
{"obj": {"type": "LogStrings", "path": ["monitoring", "stdout"], "values": [{"value": "conv2d_5 (Conv2D)            (None, 5, 128, 128)       365       ", "step": null, "ts": 1668210641.5810935}]}, "version": 543}
{"obj": {"type": "LogStrings", "path": ["monitoring", "stdout"], "values": [{"value": "\n", "step": null, "ts": 1668210641.581286}]}, "version": 544}
{"obj": {"type": "LogStrings", "path": ["monitoring", "stdout"], "values": [{"value": "_________________________________________________________________", "step": null, "ts": 1668210641.5814805}]}, "version": 545}
{"obj": {"type": "LogStrings", "path": ["monitoring", "stdout"], "values": [{"value": "\n", "step": null, "ts": 1668210641.5816731}]}, "version": 546}
{"obj": {"type": "LogStrings", "path": ["monitoring", "stdout"], "values": [{"value": "cropping2d (Cropping2D)      (None, 5, 127, 127)       0         ", "step": null, "ts": 1668210641.5819004}]}, "version": 547}
{"obj": {"type": "LogStrings", "path": ["monitoring", "stdout"], "values": [{"value": "\n", "step": null, "ts": 1668210641.5820918}]}, "version": 548}
{"obj": {"type": "LogStrings", "path": ["monitoring", "stdout"], "values": [{"value": "=================================================================", "step": null, "ts": 1668210641.5822842}]}, "version": 549}
{"obj": {"type": "LogStrings", "path": ["monitoring", "stdout"], "values": [{"value": "\n", "step": null, "ts": 1668210641.582475}]}, "version": 550}
{"obj": {"type": "LogStrings", "path": ["monitoring", "stdout"], "values": [{"value": "Total params: 67,673,309", "step": null, "ts": 1668210641.5828347}]}, "version": 551}
{"obj": {"type": "LogStrings", "path": ["monitoring", "stdout"], "values": [{"value": "\n", "step": null, "ts": 1668210641.5830257}]}, "version": 552}
{"obj": {"type": "LogStrings", "path": ["monitoring", "stdout"], "values": [{"value": "Trainable params: 67,673,309", "step": null, "ts": 1668210641.5832288}]}, "version": 553}
{"obj": {"type": "LogStrings", "path": ["monitoring", "stdout"], "values": [{"value": "\n", "step": null, "ts": 1668210641.583421}]}, "version": 554}
{"obj": {"type": "LogStrings", "path": ["monitoring", "stdout"], "values": [{"value": "Non-trainable params: 0", "step": null, "ts": 1668210641.5836134}]}, "version": 555}
{"obj": {"type": "LogStrings", "path": ["monitoring", "stdout"], "values": [{"value": "\n", "step": null, "ts": 1668210641.5838022}]}, "version": 556}
{"obj": {"type": "LogStrings", "path": ["monitoring", "stdout"], "values": [{"value": "_________________________________________________________________", "step": null, "ts": 1668210641.583991}]}, "version": 557}
{"obj": {"type": "LogStrings", "path": ["monitoring", "stdout"], "values": [{"value": "\n", "step": null, "ts": 1668210641.5841818}]}, "version": 558}
{"obj": {"type": "LogStrings", "path": ["monitoring", "stdout"], "values": [{"value": "None", "step": null, "ts": 1668210641.5843766}]}, "version": 559}
{"obj": {"type": "LogStrings", "path": ["monitoring", "stdout"], "values": [{"value": "\n", "step": null, "ts": 1668210641.584569}]}, "version": 560}
{"obj": {"type": "LogStrings", "path": ["monitoring", "stdout"], "values": [{"value": "Epoch 1/200", "step": null, "ts": 1668210643.8975596}]}, "version": 561}
{"obj": {"type": "LogStrings", "path": ["monitoring", "stdout"], "values": [{"value": "\n", "step": null, "ts": 1668210643.8977785}]}, "version": 562}
{"obj": {"type": "LogFloats", "path": ["monitoring", "cpu"], "values": [{"value": 4.5, "step": null, "ts": 1668210651.274811}]}, "version": 563}
{"obj": {"type": "LogFloats", "path": ["monitoring", "memory"], "values": [{"value": 31.820377349853516, "step": null, "ts": 1668210651.274811}]}, "version": 564}
{"obj": {"type": "LogFloats", "path": ["monitoring", "gpu_memory"], "values": [{"value": 26.1968994140625, "step": null, "ts": 1668210651.274811}]}, "version": 565}
{"obj": {"type": "LogFloats", "path": ["monitoring", "cpu"], "values": [{"value": 3.8, "step": null, "ts": 1668210661.276565}]}, "version": 566}
{"obj": {"type": "LogFloats", "path": ["monitoring", "memory"], "values": [{"value": 31.946163177490234, "step": null, "ts": 1668210661.276565}]}, "version": 567}
{"obj": {"type": "LogFloats", "path": ["monitoring", "gpu_memory"], "values": [{"value": 26.1968994140625, "step": null, "ts": 1668210661.276565}]}, "version": 568}
{"obj": {"type": "LogFloats", "path": ["monitoring", "cpu"], "values": [{"value": 4.3, "step": null, "ts": 1668210671.2778916}]}, "version": 569}
{"obj": {"type": "LogFloats", "path": ["monitoring", "memory"], "values": [{"value": 31.99169158935547, "step": null, "ts": 1668210671.2778916}]}, "version": 570}
{"obj": {"type": "LogFloats", "path": ["monitoring", "gpu_memory"], "values": [{"value": 26.2105712890625, "step": null, "ts": 1668210671.2778916}]}, "version": 571}
{"obj": {"type": "LogFloats", "path": ["monitoring", "cpu"], "values": [{"value": 4.6, "step": null, "ts": 1668210681.2792535}]}, "version": 572}
{"obj": {"type": "LogFloats", "path": ["monitoring", "memory"], "values": [{"value": 32.01160430908203, "step": null, "ts": 1668210681.2792535}]}, "version": 573}
{"obj": {"type": "LogFloats", "path": ["monitoring", "gpu_memory"], "values": [{"value": 26.2320556640625, "step": null, "ts": 1668210681.2792535}]}, "version": 574}
{"obj": {"type": "LogFloats", "path": ["monitoring", "cpu"], "values": [{"value": 3.8, "step": null, "ts": 1668210691.2807097}]}, "version": 575}
{"obj": {"type": "LogFloats", "path": ["monitoring", "memory"], "values": [{"value": 32.467655181884766, "step": null, "ts": 1668210691.2807097}]}, "version": 576}
{"obj": {"type": "LogFloats", "path": ["monitoring", "gpu_memory"], "values": [{"value": 26.2359619140625, "step": null, "ts": 1668210691.2807097}]}, "version": 577}
{"obj": {"type": "LogFloats", "path": ["monitoring", "cpu"], "values": [{"value": 4.4, "step": null, "ts": 1668210701.282185}]}, "version": 578}
{"obj": {"type": "LogFloats", "path": ["monitoring", "memory"], "values": [{"value": 32.584938049316406, "step": null, "ts": 1668210701.282185}]}, "version": 579}
{"obj": {"type": "LogFloats", "path": ["monitoring", "gpu_memory"], "values": [{"value": 26.2359619140625, "step": null, "ts": 1668210701.282185}]}, "version": 580}
{"obj": {"type": "LogFloats", "path": ["monitoring", "cpu"], "values": [{"value": 4.5, "step": null, "ts": 1668210711.2836552}]}, "version": 581}
{"obj": {"type": "LogFloats", "path": ["monitoring", "memory"], "values": [{"value": 32.66040802001953, "step": null, "ts": 1668210711.2836552}]}, "version": 582}
{"obj": {"type": "LogFloats", "path": ["monitoring", "gpu_memory"], "values": [{"value": 26.2613525390625, "step": null, "ts": 1668210711.2836552}]}, "version": 583}
{"obj": {"type": "LogFloats", "path": ["monitoring", "cpu"], "values": [{"value": 3.7, "step": null, "ts": 1668210721.28517}]}, "version": 584}
{"obj": {"type": "LogFloats", "path": ["monitoring", "memory"], "values": [{"value": 32.682647705078125, "step": null, "ts": 1668210721.28517}]}, "version": 585}
{"obj": {"type": "LogFloats", "path": ["monitoring", "gpu_memory"], "values": [{"value": 26.2652587890625, "step": null, "ts": 1668210721.28517}]}, "version": 586}
{"obj": {"type": "LogFloats", "path": ["monitoring", "cpu"], "values": [{"value": 4.3, "step": null, "ts": 1668210731.2866342}]}, "version": 587}
{"obj": {"type": "LogFloats", "path": ["monitoring", "memory"], "values": [{"value": 32.671897888183594, "step": null, "ts": 1668210731.2866342}]}, "version": 588}
{"obj": {"type": "LogFloats", "path": ["monitoring", "gpu_memory"], "values": [{"value": 26.2867431640625, "step": null, "ts": 1668210731.2866342}]}, "version": 589}
{"obj": {"type": "LogFloats", "path": ["monitoring", "cpu"], "values": [{"value": 4.5, "step": null, "ts": 1668210741.288088}]}, "version": 590}
{"obj": {"type": "LogFloats", "path": ["monitoring", "memory"], "values": [{"value": 32.67388916015625, "step": null, "ts": 1668210741.288088}]}, "version": 591}
{"obj": {"type": "LogFloats", "path": ["monitoring", "gpu_memory"], "values": [{"value": 26.2965087890625, "step": null, "ts": 1668210741.288088}]}, "version": 592}
{"obj": {"type": "LogFloats", "path": ["monitoring", "cpu"], "values": [{"value": 3.6, "step": null, "ts": 1668210751.2898347}]}, "version": 593}
{"obj": {"type": "LogFloats", "path": ["monitoring", "memory"], "values": [{"value": 32.689998626708984, "step": null, "ts": 1668210751.2898347}]}, "version": 594}
{"obj": {"type": "LogFloats", "path": ["monitoring", "gpu_memory"], "values": [{"value": 26.3043212890625, "step": null, "ts": 1668210751.2898347}]}, "version": 595}
{"obj": {"type": "LogFloats", "path": ["monitoring", "cpu"], "values": [{"value": 4.4, "step": null, "ts": 1668210761.2912366}]}, "version": 596}
{"obj": {"type": "LogFloats", "path": ["monitoring", "memory"], "values": [{"value": 32.67453384399414, "step": null, "ts": 1668210761.2912366}]}, "version": 597}
{"obj": {"type": "LogFloats", "path": ["monitoring", "gpu_memory"], "values": [{"value": 26.3043212890625, "step": null, "ts": 1668210761.2912366}]}, "version": 598}
{"obj": {"type": "LogFloats", "path": ["monitoring", "cpu"], "values": [{"value": 4.4, "step": null, "ts": 1668210771.292788}]}, "version": 599}
{"obj": {"type": "LogFloats", "path": ["monitoring", "memory"], "values": [{"value": 32.683982849121094, "step": null, "ts": 1668210771.292788}]}, "version": 600}
{"obj": {"type": "LogFloats", "path": ["monitoring", "gpu_memory"], "values": [{"value": 26.3140869140625, "step": null, "ts": 1668210771.292788}]}, "version": 601}
{"obj": {"type": "LogFloats", "path": ["monitoring", "cpu"], "values": [{"value": 3.6, "step": null, "ts": 1668210781.2942476}]}, "version": 602}
{"obj": {"type": "LogFloats", "path": ["monitoring", "memory"], "values": [{"value": 32.689613342285156, "step": null, "ts": 1668210781.2942476}]}, "version": 603}
{"obj": {"type": "LogFloats", "path": ["monitoring", "gpu_memory"], "values": [{"value": 26.3218994140625, "step": null, "ts": 1668210781.2942476}]}, "version": 604}
{"obj": {"type": "LogFloats", "path": ["monitoring", "cpu"], "values": [{"value": 4.5, "step": null, "ts": 1668210791.295945}]}, "version": 605}
{"obj": {"type": "LogFloats", "path": ["monitoring", "memory"], "values": [{"value": 32.65179443359375, "step": null, "ts": 1668210791.295945}]}, "version": 606}
{"obj": {"type": "LogFloats", "path": ["monitoring", "gpu_memory"], "values": [{"value": 26.3277587890625, "step": null, "ts": 1668210791.295945}]}, "version": 607}
{"obj": {"type": "LogFloats", "path": ["monitoring", "cpu"], "values": [{"value": 4.3, "step": null, "ts": 1668210801.29737}]}, "version": 608}
{"obj": {"type": "LogFloats", "path": ["monitoring", "memory"], "values": [{"value": 33.11199951171875, "step": null, "ts": 1668210801.29737}]}, "version": 609}
{"obj": {"type": "LogFloats", "path": ["monitoring", "gpu_memory"], "values": [{"value": 26.6422119140625, "step": null, "ts": 1668210801.29737}]}, "version": 610}
{"obj": {"type": "LogFloats", "path": ["monitoring", "cpu"], "values": [{"value": 3.7, "step": null, "ts": 1668210811.2987952}]}, "version": 611}
{"obj": {"type": "LogFloats", "path": ["monitoring", "memory"], "values": [{"value": 33.234195709228516, "step": null, "ts": 1668210811.2987952}]}, "version": 612}
{"obj": {"type": "LogFloats", "path": ["monitoring", "gpu_memory"], "values": [{"value": 26.6422119140625, "step": null, "ts": 1668210811.2987952}]}, "version": 613}
{"obj": {"type": "LogFloats", "path": ["monitoring", "cpu"], "values": [{"value": 4.4, "step": null, "ts": 1668210821.3002143}]}, "version": 614}
{"obj": {"type": "LogFloats", "path": ["monitoring", "memory"], "values": [{"value": 33.12311553955078, "step": null, "ts": 1668210821.3002143}]}, "version": 615}
{"obj": {"type": "LogFloats", "path": ["monitoring", "gpu_memory"], "values": [{"value": 26.6500244140625, "step": null, "ts": 1668210821.3002143}]}, "version": 616}
{"obj": {"type": "LogFloats", "path": ["monitoring", "cpu"], "values": [{"value": 4.4, "step": null, "ts": 1668210831.301888}]}, "version": 617}
{"obj": {"type": "LogFloats", "path": ["monitoring", "memory"], "values": [{"value": 33.124916076660156, "step": null, "ts": 1668210831.301888}]}, "version": 618}
{"obj": {"type": "LogFloats", "path": ["monitoring", "gpu_memory"], "values": [{"value": 26.6500244140625, "step": null, "ts": 1668210831.301888}]}, "version": 619}
{"obj": {"type": "LogFloats", "path": ["monitoring", "cpu"], "values": [{"value": 3.8, "step": null, "ts": 1668210841.3033416}]}, "version": 620}
{"obj": {"type": "LogFloats", "path": ["monitoring", "memory"], "values": [{"value": 33.21010208129883, "step": null, "ts": 1668210841.3033416}]}, "version": 621}
{"obj": {"type": "LogFloats", "path": ["monitoring", "gpu_memory"], "values": [{"value": 26.6539306640625, "step": null, "ts": 1668210841.3033416}]}, "version": 622}
{"obj": {"type": "LogFloats", "path": ["monitoring", "cpu"], "values": [{"value": 4.5, "step": null, "ts": 1668210851.3047314}]}, "version": 623}
{"obj": {"type": "LogFloats", "path": ["monitoring", "memory"], "values": [{"value": 33.23987579345703, "step": null, "ts": 1668210851.3047314}]}, "version": 624}
{"obj": {"type": "LogFloats", "path": ["monitoring", "gpu_memory"], "values": [{"value": 26.6539306640625, "step": null, "ts": 1668210851.3047314}]}, "version": 625}
{"obj": {"type": "LogFloats", "path": ["monitoring", "cpu"], "values": [{"value": 4.4, "step": null, "ts": 1668210861.3061683}]}, "version": 626}
{"obj": {"type": "LogFloats", "path": ["monitoring", "memory"], "values": [{"value": 33.176021575927734, "step": null, "ts": 1668210861.3061683}]}, "version": 627}
{"obj": {"type": "LogFloats", "path": ["monitoring", "gpu_memory"], "values": [{"value": 26.6578369140625, "step": null, "ts": 1668210861.3061683}]}, "version": 628}
{"obj": {"type": "LogFloats", "path": ["monitoring", "cpu"], "values": [{"value": 3.7, "step": null, "ts": 1668210871.307681}]}, "version": 629}
{"obj": {"type": "LogFloats", "path": ["monitoring", "memory"], "values": [{"value": 33.18425750732422, "step": null, "ts": 1668210871.307681}]}, "version": 630}
{"obj": {"type": "LogFloats", "path": ["monitoring", "gpu_memory"], "values": [{"value": 26.6656494140625, "step": null, "ts": 1668210871.307681}]}, "version": 631}
{"obj": {"type": "LogFloats", "path": ["monitoring", "cpu"], "values": [{"value": 4.3, "step": null, "ts": 1668210881.3091023}]}, "version": 632}
{"obj": {"type": "LogFloats", "path": ["monitoring", "memory"], "values": [{"value": 33.186195373535156, "step": null, "ts": 1668210881.3091023}]}, "version": 633}
{"obj": {"type": "LogFloats", "path": ["monitoring", "gpu_memory"], "values": [{"value": 26.6676025390625, "step": null, "ts": 1668210881.3091023}]}, "version": 634}
{"obj": {"type": "LogFloats", "path": ["monitoring", "cpu"], "values": [{"value": 4.4, "step": null, "ts": 1668210891.3105085}]}, "version": 635}
{"obj": {"type": "LogFloats", "path": ["monitoring", "memory"], "values": [{"value": 33.347984313964844, "step": null, "ts": 1668210891.3105085}]}, "version": 636}
{"obj": {"type": "LogFloats", "path": ["monitoring", "gpu_memory"], "values": [{"value": 26.6715087890625, "step": null, "ts": 1668210891.3105085}]}, "version": 637}
{"obj": {"type": "LogFloats", "path": ["monitoring", "cpu"], "values": [{"value": 3.7, "step": null, "ts": 1668210901.312022}]}, "version": 638}
{"obj": {"type": "LogFloats", "path": ["monitoring", "memory"], "values": [{"value": 33.3714714050293, "step": null, "ts": 1668210901.312022}]}, "version": 639}
{"obj": {"type": "LogFloats", "path": ["monitoring", "gpu_memory"], "values": [{"value": 26.6715087890625, "step": null, "ts": 1668210901.312022}]}, "version": 640}
