{"obj": {"type": "AssignString", "path": ["sys", "name"], "value": "Untitled"}, "version": 1}
{"obj": {"type": "AssignString", "path": ["sys", "description"], "value": ""}, "version": 2}
{"obj": {"type": "AssignString", "path": ["sys", "hostname"], "value": "aurora"}, "version": 3}
{"obj": {"type": "AssignBool", "path": ["sys", "failed"], "value": false}, "version": 4}
{"obj": {"type": "ClearStringLog", "path": ["monitoring", "stdout"]}, "version": 5}
{"obj": {"type": "ClearStringLog", "path": ["monitoring", "stderr"]}, "version": 6}
{"obj": {"type": "ConfigFloatSeries", "path": ["monitoring", "cpu"], "min": 0.0, "max": 100.0, "unit": "%"}, "version": 7}
{"obj": {"type": "ClearFloatLog", "path": ["monitoring", "cpu"]}, "version": 8}
{"obj": {"type": "ConfigFloatSeries", "path": ["monitoring", "memory"], "min": 0.0, "max": 62.63469314575195, "unit": "GB"}, "version": 9}
{"obj": {"type": "ClearFloatLog", "path": ["monitoring", "memory"]}, "version": 10}
{"obj": {"type": "ConfigFloatSeries", "path": ["monitoring", "gpu"], "min": 0.0, "max": 100.0, "unit": "%"}, "version": 11}
{"obj": {"type": "ClearFloatLog", "path": ["monitoring", "gpu"]}, "version": 12}
{"obj": {"type": "ConfigFloatSeries", "path": ["monitoring", "gpu_memory"], "min": 0.0, "max": 47.5198974609375, "unit": "GB"}, "version": 13}
{"obj": {"type": "ClearFloatLog", "path": ["monitoring", "gpu_memory"]}, "version": 14}
{"obj": {"type": "LogStrings", "path": ["monitoring", "stdout"], "values": [{"value": "Remember to stop your run once you\u2019ve finished logging your metadata (https://docs.neptune.ai/api-reference/run#.stop). It will be stopped automatically only when the notebook kernel/interactive console is terminated.\n", "step": null, "ts": 1668210912.5528362}]}, "version": 15}
{"obj": {"type": "LogFloats", "path": ["monitoring", "cpu"], "values": [{"value": 2.8, "step": null, "ts": 1668210912.5499015}]}, "version": 16}
{"obj": {"type": "LogFloats", "path": ["monitoring", "memory"], "values": [{"value": 24.694316864013672, "step": null, "ts": 1668210912.5499015}]}, "version": 17}
{"obj": {"type": "LogFloats", "path": ["monitoring", "gpu_memory"], "values": [{"value": 26.1910400390625, "step": null, "ts": 1668210912.5499015}]}, "version": 18}
{"obj": {"type": "LogFloats", "path": ["monitoring", "cpu"], "values": [{"value": 1.2, "step": null, "ts": 1668210922.5571659}]}, "version": 19}
{"obj": {"type": "LogFloats", "path": ["monitoring", "memory"], "values": [{"value": 24.99407196044922, "step": null, "ts": 1668210922.5571659}]}, "version": 20}
{"obj": {"type": "LogFloats", "path": ["monitoring", "gpu_memory"], "values": [{"value": 26.1910400390625, "step": null, "ts": 1668210922.5571659}]}, "version": 21}
{"obj": {"type": "LogFloats", "path": ["monitoring", "cpu"], "values": [{"value": 1.2, "step": null, "ts": 1668210932.559355}]}, "version": 22}
{"obj": {"type": "LogFloats", "path": ["monitoring", "memory"], "values": [{"value": 24.993453979492188, "step": null, "ts": 1668210932.559355}]}, "version": 23}
{"obj": {"type": "LogFloats", "path": ["monitoring", "gpu_memory"], "values": [{"value": 26.1910400390625, "step": null, "ts": 1668210932.559355}]}, "version": 24}
{"obj": {"type": "LogFloats", "path": ["monitoring", "cpu"], "values": [{"value": 1.1, "step": null, "ts": 1668210942.5608742}]}, "version": 25}
{"obj": {"type": "LogFloats", "path": ["monitoring", "memory"], "values": [{"value": 25.02135467529297, "step": null, "ts": 1668210942.5608742}]}, "version": 26}
{"obj": {"type": "LogFloats", "path": ["monitoring", "gpu_memory"], "values": [{"value": 26.1910400390625, "step": null, "ts": 1668210942.5608742}]}, "version": 27}
{"obj": {"type": "LogFloats", "path": ["monitoring", "cpu"], "values": [{"value": 1.0, "step": null, "ts": 1668210952.5628903}]}, "version": 28}
{"obj": {"type": "LogFloats", "path": ["monitoring", "memory"], "values": [{"value": 25.007057189941406, "step": null, "ts": 1668210952.5628903}]}, "version": 29}
{"obj": {"type": "LogFloats", "path": ["monitoring", "gpu_memory"], "values": [{"value": 26.1910400390625, "step": null, "ts": 1668210952.5628903}]}, "version": 30}
{"obj": {"type": "LogFloats", "path": ["monitoring", "cpu"], "values": [{"value": 1.2, "step": null, "ts": 1668210962.565158}]}, "version": 31}
{"obj": {"type": "LogFloats", "path": ["monitoring", "memory"], "values": [{"value": 25.005584716796875, "step": null, "ts": 1668210962.565158}]}, "version": 32}
{"obj": {"type": "LogFloats", "path": ["monitoring", "gpu_memory"], "values": [{"value": 26.1910400390625, "step": null, "ts": 1668210962.565158}]}, "version": 33}
{"obj": {"type": "LogStrings", "path": ["monitoring", "stdout"], "values": [{"value": "https://app.neptune.ai/astro-data-lab/VAE/e/VAE-6\n", "step": null, "ts": 1668210965.8198462}]}, "version": 34}
{"obj": {"type": "LogStrings", "path": ["monitoring", "stdout"], "values": [{"value": "Remember to stop your run once you\u2019ve finished logging your metadata (https://docs.neptune.ai/api-reference/run#.stop). It will be stopped automatically only when the notebook kernel/interactive console is terminated.\n", "step": null, "ts": 1668210965.8285613}]}, "version": 35}
{"obj": {"type": "LogFloats", "path": ["monitoring", "cpu"], "values": [{"value": 1.2, "step": null, "ts": 1668210972.5669096}]}, "version": 36}
{"obj": {"type": "LogFloats", "path": ["monitoring", "memory"], "values": [{"value": 25.01636505126953, "step": null, "ts": 1668210972.5669096}]}, "version": 37}
{"obj": {"type": "LogFloats", "path": ["monitoring", "gpu_memory"], "values": [{"value": 26.1910400390625, "step": null, "ts": 1668210972.5669096}]}, "version": 38}
{"obj": {"type": "LogFloats", "path": ["monitoring", "cpu"], "values": [{"value": 0.9, "step": null, "ts": 1668210982.5688431}]}, "version": 39}
{"obj": {"type": "LogFloats", "path": ["monitoring", "memory"], "values": [{"value": 25.000350952148438, "step": null, "ts": 1668210982.5688431}]}, "version": 40}
{"obj": {"type": "LogFloats", "path": ["monitoring", "gpu_memory"], "values": [{"value": 26.1910400390625, "step": null, "ts": 1668210982.5688431}]}, "version": 41}
{"obj": {"type": "LogFloats", "path": ["monitoring", "cpu"], "values": [{"value": 1.2, "step": null, "ts": 1668210992.5704195}]}, "version": 42}
{"obj": {"type": "LogFloats", "path": ["monitoring", "memory"], "values": [{"value": 25.010848999023438, "step": null, "ts": 1668210992.5704195}]}, "version": 43}
{"obj": {"type": "LogFloats", "path": ["monitoring", "gpu_memory"], "values": [{"value": 26.1910400390625, "step": null, "ts": 1668210992.5704195}]}, "version": 44}
{"obj": {"type": "LogFloats", "path": ["monitoring", "cpu"], "values": [{"value": 1.2, "step": null, "ts": 1668211002.571928}]}, "version": 45}
{"obj": {"type": "LogFloats", "path": ["monitoring", "memory"], "values": [{"value": 25.015613555908203, "step": null, "ts": 1668211002.571928}]}, "version": 46}
{"obj": {"type": "LogFloats", "path": ["monitoring", "gpu_memory"], "values": [{"value": 26.1910400390625, "step": null, "ts": 1668211002.571928}]}, "version": 47}
{"obj": {"type": "LogFloats", "path": ["monitoring", "cpu"], "values": [{"value": 0.9, "step": null, "ts": 1668211012.5734441}]}, "version": 48}
{"obj": {"type": "LogFloats", "path": ["monitoring", "memory"], "values": [{"value": 25.00946044921875, "step": null, "ts": 1668211012.5734441}]}, "version": 49}
{"obj": {"type": "LogFloats", "path": ["monitoring", "gpu_memory"], "values": [{"value": 26.1910400390625, "step": null, "ts": 1668211012.5734441}]}, "version": 50}
{"obj": {"type": "LogFloats", "path": ["monitoring", "cpu"], "values": [{"value": 1.2, "step": null, "ts": 1668211022.5750124}]}, "version": 51}
{"obj": {"type": "LogFloats", "path": ["monitoring", "memory"], "values": [{"value": 25.000579833984375, "step": null, "ts": 1668211022.5750124}]}, "version": 52}
{"obj": {"type": "LogFloats", "path": ["monitoring", "gpu_memory"], "values": [{"value": 26.1910400390625, "step": null, "ts": 1668211022.5750124}]}, "version": 53}
{"obj": {"type": "LogFloats", "path": ["monitoring", "cpu"], "values": [{"value": 1.2, "step": null, "ts": 1668211032.5766559}]}, "version": 54}
{"obj": {"type": "LogFloats", "path": ["monitoring", "memory"], "values": [{"value": 25.006492614746094, "step": null, "ts": 1668211032.5766559}]}, "version": 55}
{"obj": {"type": "LogFloats", "path": ["monitoring", "gpu_memory"], "values": [{"value": 26.1910400390625, "step": null, "ts": 1668211032.5766559}]}, "version": 56}
{"obj": {"type": "LogFloats", "path": ["monitoring", "cpu"], "values": [{"value": 0.9, "step": null, "ts": 1668211042.578621}]}, "version": 57}
{"obj": {"type": "LogFloats", "path": ["monitoring", "memory"], "values": [{"value": 25.00469970703125, "step": null, "ts": 1668211042.578621}]}, "version": 58}
{"obj": {"type": "LogFloats", "path": ["monitoring", "gpu_memory"], "values": [{"value": 26.1910400390625, "step": null, "ts": 1668211042.578621}]}, "version": 59}
{"obj": {"type": "LogFloats", "path": ["monitoring", "cpu"], "values": [{"value": 1.2, "step": null, "ts": 1668211052.580111}]}, "version": 60}
{"obj": {"type": "LogFloats", "path": ["monitoring", "memory"], "values": [{"value": 24.99639892578125, "step": null, "ts": 1668211052.580111}]}, "version": 61}
{"obj": {"type": "LogFloats", "path": ["monitoring", "gpu_memory"], "values": [{"value": 26.1910400390625, "step": null, "ts": 1668211052.580111}]}, "version": 62}
{"obj": {"type": "LogFloats", "path": ["monitoring", "cpu"], "values": [{"value": 1.3, "step": null, "ts": 1668211062.5815911}]}, "version": 63}
{"obj": {"type": "LogFloats", "path": ["monitoring", "memory"], "values": [{"value": 25.023773193359375, "step": null, "ts": 1668211062.5815911}]}, "version": 64}
{"obj": {"type": "LogFloats", "path": ["monitoring", "gpu_memory"], "values": [{"value": 26.1910400390625, "step": null, "ts": 1668211062.5815911}]}, "version": 65}
{"obj": {"type": "LogFloats", "path": ["monitoring", "cpu"], "values": [{"value": 0.9, "step": null, "ts": 1668211072.583062}]}, "version": 66}
{"obj": {"type": "LogFloats", "path": ["monitoring", "memory"], "values": [{"value": 25.006126403808594, "step": null, "ts": 1668211072.583062}]}, "version": 67}
{"obj": {"type": "LogFloats", "path": ["monitoring", "gpu_memory"], "values": [{"value": 26.1910400390625, "step": null, "ts": 1668211072.583062}]}, "version": 68}
{"obj": {"type": "LogFloats", "path": ["monitoring", "cpu"], "values": [{"value": 1.1, "step": null, "ts": 1668211082.5930173}]}, "version": 69}
{"obj": {"type": "LogFloats", "path": ["monitoring", "memory"], "values": [{"value": 25.011375427246094, "step": null, "ts": 1668211082.5930173}]}, "version": 70}
{"obj": {"type": "LogFloats", "path": ["monitoring", "gpu_memory"], "values": [{"value": 26.1910400390625, "step": null, "ts": 1668211082.5930173}]}, "version": 71}
{"obj": {"type": "LogFloats", "path": ["monitoring", "cpu"], "values": [{"value": 1.3, "step": null, "ts": 1668211092.5945623}]}, "version": 72}
{"obj": {"type": "LogFloats", "path": ["monitoring", "memory"], "values": [{"value": 25.002750396728516, "step": null, "ts": 1668211092.5945623}]}, "version": 73}
{"obj": {"type": "LogFloats", "path": ["monitoring", "gpu_memory"], "values": [{"value": 26.1910400390625, "step": null, "ts": 1668211092.5945623}]}, "version": 74}
{"obj": {"type": "LogFloats", "path": ["monitoring", "cpu"], "values": [{"value": 0.9, "step": null, "ts": 1668211102.5960836}]}, "version": 75}
{"obj": {"type": "LogFloats", "path": ["monitoring", "memory"], "values": [{"value": 24.99053955078125, "step": null, "ts": 1668211102.5960836}]}, "version": 76}
{"obj": {"type": "LogFloats", "path": ["monitoring", "gpu_memory"], "values": [{"value": 26.1910400390625, "step": null, "ts": 1668211102.5960836}]}, "version": 77}
{"obj": {"type": "LogFloats", "path": ["monitoring", "cpu"], "values": [{"value": 1.1, "step": null, "ts": 1668211112.5981998}]}, "version": 78}
{"obj": {"type": "LogFloats", "path": ["monitoring", "memory"], "values": [{"value": 25.00259780883789, "step": null, "ts": 1668211112.5981998}]}, "version": 79}
{"obj": {"type": "LogFloats", "path": ["monitoring", "gpu_memory"], "values": [{"value": 26.1910400390625, "step": null, "ts": 1668211112.5981998}]}, "version": 80}
{"obj": {"type": "LogFloats", "path": ["monitoring", "cpu"], "values": [{"value": 1.7, "step": null, "ts": 1668211122.6000278}]}, "version": 81}
{"obj": {"type": "LogFloats", "path": ["monitoring", "memory"], "values": [{"value": 24.9974365234375, "step": null, "ts": 1668211122.6000278}]}, "version": 82}
{"obj": {"type": "LogFloats", "path": ["monitoring", "gpu_memory"], "values": [{"value": 26.1910400390625, "step": null, "ts": 1668211122.6000278}]}, "version": 83}
{"obj": {"type": "LogFloats", "path": ["monitoring", "cpu"], "values": [{"value": 1.6, "step": null, "ts": 1668211132.6020322}]}, "version": 84}
{"obj": {"type": "LogFloats", "path": ["monitoring", "memory"], "values": [{"value": 24.999652862548828, "step": null, "ts": 1668211132.6020322}]}, "version": 85}
{"obj": {"type": "LogFloats", "path": ["monitoring", "gpu_memory"], "values": [{"value": 26.1910400390625, "step": null, "ts": 1668211132.6020322}]}, "version": 86}
{"obj": {"type": "LogFloats", "path": ["monitoring", "cpu"], "values": [{"value": 1.1, "step": null, "ts": 1668211142.6043797}]}, "version": 87}
{"obj": {"type": "LogFloats", "path": ["monitoring", "memory"], "values": [{"value": 25.00543212890625, "step": null, "ts": 1668211142.6043797}]}, "version": 88}
{"obj": {"type": "LogFloats", "path": ["monitoring", "gpu_memory"], "values": [{"value": 26.1910400390625, "step": null, "ts": 1668211142.6043797}]}, "version": 89}
{"obj": {"type": "LogFloats", "path": ["monitoring", "cpu"], "values": [{"value": 1.3, "step": null, "ts": 1668211152.6062381}]}, "version": 90}
{"obj": {"type": "LogFloats", "path": ["monitoring", "memory"], "values": [{"value": 24.99787139892578, "step": null, "ts": 1668211152.6062381}]}, "version": 91}
{"obj": {"type": "LogFloats", "path": ["monitoring", "gpu_memory"], "values": [{"value": 26.1910400390625, "step": null, "ts": 1668211152.6062381}]}, "version": 92}
{"obj": {"type": "LogFloats", "path": ["monitoring", "cpu"], "values": [{"value": 0.9, "step": null, "ts": 1668211162.6077724}]}, "version": 93}
{"obj": {"type": "LogFloats", "path": ["monitoring", "memory"], "values": [{"value": 25.000164031982422, "step": null, "ts": 1668211162.6077724}]}, "version": 94}
{"obj": {"type": "LogFloats", "path": ["monitoring", "gpu_memory"], "values": [{"value": 26.1910400390625, "step": null, "ts": 1668211162.6077724}]}, "version": 95}
{"obj": {"type": "LogFloats", "path": ["monitoring", "cpu"], "values": [{"value": 1.0, "step": null, "ts": 1668211172.6093018}]}, "version": 96}
{"obj": {"type": "LogFloats", "path": ["monitoring", "memory"], "values": [{"value": 25.006149291992188, "step": null, "ts": 1668211172.6093018}]}, "version": 97}
{"obj": {"type": "LogFloats", "path": ["monitoring", "gpu_memory"], "values": [{"value": 26.1910400390625, "step": null, "ts": 1668211172.6093018}]}, "version": 98}
{"obj": {"type": "LogFloats", "path": ["monitoring", "cpu"], "values": [{"value": 1.2, "step": null, "ts": 1668211182.610854}]}, "version": 99}
{"obj": {"type": "LogFloats", "path": ["monitoring", "memory"], "values": [{"value": 25.004947662353516, "step": null, "ts": 1668211182.610854}]}, "version": 100}
{"obj": {"type": "LogFloats", "path": ["monitoring", "gpu_memory"], "values": [{"value": 26.1910400390625, "step": null, "ts": 1668211182.610854}]}, "version": 101}
{"obj": {"type": "LogFloats", "path": ["monitoring", "cpu"], "values": [{"value": 1.0, "step": null, "ts": 1668211192.6123726}]}, "version": 102}
{"obj": {"type": "LogFloats", "path": ["monitoring", "memory"], "values": [{"value": 25.008464813232422, "step": null, "ts": 1668211192.6123726}]}, "version": 103}
{"obj": {"type": "LogFloats", "path": ["monitoring", "gpu_memory"], "values": [{"value": 26.1910400390625, "step": null, "ts": 1668211192.6123726}]}, "version": 104}
{"obj": {"type": "LogFloats", "path": ["monitoring", "cpu"], "values": [{"value": 1.0, "step": null, "ts": 1668211202.6139538}]}, "version": 105}
{"obj": {"type": "LogFloats", "path": ["monitoring", "memory"], "values": [{"value": 25.003753662109375, "step": null, "ts": 1668211202.6139538}]}, "version": 106}
{"obj": {"type": "LogFloats", "path": ["monitoring", "gpu_memory"], "values": [{"value": 26.1910400390625, "step": null, "ts": 1668211202.6139538}]}, "version": 107}
{"obj": {"type": "LogFloats", "path": ["monitoring", "cpu"], "values": [{"value": 1.2, "step": null, "ts": 1668211212.6154463}]}, "version": 108}
{"obj": {"type": "LogFloats", "path": ["monitoring", "memory"], "values": [{"value": 25.01041030883789, "step": null, "ts": 1668211212.6154463}]}, "version": 109}
{"obj": {"type": "LogFloats", "path": ["monitoring", "gpu_memory"], "values": [{"value": 26.1910400390625, "step": null, "ts": 1668211212.6154463}]}, "version": 110}
{"obj": {"type": "LogFloats", "path": ["monitoring", "cpu"], "values": [{"value": 1.0, "step": null, "ts": 1668211222.6168807}]}, "version": 111}
{"obj": {"type": "LogFloats", "path": ["monitoring", "memory"], "values": [{"value": 25.010250091552734, "step": null, "ts": 1668211222.6168807}]}, "version": 112}
{"obj": {"type": "LogFloats", "path": ["monitoring", "gpu_memory"], "values": [{"value": 26.1910400390625, "step": null, "ts": 1668211222.6168807}]}, "version": 113}
{"obj": {"type": "LogFloats", "path": ["monitoring", "cpu"], "values": [{"value": 1.0, "step": null, "ts": 1668211232.6185532}]}, "version": 114}
{"obj": {"type": "LogFloats", "path": ["monitoring", "memory"], "values": [{"value": 25.00540542602539, "step": null, "ts": 1668211232.6185532}]}, "version": 115}
{"obj": {"type": "LogFloats", "path": ["monitoring", "gpu_memory"], "values": [{"value": 26.1910400390625, "step": null, "ts": 1668211232.6185532}]}, "version": 116}
{"obj": {"type": "LogFloats", "path": ["monitoring", "cpu"], "values": [{"value": 1.2, "step": null, "ts": 1668211242.6200457}]}, "version": 117}
{"obj": {"type": "LogFloats", "path": ["monitoring", "memory"], "values": [{"value": 25.0035400390625, "step": null, "ts": 1668211242.6200457}]}, "version": 118}
{"obj": {"type": "LogFloats", "path": ["monitoring", "gpu_memory"], "values": [{"value": 26.1910400390625, "step": null, "ts": 1668211242.6200457}]}, "version": 119}
{"obj": {"type": "LogFloats", "path": ["monitoring", "cpu"], "values": [{"value": 1.0, "step": null, "ts": 1668211252.621612}]}, "version": 120}
{"obj": {"type": "LogFloats", "path": ["monitoring", "memory"], "values": [{"value": 25.026405334472656, "step": null, "ts": 1668211252.621612}]}, "version": 121}
{"obj": {"type": "LogFloats", "path": ["monitoring", "gpu_memory"], "values": [{"value": 26.1910400390625, "step": null, "ts": 1668211252.621612}]}, "version": 122}
{"obj": {"type": "LogFloats", "path": ["monitoring", "cpu"], "values": [{"value": 1.0, "step": null, "ts": 1668211262.6235626}]}, "version": 123}
{"obj": {"type": "LogFloats", "path": ["monitoring", "memory"], "values": [{"value": 25.005226135253906, "step": null, "ts": 1668211262.6235626}]}, "version": 124}
{"obj": {"type": "LogFloats", "path": ["monitoring", "gpu_memory"], "values": [{"value": 26.1910400390625, "step": null, "ts": 1668211262.6235626}]}, "version": 125}
{"obj": {"type": "LogFloats", "path": ["monitoring", "cpu"], "values": [{"value": 1.2, "step": null, "ts": 1668211272.6253028}]}, "version": 126}
{"obj": {"type": "LogFloats", "path": ["monitoring", "memory"], "values": [{"value": 25.00870132446289, "step": null, "ts": 1668211272.6253028}]}, "version": 127}
{"obj": {"type": "LogFloats", "path": ["monitoring", "gpu_memory"], "values": [{"value": 26.1910400390625, "step": null, "ts": 1668211272.6253028}]}, "version": 128}
{"obj": {"type": "LogFloats", "path": ["monitoring", "cpu"], "values": [{"value": 1.0, "step": null, "ts": 1668211282.6272113}]}, "version": 129}
{"obj": {"type": "LogFloats", "path": ["monitoring", "memory"], "values": [{"value": 25.00177764892578, "step": null, "ts": 1668211282.6272113}]}, "version": 130}
{"obj": {"type": "LogFloats", "path": ["monitoring", "gpu_memory"], "values": [{"value": 26.1910400390625, "step": null, "ts": 1668211282.6272113}]}, "version": 131}
{"obj": {"type": "LogFloats", "path": ["monitoring", "cpu"], "values": [{"value": 0.9, "step": null, "ts": 1668211292.6288142}]}, "version": 132}
{"obj": {"type": "LogFloats", "path": ["monitoring", "memory"], "values": [{"value": 25.003829956054688, "step": null, "ts": 1668211292.6288142}]}, "version": 133}
{"obj": {"type": "LogFloats", "path": ["monitoring", "gpu_memory"], "values": [{"value": 26.1910400390625, "step": null, "ts": 1668211292.6288142}]}, "version": 134}
{"obj": {"type": "LogFloats", "path": ["monitoring", "cpu"], "values": [{"value": 1.2, "step": null, "ts": 1668211302.630785}]}, "version": 135}
{"obj": {"type": "LogFloats", "path": ["monitoring", "memory"], "values": [{"value": 25.00751495361328, "step": null, "ts": 1668211302.630785}]}, "version": 136}
{"obj": {"type": "LogFloats", "path": ["monitoring", "gpu_memory"], "values": [{"value": 26.1910400390625, "step": null, "ts": 1668211302.630785}]}, "version": 137}
{"obj": {"type": "LogFloats", "path": ["monitoring", "cpu"], "values": [{"value": 1.0, "step": null, "ts": 1668211312.6325688}]}, "version": 138}
{"obj": {"type": "LogFloats", "path": ["monitoring", "memory"], "values": [{"value": 25.015769958496094, "step": null, "ts": 1668211312.6325688}]}, "version": 139}
{"obj": {"type": "LogFloats", "path": ["monitoring", "gpu_memory"], "values": [{"value": 26.1910400390625, "step": null, "ts": 1668211312.6325688}]}, "version": 140}
{"obj": {"type": "LogFloats", "path": ["monitoring", "cpu"], "values": [{"value": 0.9, "step": null, "ts": 1668211322.6342633}]}, "version": 141}
{"obj": {"type": "LogFloats", "path": ["monitoring", "memory"], "values": [{"value": 25.006595611572266, "step": null, "ts": 1668211322.6342633}]}, "version": 142}
{"obj": {"type": "LogFloats", "path": ["monitoring", "gpu_memory"], "values": [{"value": 26.1910400390625, "step": null, "ts": 1668211322.6342633}]}, "version": 143}
{"obj": {"type": "LogFloats", "path": ["monitoring", "cpu"], "values": [{"value": 1.3, "step": null, "ts": 1668211332.6359315}]}, "version": 144}
{"obj": {"type": "LogFloats", "path": ["monitoring", "memory"], "values": [{"value": 25.008819580078125, "step": null, "ts": 1668211332.6359315}]}, "version": 145}
{"obj": {"type": "LogFloats", "path": ["monitoring", "gpu_memory"], "values": [{"value": 26.1910400390625, "step": null, "ts": 1668211332.6359315}]}, "version": 146}
{"obj": {"type": "LogFloats", "path": ["monitoring", "cpu"], "values": [{"value": 1.1, "step": null, "ts": 1668211342.6376507}]}, "version": 147}
{"obj": {"type": "LogFloats", "path": ["monitoring", "memory"], "values": [{"value": 25.023834228515625, "step": null, "ts": 1668211342.6376507}]}, "version": 148}
{"obj": {"type": "LogFloats", "path": ["monitoring", "gpu_memory"], "values": [{"value": 26.1910400390625, "step": null, "ts": 1668211342.6376507}]}, "version": 149}
{"obj": {"type": "LogFloats", "path": ["monitoring", "cpu"], "values": [{"value": 0.9, "step": null, "ts": 1668211352.6393723}]}, "version": 150}
{"obj": {"type": "LogFloats", "path": ["monitoring", "memory"], "values": [{"value": 25.007030487060547, "step": null, "ts": 1668211352.6393723}]}, "version": 151}
{"obj": {"type": "LogFloats", "path": ["monitoring", "gpu_memory"], "values": [{"value": 26.1910400390625, "step": null, "ts": 1668211352.6393723}]}, "version": 152}
{"obj": {"type": "LogFloats", "path": ["monitoring", "cpu"], "values": [{"value": 1.3, "step": null, "ts": 1668211362.6415622}]}, "version": 153}
{"obj": {"type": "LogFloats", "path": ["monitoring", "memory"], "values": [{"value": 25.003841400146484, "step": null, "ts": 1668211362.6415622}]}, "version": 154}
{"obj": {"type": "LogFloats", "path": ["monitoring", "gpu_memory"], "values": [{"value": 26.1910400390625, "step": null, "ts": 1668211362.6415622}]}, "version": 155}
{"obj": {"type": "LogFloats", "path": ["monitoring", "cpu"], "values": [{"value": 1.1, "step": null, "ts": 1668211372.6430593}]}, "version": 156}
{"obj": {"type": "LogFloats", "path": ["monitoring", "memory"], "values": [{"value": 25.025943756103516, "step": null, "ts": 1668211372.6430593}]}, "version": 157}
{"obj": {"type": "LogFloats", "path": ["monitoring", "gpu_memory"], "values": [{"value": 26.1910400390625, "step": null, "ts": 1668211372.6430593}]}, "version": 158}
{"obj": {"type": "LogFloats", "path": ["monitoring", "cpu"], "values": [{"value": 0.9, "step": null, "ts": 1668211382.6450317}]}, "version": 159}
{"obj": {"type": "LogFloats", "path": ["monitoring", "memory"], "values": [{"value": 25.006301879882812, "step": null, "ts": 1668211382.6450317}]}, "version": 160}
{"obj": {"type": "LogFloats", "path": ["monitoring", "gpu_memory"], "values": [{"value": 26.1910400390625, "step": null, "ts": 1668211382.6450317}]}, "version": 161}
{"obj": {"type": "LogFloats", "path": ["monitoring", "cpu"], "values": [{"value": 1.2, "step": null, "ts": 1668211392.6474493}]}, "version": 162}
{"obj": {"type": "LogFloats", "path": ["monitoring", "memory"], "values": [{"value": 25.008007049560547, "step": null, "ts": 1668211392.6474493}]}, "version": 163}
{"obj": {"type": "LogFloats", "path": ["monitoring", "gpu_memory"], "values": [{"value": 26.1910400390625, "step": null, "ts": 1668211392.6474493}]}, "version": 164}
{"obj": {"type": "LogFloats", "path": ["monitoring", "cpu"], "values": [{"value": 1.1, "step": null, "ts": 1668211402.649037}]}, "version": 165}
{"obj": {"type": "LogFloats", "path": ["monitoring", "memory"], "values": [{"value": 25.02447509765625, "step": null, "ts": 1668211402.649037}]}, "version": 166}
{"obj": {"type": "LogFloats", "path": ["monitoring", "gpu_memory"], "values": [{"value": 26.1910400390625, "step": null, "ts": 1668211402.649037}]}, "version": 167}
{"obj": {"type": "LogFloats", "path": ["monitoring", "cpu"], "values": [{"value": 0.9, "step": null, "ts": 1668211412.6510322}]}, "version": 168}
{"obj": {"type": "LogFloats", "path": ["monitoring", "memory"], "values": [{"value": 25.017127990722656, "step": null, "ts": 1668211412.6510322}]}, "version": 169}
{"obj": {"type": "LogFloats", "path": ["monitoring", "gpu_memory"], "values": [{"value": 26.1910400390625, "step": null, "ts": 1668211412.6510322}]}, "version": 170}
{"obj": {"type": "LogFloats", "path": ["monitoring", "cpu"], "values": [{"value": 1.2, "step": null, "ts": 1668211422.6608999}]}, "version": 171}
{"obj": {"type": "LogFloats", "path": ["monitoring", "memory"], "values": [{"value": 25.016918182373047, "step": null, "ts": 1668211422.6608999}]}, "version": 172}
{"obj": {"type": "LogFloats", "path": ["monitoring", "gpu_memory"], "values": [{"value": 26.1910400390625, "step": null, "ts": 1668211422.6608999}]}, "version": 173}
{"obj": {"type": "LogFloats", "path": ["monitoring", "cpu"], "values": [{"value": 1.2, "step": null, "ts": 1668211432.662483}]}, "version": 174}
{"obj": {"type": "LogFloats", "path": ["monitoring", "memory"], "values": [{"value": 25.016971588134766, "step": null, "ts": 1668211432.662483}]}, "version": 175}
{"obj": {"type": "LogFloats", "path": ["monitoring", "gpu_memory"], "values": [{"value": 26.1910400390625, "step": null, "ts": 1668211432.662483}]}, "version": 176}
{"obj": {"type": "LogFloats", "path": ["monitoring", "cpu"], "values": [{"value": 0.9, "step": null, "ts": 1668211442.6639216}]}, "version": 177}
{"obj": {"type": "LogFloats", "path": ["monitoring", "memory"], "values": [{"value": 25.013782501220703, "step": null, "ts": 1668211442.6639216}]}, "version": 178}
{"obj": {"type": "LogFloats", "path": ["monitoring", "gpu_memory"], "values": [{"value": 26.1910400390625, "step": null, "ts": 1668211442.6639216}]}, "version": 179}
{"obj": {"type": "LogFloats", "path": ["monitoring", "cpu"], "values": [{"value": 1.1, "step": null, "ts": 1668211452.6659338}]}, "version": 180}
{"obj": {"type": "LogFloats", "path": ["monitoring", "memory"], "values": [{"value": 25.013813018798828, "step": null, "ts": 1668211452.6659338}]}, "version": 181}
{"obj": {"type": "LogFloats", "path": ["monitoring", "gpu_memory"], "values": [{"value": 26.1910400390625, "step": null, "ts": 1668211452.6659338}]}, "version": 182}
{"obj": {"type": "LogFloats", "path": ["monitoring", "cpu"], "values": [{"value": 1.2, "step": null, "ts": 1668211462.6677275}]}, "version": 183}
{"obj": {"type": "LogFloats", "path": ["monitoring", "memory"], "values": [{"value": 25.022037506103516, "step": null, "ts": 1668211462.6677275}]}, "version": 184}
{"obj": {"type": "LogFloats", "path": ["monitoring", "gpu_memory"], "values": [{"value": 26.1910400390625, "step": null, "ts": 1668211462.6677275}]}, "version": 185}
{"obj": {"type": "LogFloats", "path": ["monitoring", "cpu"], "values": [{"value": 0.9, "step": null, "ts": 1668211472.6696298}]}, "version": 186}
{"obj": {"type": "LogFloats", "path": ["monitoring", "memory"], "values": [{"value": 25.01496124267578, "step": null, "ts": 1668211472.6696298}]}, "version": 187}
{"obj": {"type": "LogFloats", "path": ["monitoring", "gpu_memory"], "values": [{"value": 26.1910400390625, "step": null, "ts": 1668211472.6696298}]}, "version": 188}
{"obj": {"type": "LogFloats", "path": ["monitoring", "cpu"], "values": [{"value": 1.1, "step": null, "ts": 1668211482.6720247}]}, "version": 189}
{"obj": {"type": "LogFloats", "path": ["monitoring", "memory"], "values": [{"value": 25.013504028320312, "step": null, "ts": 1668211482.6720247}]}, "version": 190}
{"obj": {"type": "LogFloats", "path": ["monitoring", "gpu_memory"], "values": [{"value": 26.1910400390625, "step": null, "ts": 1668211482.6720247}]}, "version": 191}
{"obj": {"type": "LogFloats", "path": ["monitoring", "cpu"], "values": [{"value": 1.2, "step": null, "ts": 1668211492.6735234}]}, "version": 192}
{"obj": {"type": "LogFloats", "path": ["monitoring", "memory"], "values": [{"value": 25.017742156982422, "step": null, "ts": 1668211492.6735234}]}, "version": 193}
{"obj": {"type": "LogFloats", "path": ["monitoring", "gpu_memory"], "values": [{"value": 26.1910400390625, "step": null, "ts": 1668211492.6735234}]}, "version": 194}
{"obj": {"type": "LogFloats", "path": ["monitoring", "cpu"], "values": [{"value": 1.0, "step": null, "ts": 1668211502.6755123}]}, "version": 195}
{"obj": {"type": "LogFloats", "path": ["monitoring", "memory"], "values": [{"value": 25.010452270507812, "step": null, "ts": 1668211502.6755123}]}, "version": 196}
{"obj": {"type": "LogFloats", "path": ["monitoring", "gpu_memory"], "values": [{"value": 26.1910400390625, "step": null, "ts": 1668211502.6755123}]}, "version": 197}
{"obj": {"type": "LogFloats", "path": ["monitoring", "cpu"], "values": [{"value": 1.1, "step": null, "ts": 1668211512.6773548}]}, "version": 198}
{"obj": {"type": "LogFloats", "path": ["monitoring", "memory"], "values": [{"value": 25.013839721679688, "step": null, "ts": 1668211512.6773548}]}, "version": 199}
{"obj": {"type": "LogFloats", "path": ["monitoring", "gpu_memory"], "values": [{"value": 26.1910400390625, "step": null, "ts": 1668211512.6773548}]}, "version": 200}
{"obj": {"type": "LogFloats", "path": ["monitoring", "cpu"], "values": [{"value": 1.2, "step": null, "ts": 1668211522.678897}]}, "version": 201}
{"obj": {"type": "LogFloats", "path": ["monitoring", "memory"], "values": [{"value": 25.012439727783203, "step": null, "ts": 1668211522.678897}]}, "version": 202}
{"obj": {"type": "LogFloats", "path": ["monitoring", "gpu_memory"], "values": [{"value": 26.1910400390625, "step": null, "ts": 1668211522.678897}]}, "version": 203}
{"obj": {"type": "LogFloats", "path": ["monitoring", "cpu"], "values": [{"value": 0.9, "step": null, "ts": 1668211532.6804967}]}, "version": 204}
{"obj": {"type": "LogFloats", "path": ["monitoring", "memory"], "values": [{"value": 25.00699234008789, "step": null, "ts": 1668211532.6804967}]}, "version": 205}
{"obj": {"type": "LogFloats", "path": ["monitoring", "gpu_memory"], "values": [{"value": 26.1910400390625, "step": null, "ts": 1668211532.6804967}]}, "version": 206}
{"obj": {"type": "LogFloats", "path": ["monitoring", "cpu"], "values": [{"value": 1.1, "step": null, "ts": 1668211542.6826599}]}, "version": 207}
{"obj": {"type": "LogFloats", "path": ["monitoring", "memory"], "values": [{"value": 25.016376495361328, "step": null, "ts": 1668211542.6826599}]}, "version": 208}
{"obj": {"type": "LogFloats", "path": ["monitoring", "gpu_memory"], "values": [{"value": 26.1910400390625, "step": null, "ts": 1668211542.6826599}]}, "version": 209}
{"obj": {"type": "LogFloats", "path": ["monitoring", "cpu"], "values": [{"value": 1.2, "step": null, "ts": 1668211552.6842904}]}, "version": 210}
{"obj": {"type": "LogFloats", "path": ["monitoring", "memory"], "values": [{"value": 25.02545928955078, "step": null, "ts": 1668211552.6842904}]}, "version": 211}
{"obj": {"type": "LogFloats", "path": ["monitoring", "gpu_memory"], "values": [{"value": 26.1910400390625, "step": null, "ts": 1668211552.6842904}]}, "version": 212}
{"obj": {"type": "LogFloats", "path": ["monitoring", "cpu"], "values": [{"value": 0.9, "step": null, "ts": 1668211562.686538}]}, "version": 213}
{"obj": {"type": "LogFloats", "path": ["monitoring", "memory"], "values": [{"value": 25.013893127441406, "step": null, "ts": 1668211562.686538}]}, "version": 214}
{"obj": {"type": "LogFloats", "path": ["monitoring", "gpu_memory"], "values": [{"value": 26.1910400390625, "step": null, "ts": 1668211562.686538}]}, "version": 215}
{"obj": {"type": "LogFloats", "path": ["monitoring", "cpu"], "values": [{"value": 1.1, "step": null, "ts": 1668211572.6887956}]}, "version": 216}
{"obj": {"type": "LogFloats", "path": ["monitoring", "memory"], "values": [{"value": 25.01483154296875, "step": null, "ts": 1668211572.6887956}]}, "version": 217}
{"obj": {"type": "LogFloats", "path": ["monitoring", "gpu_memory"], "values": [{"value": 26.1910400390625, "step": null, "ts": 1668211572.6887956}]}, "version": 218}
{"obj": {"type": "LogFloats", "path": ["monitoring", "cpu"], "values": [{"value": 1.2, "step": null, "ts": 1668211582.6905525}]}, "version": 219}
{"obj": {"type": "LogFloats", "path": ["monitoring", "memory"], "values": [{"value": 25.027809143066406, "step": null, "ts": 1668211582.6905525}]}, "version": 220}
{"obj": {"type": "LogFloats", "path": ["monitoring", "gpu_memory"], "values": [{"value": 26.1910400390625, "step": null, "ts": 1668211582.6905525}]}, "version": 221}
{"obj": {"type": "LogFloats", "path": ["monitoring", "cpu"], "values": [{"value": 0.9, "step": null, "ts": 1668211592.692041}]}, "version": 222}
{"obj": {"type": "LogFloats", "path": ["monitoring", "memory"], "values": [{"value": 25.027915954589844, "step": null, "ts": 1668211592.692041}]}, "version": 223}
{"obj": {"type": "LogFloats", "path": ["monitoring", "gpu_memory"], "values": [{"value": 26.1910400390625, "step": null, "ts": 1668211592.692041}]}, "version": 224}
{"obj": {"type": "LogFloats", "path": ["monitoring", "cpu"], "values": [{"value": 1.0, "step": null, "ts": 1668211602.6936874}]}, "version": 225}
{"obj": {"type": "LogFloats", "path": ["monitoring", "memory"], "values": [{"value": 25.015609741210938, "step": null, "ts": 1668211602.6936874}]}, "version": 226}
{"obj": {"type": "LogFloats", "path": ["monitoring", "gpu_memory"], "values": [{"value": 26.1910400390625, "step": null, "ts": 1668211602.6936874}]}, "version": 227}
{"obj": {"type": "LogFloats", "path": ["monitoring", "cpu"], "values": [{"value": 1.2, "step": null, "ts": 1668211612.6952069}]}, "version": 228}
{"obj": {"type": "LogFloats", "path": ["monitoring", "memory"], "values": [{"value": 25.010189056396484, "step": null, "ts": 1668211612.6952069}]}, "version": 229}
{"obj": {"type": "LogFloats", "path": ["monitoring", "gpu_memory"], "values": [{"value": 26.1910400390625, "step": null, "ts": 1668211612.6952069}]}, "version": 230}
{"obj": {"type": "LogFloats", "path": ["monitoring", "cpu"], "values": [{"value": 0.9, "step": null, "ts": 1668211622.696688}]}, "version": 231}
{"obj": {"type": "LogFloats", "path": ["monitoring", "memory"], "values": [{"value": 25.017005920410156, "step": null, "ts": 1668211622.696688}]}, "version": 232}
{"obj": {"type": "LogFloats", "path": ["monitoring", "gpu_memory"], "values": [{"value": 26.1910400390625, "step": null, "ts": 1668211622.696688}]}, "version": 233}
{"obj": {"type": "LogFloats", "path": ["monitoring", "cpu"], "values": [{"value": 0.9, "step": null, "ts": 1668211632.6982477}]}, "version": 234}
{"obj": {"type": "LogFloats", "path": ["monitoring", "memory"], "values": [{"value": 25.013057708740234, "step": null, "ts": 1668211632.6982477}]}, "version": 235}
{"obj": {"type": "LogFloats", "path": ["monitoring", "gpu_memory"], "values": [{"value": 26.1910400390625, "step": null, "ts": 1668211632.6982477}]}, "version": 236}
{"obj": {"type": "LogFloats", "path": ["monitoring", "cpu"], "values": [{"value": 1.2, "step": null, "ts": 1668211642.7001078}]}, "version": 237}
{"obj": {"type": "LogFloats", "path": ["monitoring", "memory"], "values": [{"value": 25.01490020751953, "step": null, "ts": 1668211642.7001078}]}, "version": 238}
{"obj": {"type": "LogFloats", "path": ["monitoring", "gpu_memory"], "values": [{"value": 26.1910400390625, "step": null, "ts": 1668211642.7001078}]}, "version": 239}
{"obj": {"type": "LogFloats", "path": ["monitoring", "cpu"], "values": [{"value": 1.0, "step": null, "ts": 1668211652.701686}]}, "version": 240}
{"obj": {"type": "LogFloats", "path": ["monitoring", "memory"], "values": [{"value": 25.023998260498047, "step": null, "ts": 1668211652.701686}]}, "version": 241}
{"obj": {"type": "LogFloats", "path": ["monitoring", "gpu_memory"], "values": [{"value": 26.1910400390625, "step": null, "ts": 1668211652.701686}]}, "version": 242}
{"obj": {"type": "LogFloats", "path": ["monitoring", "cpu"], "values": [{"value": 0.9, "step": null, "ts": 1668211662.7032862}]}, "version": 243}
{"obj": {"type": "LogFloats", "path": ["monitoring", "memory"], "values": [{"value": 25.015159606933594, "step": null, "ts": 1668211662.7032862}]}, "version": 244}
{"obj": {"type": "LogFloats", "path": ["monitoring", "gpu_memory"], "values": [{"value": 26.1910400390625, "step": null, "ts": 1668211662.7032862}]}, "version": 245}
{"obj": {"type": "LogFloats", "path": ["monitoring", "cpu"], "values": [{"value": 1.2, "step": null, "ts": 1668211672.705084}]}, "version": 246}
{"obj": {"type": "LogFloats", "path": ["monitoring", "memory"], "values": [{"value": 25.022457122802734, "step": null, "ts": 1668211672.705084}]}, "version": 247}
{"obj": {"type": "LogFloats", "path": ["monitoring", "gpu_memory"], "values": [{"value": 26.1910400390625, "step": null, "ts": 1668211672.705084}]}, "version": 248}
{"obj": {"type": "LogFloats", "path": ["monitoring", "cpu"], "values": [{"value": 1.0, "step": null, "ts": 1668211682.7066329}]}, "version": 249}
{"obj": {"type": "LogFloats", "path": ["monitoring", "memory"], "values": [{"value": 25.02576446533203, "step": null, "ts": 1668211682.7066329}]}, "version": 250}
{"obj": {"type": "LogFloats", "path": ["monitoring", "gpu_memory"], "values": [{"value": 26.1910400390625, "step": null, "ts": 1668211682.7066329}]}, "version": 251}
{"obj": {"type": "LogFloats", "path": ["monitoring", "cpu"], "values": [{"value": 0.9, "step": null, "ts": 1668211692.7082357}]}, "version": 252}
{"obj": {"type": "LogFloats", "path": ["monitoring", "memory"], "values": [{"value": 25.015522003173828, "step": null, "ts": 1668211692.7082357}]}, "version": 253}
{"obj": {"type": "LogFloats", "path": ["monitoring", "gpu_memory"], "values": [{"value": 26.1910400390625, "step": null, "ts": 1668211692.7082357}]}, "version": 254}
{"obj": {"type": "LogFloats", "path": ["monitoring", "cpu"], "values": [{"value": 1.2, "step": null, "ts": 1668211702.710178}]}, "version": 255}
{"obj": {"type": "LogFloats", "path": ["monitoring", "memory"], "values": [{"value": 25.019611358642578, "step": null, "ts": 1668211702.710178}]}, "version": 256}
{"obj": {"type": "LogFloats", "path": ["monitoring", "gpu_memory"], "values": [{"value": 26.1910400390625, "step": null, "ts": 1668211702.710178}]}, "version": 257}
{"obj": {"type": "LogFloats", "path": ["monitoring", "cpu"], "values": [{"value": 1.0, "step": null, "ts": 1668211712.711748}]}, "version": 258}
{"obj": {"type": "LogFloats", "path": ["monitoring", "memory"], "values": [{"value": 25.019046783447266, "step": null, "ts": 1668211712.711748}]}, "version": 259}
{"obj": {"type": "LogFloats", "path": ["monitoring", "gpu_memory"], "values": [{"value": 26.1910400390625, "step": null, "ts": 1668211712.711748}]}, "version": 260}
{"obj": {"type": "LogFloats", "path": ["monitoring", "cpu"], "values": [{"value": 0.9, "step": null, "ts": 1668211722.7137375}]}, "version": 261}
{"obj": {"type": "LogFloats", "path": ["monitoring", "memory"], "values": [{"value": 25.017696380615234, "step": null, "ts": 1668211722.7137375}]}, "version": 262}
{"obj": {"type": "LogFloats", "path": ["monitoring", "gpu_memory"], "values": [{"value": 26.1910400390625, "step": null, "ts": 1668211722.7137375}]}, "version": 263}
{"obj": {"type": "LogFloats", "path": ["monitoring", "cpu"], "values": [{"value": 1.2, "step": null, "ts": 1668211732.7165542}]}, "version": 264}
{"obj": {"type": "LogFloats", "path": ["monitoring", "memory"], "values": [{"value": 25.01455307006836, "step": null, "ts": 1668211732.7165542}]}, "version": 265}
{"obj": {"type": "LogFloats", "path": ["monitoring", "gpu_memory"], "values": [{"value": 26.1910400390625, "step": null, "ts": 1668211732.7165542}]}, "version": 266}
{"obj": {"type": "LogFloats", "path": ["monitoring", "cpu"], "values": [{"value": 1.1, "step": null, "ts": 1668211742.7180474}]}, "version": 267}
{"obj": {"type": "LogFloats", "path": ["monitoring", "memory"], "values": [{"value": 25.01972198486328, "step": null, "ts": 1668211742.7180474}]}, "version": 268}
{"obj": {"type": "LogFloats", "path": ["monitoring", "gpu_memory"], "values": [{"value": 26.1910400390625, "step": null, "ts": 1668211742.7180474}]}, "version": 269}
{"obj": {"type": "LogFloats", "path": ["monitoring", "cpu"], "values": [{"value": 0.9, "step": null, "ts": 1668211752.7195182}]}, "version": 270}
{"obj": {"type": "LogFloats", "path": ["monitoring", "memory"], "values": [{"value": 25.019031524658203, "step": null, "ts": 1668211752.7195182}]}, "version": 271}
{"obj": {"type": "LogFloats", "path": ["monitoring", "gpu_memory"], "values": [{"value": 26.1910400390625, "step": null, "ts": 1668211752.7195182}]}, "version": 272}
{"obj": {"type": "LogFloats", "path": ["monitoring", "cpu"], "values": [{"value": 1.1, "step": null, "ts": 1668211762.7294374}]}, "version": 273}
{"obj": {"type": "LogFloats", "path": ["monitoring", "memory"], "values": [{"value": 25.0093994140625, "step": null, "ts": 1668211762.7294374}]}, "version": 274}
{"obj": {"type": "LogFloats", "path": ["monitoring", "gpu_memory"], "values": [{"value": 26.1910400390625, "step": null, "ts": 1668211762.7294374}]}, "version": 275}
{"obj": {"type": "LogFloats", "path": ["monitoring", "cpu"], "values": [{"value": 1.2, "step": null, "ts": 1668211772.7312195}]}, "version": 276}
{"obj": {"type": "LogFloats", "path": ["monitoring", "memory"], "values": [{"value": 25.018470764160156, "step": null, "ts": 1668211772.7312195}]}, "version": 277}
{"obj": {"type": "LogFloats", "path": ["monitoring", "gpu_memory"], "values": [{"value": 26.1910400390625, "step": null, "ts": 1668211772.7312195}]}, "version": 278}
{"obj": {"type": "LogFloats", "path": ["monitoring", "cpu"], "values": [{"value": 0.9, "step": null, "ts": 1668211782.732699}]}, "version": 279}
{"obj": {"type": "LogFloats", "path": ["monitoring", "memory"], "values": [{"value": 25.018905639648438, "step": null, "ts": 1668211782.732699}]}, "version": 280}
{"obj": {"type": "LogFloats", "path": ["monitoring", "gpu_memory"], "values": [{"value": 26.1910400390625, "step": null, "ts": 1668211782.732699}]}, "version": 281}
{"obj": {"type": "LogFloats", "path": ["monitoring", "cpu"], "values": [{"value": 1.1, "step": null, "ts": 1668211792.7342012}]}, "version": 282}
{"obj": {"type": "LogFloats", "path": ["monitoring", "memory"], "values": [{"value": 25.019561767578125, "step": null, "ts": 1668211792.7342012}]}, "version": 283}
{"obj": {"type": "LogFloats", "path": ["monitoring", "gpu_memory"], "values": [{"value": 26.1910400390625, "step": null, "ts": 1668211792.7342012}]}, "version": 284}
{"obj": {"type": "LogFloats", "path": ["monitoring", "cpu"], "values": [{"value": 1.2, "step": null, "ts": 1668211802.7357867}]}, "version": 285}
{"obj": {"type": "LogFloats", "path": ["monitoring", "memory"], "values": [{"value": 25.01856231689453, "step": null, "ts": 1668211802.7357867}]}, "version": 286}
{"obj": {"type": "LogFloats", "path": ["monitoring", "gpu_memory"], "values": [{"value": 26.1910400390625, "step": null, "ts": 1668211802.7357867}]}, "version": 287}
{"obj": {"type": "LogFloats", "path": ["monitoring", "cpu"], "values": [{"value": 0.9, "step": null, "ts": 1668211812.737751}]}, "version": 288}
{"obj": {"type": "LogFloats", "path": ["monitoring", "memory"], "values": [{"value": 25.022781372070312, "step": null, "ts": 1668211812.737751}]}, "version": 289}
{"obj": {"type": "LogFloats", "path": ["monitoring", "gpu_memory"], "values": [{"value": 26.1910400390625, "step": null, "ts": 1668211812.737751}]}, "version": 290}
{"obj": {"type": "LogFloats", "path": ["monitoring", "cpu"], "values": [{"value": 1.1, "step": null, "ts": 1668211822.7392838}]}, "version": 291}
{"obj": {"type": "LogFloats", "path": ["monitoring", "memory"], "values": [{"value": 25.018447875976562, "step": null, "ts": 1668211822.7392838}]}, "version": 292}
{"obj": {"type": "LogFloats", "path": ["monitoring", "gpu_memory"], "values": [{"value": 26.1910400390625, "step": null, "ts": 1668211822.7392838}]}, "version": 293}
{"obj": {"type": "LogFloats", "path": ["monitoring", "cpu"], "values": [{"value": 1.2, "step": null, "ts": 1668211832.7409828}]}, "version": 294}
{"obj": {"type": "LogFloats", "path": ["monitoring", "memory"], "values": [{"value": 25.034618377685547, "step": null, "ts": 1668211832.7409828}]}, "version": 295}
{"obj": {"type": "LogFloats", "path": ["monitoring", "gpu_memory"], "values": [{"value": 26.1910400390625, "step": null, "ts": 1668211832.7409828}]}, "version": 296}
{"obj": {"type": "LogFloats", "path": ["monitoring", "cpu"], "values": [{"value": 0.9, "step": null, "ts": 1668211842.7437682}]}, "version": 297}
{"obj": {"type": "LogFloats", "path": ["monitoring", "memory"], "values": [{"value": 25.019515991210938, "step": null, "ts": 1668211842.7437682}]}, "version": 298}
{"obj": {"type": "LogFloats", "path": ["monitoring", "gpu_memory"], "values": [{"value": 26.1910400390625, "step": null, "ts": 1668211842.7437682}]}, "version": 299}
{"obj": {"type": "LogFloats", "path": ["monitoring", "cpu"], "values": [{"value": 1.1, "step": null, "ts": 1668211852.7536163}]}, "version": 300}
{"obj": {"type": "LogFloats", "path": ["monitoring", "memory"], "values": [{"value": 25.01044464111328, "step": null, "ts": 1668211852.7536163}]}, "version": 301}
{"obj": {"type": "LogFloats", "path": ["monitoring", "gpu_memory"], "values": [{"value": 26.1910400390625, "step": null, "ts": 1668211852.7536163}]}, "version": 302}
{"obj": {"type": "LogFloats", "path": ["monitoring", "cpu"], "values": [{"value": 1.3, "step": null, "ts": 1668211862.7551227}]}, "version": 303}
{"obj": {"type": "LogFloats", "path": ["monitoring", "memory"], "values": [{"value": 25.01645278930664, "step": null, "ts": 1668211862.7551227}]}, "version": 304}
{"obj": {"type": "LogFloats", "path": ["monitoring", "gpu_memory"], "values": [{"value": 26.1910400390625, "step": null, "ts": 1668211862.7551227}]}, "version": 305}
{"obj": {"type": "LogFloats", "path": ["monitoring", "cpu"], "values": [{"value": 1.0, "step": null, "ts": 1668211872.7571828}]}, "version": 306}
{"obj": {"type": "LogFloats", "path": ["monitoring", "memory"], "values": [{"value": 25.02069091796875, "step": null, "ts": 1668211872.7571828}]}, "version": 307}
{"obj": {"type": "LogFloats", "path": ["monitoring", "gpu_memory"], "values": [{"value": 26.1910400390625, "step": null, "ts": 1668211872.7571828}]}, "version": 308}
{"obj": {"type": "LogFloats", "path": ["monitoring", "cpu"], "values": [{"value": 1.0, "step": null, "ts": 1668211882.7669542}]}, "version": 309}
{"obj": {"type": "LogFloats", "path": ["monitoring", "memory"], "values": [{"value": 25.01663589477539, "step": null, "ts": 1668211882.7669542}]}, "version": 310}
{"obj": {"type": "LogFloats", "path": ["monitoring", "gpu_memory"], "values": [{"value": 26.1910400390625, "step": null, "ts": 1668211882.7669542}]}, "version": 311}
{"obj": {"type": "LogFloats", "path": ["monitoring", "cpu"], "values": [{"value": 1.2, "step": null, "ts": 1668211892.7686362}]}, "version": 312}
{"obj": {"type": "LogFloats", "path": ["monitoring", "memory"], "values": [{"value": 25.020702362060547, "step": null, "ts": 1668211892.7686362}]}, "version": 313}
{"obj": {"type": "LogFloats", "path": ["monitoring", "gpu_memory"], "values": [{"value": 26.1910400390625, "step": null, "ts": 1668211892.7686362}]}, "version": 314}
{"obj": {"type": "LogFloats", "path": ["monitoring", "cpu"], "values": [{"value": 0.9, "step": null, "ts": 1668211902.7706416}]}, "version": 315}
{"obj": {"type": "LogFloats", "path": ["monitoring", "memory"], "values": [{"value": 25.013816833496094, "step": null, "ts": 1668211902.7706416}]}, "version": 316}
{"obj": {"type": "LogFloats", "path": ["monitoring", "gpu_memory"], "values": [{"value": 26.1910400390625, "step": null, "ts": 1668211902.7706416}]}, "version": 317}
{"obj": {"type": "LogFloats", "path": ["monitoring", "cpu"], "values": [{"value": 1.0, "step": null, "ts": 1668211912.7809653}]}, "version": 318}
{"obj": {"type": "LogFloats", "path": ["monitoring", "memory"], "values": [{"value": 25.012859344482422, "step": null, "ts": 1668211912.7809653}]}, "version": 319}
{"obj": {"type": "LogFloats", "path": ["monitoring", "gpu_memory"], "values": [{"value": 26.1910400390625, "step": null, "ts": 1668211912.7809653}]}, "version": 320}
{"obj": {"type": "LogFloats", "path": ["monitoring", "cpu"], "values": [{"value": 1.2, "step": null, "ts": 1668211922.782463}]}, "version": 321}
{"obj": {"type": "LogFloats", "path": ["monitoring", "memory"], "values": [{"value": 25.019962310791016, "step": null, "ts": 1668211922.782463}]}, "version": 322}
{"obj": {"type": "LogFloats", "path": ["monitoring", "gpu_memory"], "values": [{"value": 26.1910400390625, "step": null, "ts": 1668211922.782463}]}, "version": 323}
{"obj": {"type": "LogFloats", "path": ["monitoring", "cpu"], "values": [{"value": 1.0, "step": null, "ts": 1668211932.7839332}]}, "version": 324}
{"obj": {"type": "LogFloats", "path": ["monitoring", "memory"], "values": [{"value": 25.035171508789062, "step": null, "ts": 1668211932.7839332}]}, "version": 325}
{"obj": {"type": "LogFloats", "path": ["monitoring", "gpu_memory"], "values": [{"value": 26.1910400390625, "step": null, "ts": 1668211932.7839332}]}, "version": 326}
{"obj": {"type": "LogFloats", "path": ["monitoring", "cpu"], "values": [{"value": 1.0, "step": null, "ts": 1668211942.7857757}]}, "version": 327}
{"obj": {"type": "LogFloats", "path": ["monitoring", "memory"], "values": [{"value": 25.026046752929688, "step": null, "ts": 1668211942.7857757}]}, "version": 328}
{"obj": {"type": "LogFloats", "path": ["monitoring", "gpu_memory"], "values": [{"value": 26.1910400390625, "step": null, "ts": 1668211942.7857757}]}, "version": 329}
{"obj": {"type": "LogFloats", "path": ["monitoring", "cpu"], "values": [{"value": 1.2, "step": null, "ts": 1668211952.787398}]}, "version": 330}
{"obj": {"type": "LogFloats", "path": ["monitoring", "memory"], "values": [{"value": 25.018035888671875, "step": null, "ts": 1668211952.787398}]}, "version": 331}
{"obj": {"type": "LogFloats", "path": ["monitoring", "gpu_memory"], "values": [{"value": 26.1910400390625, "step": null, "ts": 1668211952.787398}]}, "version": 332}
{"obj": {"type": "LogFloats", "path": ["monitoring", "cpu"], "values": [{"value": 1.1, "step": null, "ts": 1668211962.7888706}]}, "version": 333}
{"obj": {"type": "LogFloats", "path": ["monitoring", "memory"], "values": [{"value": 25.03347396850586, "step": null, "ts": 1668211962.7888706}]}, "version": 334}
{"obj": {"type": "LogFloats", "path": ["monitoring", "gpu_memory"], "values": [{"value": 26.1910400390625, "step": null, "ts": 1668211962.7888706}]}, "version": 335}
{"obj": {"type": "LogFloats", "path": ["monitoring", "cpu"], "values": [{"value": 0.9, "step": null, "ts": 1668211972.790931}]}, "version": 336}
{"obj": {"type": "LogFloats", "path": ["monitoring", "memory"], "values": [{"value": 25.020557403564453, "step": null, "ts": 1668211972.790931}]}, "version": 337}
{"obj": {"type": "LogFloats", "path": ["monitoring", "gpu_memory"], "values": [{"value": 26.1910400390625, "step": null, "ts": 1668211972.790931}]}, "version": 338}
{"obj": {"type": "LogFloats", "path": ["monitoring", "cpu"], "values": [{"value": 1.5, "step": null, "ts": 1668211982.8009257}]}, "version": 339}
{"obj": {"type": "LogFloats", "path": ["monitoring", "memory"], "values": [{"value": 25.033336639404297, "step": null, "ts": 1668211982.8009257}]}, "version": 340}
{"obj": {"type": "LogFloats", "path": ["monitoring", "gpu_memory"], "values": [{"value": 26.1910400390625, "step": null, "ts": 1668211982.8009257}]}, "version": 341}
{"obj": {"type": "LogFloats", "path": ["monitoring", "cpu"], "values": [{"value": 1.0, "step": null, "ts": 1668211992.8024328}]}, "version": 342}
{"obj": {"type": "LogFloats", "path": ["monitoring", "memory"], "values": [{"value": 25.037532806396484, "step": null, "ts": 1668211992.8024328}]}, "version": 343}
{"obj": {"type": "LogFloats", "path": ["monitoring", "gpu_memory"], "values": [{"value": 26.1910400390625, "step": null, "ts": 1668211992.8024328}]}, "version": 344}
{"obj": {"type": "LogFloats", "path": ["monitoring", "cpu"], "values": [{"value": 0.9, "step": null, "ts": 1668212002.8046055}]}, "version": 345}
{"obj": {"type": "LogFloats", "path": ["monitoring", "memory"], "values": [{"value": 25.031551361083984, "step": null, "ts": 1668212002.8046055}]}, "version": 346}
{"obj": {"type": "LogFloats", "path": ["monitoring", "gpu_memory"], "values": [{"value": 26.1910400390625, "step": null, "ts": 1668212002.8046055}]}, "version": 347}
{"obj": {"type": "LogFloats", "path": ["monitoring", "cpu"], "values": [{"value": 1.2, "step": null, "ts": 1668212012.8065305}]}, "version": 348}
{"obj": {"type": "LogFloats", "path": ["monitoring", "memory"], "values": [{"value": 25.027751922607422, "step": null, "ts": 1668212012.8065305}]}, "version": 349}
{"obj": {"type": "LogFloats", "path": ["monitoring", "gpu_memory"], "values": [{"value": 26.1910400390625, "step": null, "ts": 1668212012.8065305}]}, "version": 350}
{"obj": {"type": "LogFloats", "path": ["monitoring", "cpu"], "values": [{"value": 1.1, "step": null, "ts": 1668212022.8080812}]}, "version": 351}
{"obj": {"type": "LogFloats", "path": ["monitoring", "memory"], "values": [{"value": 25.043315887451172, "step": null, "ts": 1668212022.8080812}]}, "version": 352}
{"obj": {"type": "LogFloats", "path": ["monitoring", "gpu_memory"], "values": [{"value": 26.1910400390625, "step": null, "ts": 1668212022.8080812}]}, "version": 353}
{"obj": {"type": "LogFloats", "path": ["monitoring", "cpu"], "values": [{"value": 1.7, "step": null, "ts": 1668212032.8102896}]}, "version": 354}
{"obj": {"type": "LogFloats", "path": ["monitoring", "memory"], "values": [{"value": 25.032394409179688, "step": null, "ts": 1668212032.8102896}]}, "version": 355}
{"obj": {"type": "LogFloats", "path": ["monitoring", "gpu_memory"], "values": [{"value": 26.1910400390625, "step": null, "ts": 1668212032.8102896}]}, "version": 356}
{"obj": {"type": "LogFloats", "path": ["monitoring", "cpu"], "values": [{"value": 1.2, "step": null, "ts": 1668212042.8119655}]}, "version": 357}
{"obj": {"type": "LogFloats", "path": ["monitoring", "memory"], "values": [{"value": 25.028263092041016, "step": null, "ts": 1668212042.8119655}]}, "version": 358}
{"obj": {"type": "LogFloats", "path": ["monitoring", "gpu_memory"], "values": [{"value": 26.1910400390625, "step": null, "ts": 1668212042.8119655}]}, "version": 359}
{"obj": {"type": "LogFloats", "path": ["monitoring", "cpu"], "values": [{"value": 1.1, "step": null, "ts": 1668212052.8134332}]}, "version": 360}
{"obj": {"type": "LogFloats", "path": ["monitoring", "memory"], "values": [{"value": 25.053104400634766, "step": null, "ts": 1668212052.8134332}]}, "version": 361}
{"obj": {"type": "LogFloats", "path": ["monitoring", "gpu_memory"], "values": [{"value": 26.1910400390625, "step": null, "ts": 1668212052.8134332}]}, "version": 362}
{"obj": {"type": "LogFloats", "path": ["monitoring", "cpu"], "values": [{"value": 1.0, "step": null, "ts": 1668212062.8149455}]}, "version": 363}
{"obj": {"type": "LogFloats", "path": ["monitoring", "memory"], "values": [{"value": 25.034984588623047, "step": null, "ts": 1668212062.8149455}]}, "version": 364}
{"obj": {"type": "LogFloats", "path": ["monitoring", "gpu_memory"], "values": [{"value": 26.1910400390625, "step": null, "ts": 1668212062.8149455}]}, "version": 365}
{"obj": {"type": "LogFloats", "path": ["monitoring", "cpu"], "values": [{"value": 1.2, "step": null, "ts": 1668212072.8165727}]}, "version": 366}
{"obj": {"type": "LogFloats", "path": ["monitoring", "memory"], "values": [{"value": 25.026565551757812, "step": null, "ts": 1668212072.8165727}]}, "version": 367}
{"obj": {"type": "LogFloats", "path": ["monitoring", "gpu_memory"], "values": [{"value": 26.1910400390625, "step": null, "ts": 1668212072.8165727}]}, "version": 368}
{"obj": {"type": "LogFloats", "path": ["monitoring", "cpu"], "values": [{"value": 1.1, "step": null, "ts": 1668212082.8180327}]}, "version": 369}
{"obj": {"type": "LogFloats", "path": ["monitoring", "memory"], "values": [{"value": 25.04861068725586, "step": null, "ts": 1668212082.8180327}]}, "version": 370}
{"obj": {"type": "LogFloats", "path": ["monitoring", "gpu_memory"], "values": [{"value": 26.1910400390625, "step": null, "ts": 1668212082.8180327}]}, "version": 371}
{"obj": {"type": "LogFloats", "path": ["monitoring", "cpu"], "values": [{"value": 0.9, "step": null, "ts": 1668212092.8200197}]}, "version": 372}
{"obj": {"type": "LogFloats", "path": ["monitoring", "memory"], "values": [{"value": 25.026691436767578, "step": null, "ts": 1668212092.8200197}]}, "version": 373}
{"obj": {"type": "LogFloats", "path": ["monitoring", "gpu_memory"], "values": [{"value": 26.1910400390625, "step": null, "ts": 1668212092.8200197}]}, "version": 374}
{"obj": {"type": "LogFloats", "path": ["monitoring", "cpu"], "values": [{"value": 1.2, "step": null, "ts": 1668212102.821582}]}, "version": 375}
{"obj": {"type": "LogFloats", "path": ["monitoring", "memory"], "values": [{"value": 25.035377502441406, "step": null, "ts": 1668212102.821582}]}, "version": 376}
{"obj": {"type": "LogFloats", "path": ["monitoring", "gpu_memory"], "values": [{"value": 26.1910400390625, "step": null, "ts": 1668212102.821582}]}, "version": 377}
{"obj": {"type": "LogFloats", "path": ["monitoring", "cpu"], "values": [{"value": 1.2, "step": null, "ts": 1668212112.8231745}]}, "version": 378}
{"obj": {"type": "LogFloats", "path": ["monitoring", "memory"], "values": [{"value": 25.04562759399414, "step": null, "ts": 1668212112.8231745}]}, "version": 379}
{"obj": {"type": "LogFloats", "path": ["monitoring", "gpu_memory"], "values": [{"value": 26.1910400390625, "step": null, "ts": 1668212112.8231745}]}, "version": 380}
{"obj": {"type": "LogFloats", "path": ["monitoring", "cpu"], "values": [{"value": 0.9, "step": null, "ts": 1668212122.824629}]}, "version": 381}
{"obj": {"type": "LogFloats", "path": ["monitoring", "memory"], "values": [{"value": 25.027931213378906, "step": null, "ts": 1668212122.824629}]}, "version": 382}
{"obj": {"type": "LogFloats", "path": ["monitoring", "gpu_memory"], "values": [{"value": 26.1910400390625, "step": null, "ts": 1668212122.824629}]}, "version": 383}
{"obj": {"type": "LogFloats", "path": ["monitoring", "cpu"], "values": [{"value": 1.1, "step": null, "ts": 1668212132.826519}]}, "version": 384}
{"obj": {"type": "LogFloats", "path": ["monitoring", "memory"], "values": [{"value": 25.02969741821289, "step": null, "ts": 1668212132.826519}]}, "version": 385}
{"obj": {"type": "LogFloats", "path": ["monitoring", "gpu_memory"], "values": [{"value": 26.1910400390625, "step": null, "ts": 1668212132.826519}]}, "version": 386}
{"obj": {"type": "LogFloats", "path": ["monitoring", "cpu"], "values": [{"value": 1.2, "step": null, "ts": 1668212142.828304}]}, "version": 387}
{"obj": {"type": "LogFloats", "path": ["monitoring", "memory"], "values": [{"value": 25.04981231689453, "step": null, "ts": 1668212142.828304}]}, "version": 388}
{"obj": {"type": "LogFloats", "path": ["monitoring", "gpu_memory"], "values": [{"value": 26.1910400390625, "step": null, "ts": 1668212142.828304}]}, "version": 389}
{"obj": {"type": "LogFloats", "path": ["monitoring", "cpu"], "values": [{"value": 1.0, "step": null, "ts": 1668212152.8302784}]}, "version": 390}
{"obj": {"type": "LogFloats", "path": ["monitoring", "memory"], "values": [{"value": 25.032211303710938, "step": null, "ts": 1668212152.8302784}]}, "version": 391}
{"obj": {"type": "LogFloats", "path": ["monitoring", "gpu_memory"], "values": [{"value": 26.1910400390625, "step": null, "ts": 1668212152.8302784}]}, "version": 392}
{"obj": {"type": "LogFloats", "path": ["monitoring", "cpu"], "values": [{"value": 1.1, "step": null, "ts": 1668212162.8407345}]}, "version": 393}
{"obj": {"type": "LogFloats", "path": ["monitoring", "memory"], "values": [{"value": 25.033584594726562, "step": null, "ts": 1668212162.8407345}]}, "version": 394}
{"obj": {"type": "LogFloats", "path": ["monitoring", "gpu_memory"], "values": [{"value": 26.1910400390625, "step": null, "ts": 1668212162.8407345}]}, "version": 395}
{"obj": {"type": "LogFloats", "path": ["monitoring", "cpu"], "values": [{"value": 1.3, "step": null, "ts": 1668212172.8422277}]}, "version": 396}
{"obj": {"type": "LogFloats", "path": ["monitoring", "memory"], "values": [{"value": 25.03443145751953, "step": null, "ts": 1668212172.8422277}]}, "version": 397}
{"obj": {"type": "LogFloats", "path": ["monitoring", "gpu_memory"], "values": [{"value": 26.1910400390625, "step": null, "ts": 1668212172.8422277}]}, "version": 398}
{"obj": {"type": "LogFloats", "path": ["monitoring", "cpu"], "values": [{"value": 0.9, "step": null, "ts": 1668212182.844141}]}, "version": 399}
{"obj": {"type": "LogFloats", "path": ["monitoring", "memory"], "values": [{"value": 25.036556243896484, "step": null, "ts": 1668212182.844141}]}, "version": 400}
{"obj": {"type": "LogFloats", "path": ["monitoring", "gpu_memory"], "values": [{"value": 26.1910400390625, "step": null, "ts": 1668212182.844141}]}, "version": 401}
{"obj": {"type": "LogFloats", "path": ["monitoring", "cpu"], "values": [{"value": 1.0, "step": null, "ts": 1668212192.8463721}]}, "version": 402}
{"obj": {"type": "LogFloats", "path": ["monitoring", "memory"], "values": [{"value": 25.041641235351562, "step": null, "ts": 1668212192.8463721}]}, "version": 403}
{"obj": {"type": "LogFloats", "path": ["monitoring", "gpu_memory"], "values": [{"value": 26.1910400390625, "step": null, "ts": 1668212192.8463721}]}, "version": 404}
{"obj": {"type": "LogFloats", "path": ["monitoring", "cpu"], "values": [{"value": 1.2, "step": null, "ts": 1668212202.8479104}]}, "version": 405}
{"obj": {"type": "LogFloats", "path": ["monitoring", "memory"], "values": [{"value": 25.039169311523438, "step": null, "ts": 1668212202.8479104}]}, "version": 406}
{"obj": {"type": "LogFloats", "path": ["monitoring", "gpu_memory"], "values": [{"value": 26.1910400390625, "step": null, "ts": 1668212202.8479104}]}, "version": 407}
{"obj": {"type": "LogFloats", "path": ["monitoring", "cpu"], "values": [{"value": 1.0, "step": null, "ts": 1668212212.8494463}]}, "version": 408}
{"obj": {"type": "LogFloats", "path": ["monitoring", "memory"], "values": [{"value": 25.032405853271484, "step": null, "ts": 1668212212.8494463}]}, "version": 409}
{"obj": {"type": "LogFloats", "path": ["monitoring", "gpu_memory"], "values": [{"value": 26.1910400390625, "step": null, "ts": 1668212212.8494463}]}, "version": 410}
{"obj": {"type": "LogFloats", "path": ["monitoring", "cpu"], "values": [{"value": 1.0, "step": null, "ts": 1668212222.8514366}]}, "version": 411}
{"obj": {"type": "LogFloats", "path": ["monitoring", "memory"], "values": [{"value": 25.03382110595703, "step": null, "ts": 1668212222.8514366}]}, "version": 412}
{"obj": {"type": "LogFloats", "path": ["monitoring", "gpu_memory"], "values": [{"value": 26.1910400390625, "step": null, "ts": 1668212222.8514366}]}, "version": 413}
{"obj": {"type": "LogFloats", "path": ["monitoring", "cpu"], "values": [{"value": 1.3, "step": null, "ts": 1668212232.8530216}]}, "version": 414}
{"obj": {"type": "LogFloats", "path": ["monitoring", "memory"], "values": [{"value": 25.034507751464844, "step": null, "ts": 1668212232.8530216}]}, "version": 415}
{"obj": {"type": "LogFloats", "path": ["monitoring", "gpu_memory"], "values": [{"value": 26.1910400390625, "step": null, "ts": 1668212232.8530216}]}, "version": 416}
{"obj": {"type": "LogFloats", "path": ["monitoring", "cpu"], "values": [{"value": 0.9, "step": null, "ts": 1668212242.854472}]}, "version": 417}
{"obj": {"type": "LogFloats", "path": ["monitoring", "memory"], "values": [{"value": 25.04497528076172, "step": null, "ts": 1668212242.854472}]}, "version": 418}
{"obj": {"type": "LogFloats", "path": ["monitoring", "gpu_memory"], "values": [{"value": 26.1910400390625, "step": null, "ts": 1668212242.854472}]}, "version": 419}
{"obj": {"type": "LogFloats", "path": ["monitoring", "cpu"], "values": [{"value": 1.0, "step": null, "ts": 1668212252.8559828}]}, "version": 420}
{"obj": {"type": "LogFloats", "path": ["monitoring", "memory"], "values": [{"value": 25.03509521484375, "step": null, "ts": 1668212252.8559828}]}, "version": 421}
{"obj": {"type": "LogFloats", "path": ["monitoring", "gpu_memory"], "values": [{"value": 26.1910400390625, "step": null, "ts": 1668212252.8559828}]}, "version": 422}
{"obj": {"type": "LogFloats", "path": ["monitoring", "cpu"], "values": [{"value": 1.2, "step": null, "ts": 1668212262.8579702}]}, "version": 423}
{"obj": {"type": "LogFloats", "path": ["monitoring", "memory"], "values": [{"value": 25.038341522216797, "step": null, "ts": 1668212262.8579702}]}, "version": 424}
{"obj": {"type": "LogFloats", "path": ["monitoring", "gpu_memory"], "values": [{"value": 26.1910400390625, "step": null, "ts": 1668212262.8579702}]}, "version": 425}
{"obj": {"type": "LogFloats", "path": ["monitoring", "cpu"], "values": [{"value": 1.0, "step": null, "ts": 1668212272.859527}]}, "version": 426}
{"obj": {"type": "LogFloats", "path": ["monitoring", "memory"], "values": [{"value": 25.04979705810547, "step": null, "ts": 1668212272.859527}]}, "version": 427}
{"obj": {"type": "LogFloats", "path": ["monitoring", "gpu_memory"], "values": [{"value": 26.1910400390625, "step": null, "ts": 1668212272.859527}]}, "version": 428}
{"obj": {"type": "LogFloats", "path": ["monitoring", "cpu"], "values": [{"value": 0.9, "step": null, "ts": 1668212282.8615026}]}, "version": 429}
{"obj": {"type": "LogFloats", "path": ["monitoring", "memory"], "values": [{"value": 25.032569885253906, "step": null, "ts": 1668212282.8615026}]}, "version": 430}
{"obj": {"type": "LogFloats", "path": ["monitoring", "gpu_memory"], "values": [{"value": 26.1910400390625, "step": null, "ts": 1668212282.8615026}]}, "version": 431}
{"obj": {"type": "LogFloats", "path": ["monitoring", "cpu"], "values": [{"value": 1.2, "step": null, "ts": 1668212292.8637297}]}, "version": 432}
{"obj": {"type": "LogFloats", "path": ["monitoring", "memory"], "values": [{"value": 25.036270141601562, "step": null, "ts": 1668212292.8637297}]}, "version": 433}
{"obj": {"type": "LogFloats", "path": ["monitoring", "gpu_memory"], "values": [{"value": 26.1910400390625, "step": null, "ts": 1668212292.8637297}]}, "version": 434}
{"obj": {"type": "LogFloats", "path": ["monitoring", "cpu"], "values": [{"value": 1.0, "step": null, "ts": 1668212302.8654962}]}, "version": 435}
{"obj": {"type": "LogFloats", "path": ["monitoring", "memory"], "values": [{"value": 25.0494384765625, "step": null, "ts": 1668212302.8654962}]}, "version": 436}
{"obj": {"type": "LogFloats", "path": ["monitoring", "gpu_memory"], "values": [{"value": 26.1910400390625, "step": null, "ts": 1668212302.8654962}]}, "version": 437}
{"obj": {"type": "LogFloats", "path": ["monitoring", "cpu"], "values": [{"value": 0.9, "step": null, "ts": 1668212312.8671086}]}, "version": 438}
{"obj": {"type": "LogFloats", "path": ["monitoring", "memory"], "values": [{"value": 25.04543685913086, "step": null, "ts": 1668212312.8671086}]}, "version": 439}
{"obj": {"type": "LogFloats", "path": ["monitoring", "gpu_memory"], "values": [{"value": 26.1910400390625, "step": null, "ts": 1668212312.8671086}]}, "version": 440}
{"obj": {"type": "LogFloats", "path": ["monitoring", "cpu"], "values": [{"value": 1.3, "step": null, "ts": 1668212322.8772092}]}, "version": 441}
{"obj": {"type": "LogFloats", "path": ["monitoring", "memory"], "values": [{"value": 25.04395294189453, "step": null, "ts": 1668212322.8772092}]}, "version": 442}
{"obj": {"type": "LogFloats", "path": ["monitoring", "gpu_memory"], "values": [{"value": 26.1910400390625, "step": null, "ts": 1668212322.8772092}]}, "version": 443}
{"obj": {"type": "LogFloats", "path": ["monitoring", "cpu"], "values": [{"value": 1.0, "step": null, "ts": 1668212332.878779}]}, "version": 444}
{"obj": {"type": "LogFloats", "path": ["monitoring", "memory"], "values": [{"value": 25.043991088867188, "step": null, "ts": 1668212332.878779}]}, "version": 445}
{"obj": {"type": "LogFloats", "path": ["monitoring", "gpu_memory"], "values": [{"value": 26.1910400390625, "step": null, "ts": 1668212332.878779}]}, "version": 446}
{"obj": {"type": "LogFloats", "path": ["monitoring", "cpu"], "values": [{"value": 1.0, "step": null, "ts": 1668212342.8807642}]}, "version": 447}
{"obj": {"type": "LogFloats", "path": ["monitoring", "memory"], "values": [{"value": 25.03540802001953, "step": null, "ts": 1668212342.8807642}]}, "version": 448}
{"obj": {"type": "LogFloats", "path": ["monitoring", "gpu_memory"], "values": [{"value": 26.1910400390625, "step": null, "ts": 1668212342.8807642}]}, "version": 449}
{"obj": {"type": "LogFloats", "path": ["monitoring", "cpu"], "values": [{"value": 1.2, "step": null, "ts": 1668212352.8829002}]}, "version": 450}
{"obj": {"type": "LogFloats", "path": ["monitoring", "memory"], "values": [{"value": 25.02750015258789, "step": null, "ts": 1668212352.8829002}]}, "version": 451}
{"obj": {"type": "LogFloats", "path": ["monitoring", "gpu_memory"], "values": [{"value": 26.1910400390625, "step": null, "ts": 1668212352.8829002}]}, "version": 452}
{"obj": {"type": "LogFloats", "path": ["monitoring", "cpu"], "values": [{"value": 1.1, "step": null, "ts": 1668212362.8845918}]}, "version": 453}
{"obj": {"type": "LogFloats", "path": ["monitoring", "memory"], "values": [{"value": 25.035446166992188, "step": null, "ts": 1668212362.8845918}]}, "version": 454}
{"obj": {"type": "LogFloats", "path": ["monitoring", "gpu_memory"], "values": [{"value": 26.1910400390625, "step": null, "ts": 1668212362.8845918}]}, "version": 455}
{"obj": {"type": "LogFloats", "path": ["monitoring", "cpu"], "values": [{"value": 0.9, "step": null, "ts": 1668212372.886544}]}, "version": 456}
{"obj": {"type": "LogFloats", "path": ["monitoring", "memory"], "values": [{"value": 25.040725708007812, "step": null, "ts": 1668212372.886544}]}, "version": 457}
{"obj": {"type": "LogFloats", "path": ["monitoring", "gpu_memory"], "values": [{"value": 26.1910400390625, "step": null, "ts": 1668212372.886544}]}, "version": 458}
{"obj": {"type": "LogFloats", "path": ["monitoring", "cpu"], "values": [{"value": 1.2, "step": null, "ts": 1668212382.8968506}]}, "version": 459}
{"obj": {"type": "LogFloats", "path": ["monitoring", "memory"], "values": [{"value": 25.039478302001953, "step": null, "ts": 1668212382.8968506}]}, "version": 460}
{"obj": {"type": "LogFloats", "path": ["monitoring", "gpu_memory"], "values": [{"value": 26.1910400390625, "step": null, "ts": 1668212382.8968506}]}, "version": 461}
{"obj": {"type": "LogFloats", "path": ["monitoring", "cpu"], "values": [{"value": 1.2, "step": null, "ts": 1668212392.898546}]}, "version": 462}
{"obj": {"type": "LogFloats", "path": ["monitoring", "memory"], "values": [{"value": 25.043163299560547, "step": null, "ts": 1668212392.898546}]}, "version": 463}
{"obj": {"type": "LogFloats", "path": ["monitoring", "gpu_memory"], "values": [{"value": 26.1910400390625, "step": null, "ts": 1668212392.898546}]}, "version": 464}
{"obj": {"type": "LogFloats", "path": ["monitoring", "cpu"], "values": [{"value": 0.9, "step": null, "ts": 1668212402.9005666}]}, "version": 465}
{"obj": {"type": "LogFloats", "path": ["monitoring", "memory"], "values": [{"value": 25.035717010498047, "step": null, "ts": 1668212402.9005666}]}, "version": 466}
{"obj": {"type": "LogFloats", "path": ["monitoring", "gpu_memory"], "values": [{"value": 26.1910400390625, "step": null, "ts": 1668212402.9005666}]}, "version": 467}
{"obj": {"type": "LogFloats", "path": ["monitoring", "cpu"], "values": [{"value": 1.2, "step": null, "ts": 1668212412.9028213}]}, "version": 468}
{"obj": {"type": "LogFloats", "path": ["monitoring", "memory"], "values": [{"value": 25.035308837890625, "step": null, "ts": 1668212412.9028213}]}, "version": 469}
{"obj": {"type": "LogFloats", "path": ["monitoring", "gpu_memory"], "values": [{"value": 26.1910400390625, "step": null, "ts": 1668212412.9028213}]}, "version": 470}
{"obj": {"type": "LogFloats", "path": ["monitoring", "cpu"], "values": [{"value": 1.2, "step": null, "ts": 1668212422.904536}]}, "version": 471}
{"obj": {"type": "LogFloats", "path": ["monitoring", "memory"], "values": [{"value": 25.043392181396484, "step": null, "ts": 1668212422.904536}]}, "version": 472}
{"obj": {"type": "LogFloats", "path": ["monitoring", "gpu_memory"], "values": [{"value": 26.1910400390625, "step": null, "ts": 1668212422.904536}]}, "version": 473}
{"obj": {"type": "LogFloats", "path": ["monitoring", "cpu"], "values": [{"value": 1.0, "step": null, "ts": 1668212432.9066315}]}, "version": 474}
{"obj": {"type": "LogFloats", "path": ["monitoring", "memory"], "values": [{"value": 25.039031982421875, "step": null, "ts": 1668212432.9066315}]}, "version": 475}
{"obj": {"type": "LogFloats", "path": ["monitoring", "gpu_memory"], "values": [{"value": 26.1910400390625, "step": null, "ts": 1668212432.9066315}]}, "version": 476}
{"obj": {"type": "LogFloats", "path": ["monitoring", "cpu"], "values": [{"value": 1.1, "step": null, "ts": 1668212442.908114}]}, "version": 477}
{"obj": {"type": "LogFloats", "path": ["monitoring", "memory"], "values": [{"value": 25.042156219482422, "step": null, "ts": 1668212442.908114}]}, "version": 478}
{"obj": {"type": "LogFloats", "path": ["monitoring", "gpu_memory"], "values": [{"value": 26.1910400390625, "step": null, "ts": 1668212442.908114}]}, "version": 479}
{"obj": {"type": "LogFloats", "path": ["monitoring", "cpu"], "values": [{"value": 1.2, "step": null, "ts": 1668212452.9095352}]}, "version": 480}
{"obj": {"type": "LogFloats", "path": ["monitoring", "memory"], "values": [{"value": 25.03635025024414, "step": null, "ts": 1668212452.9095352}]}, "version": 481}
{"obj": {"type": "LogFloats", "path": ["monitoring", "gpu_memory"], "values": [{"value": 26.1910400390625, "step": null, "ts": 1668212452.9095352}]}, "version": 482}
{"obj": {"type": "LogFloats", "path": ["monitoring", "cpu"], "values": [{"value": 1.0, "step": null, "ts": 1668212462.9111564}]}, "version": 483}
{"obj": {"type": "LogFloats", "path": ["monitoring", "memory"], "values": [{"value": 25.03725814819336, "step": null, "ts": 1668212462.9111564}]}, "version": 484}
{"obj": {"type": "LogFloats", "path": ["monitoring", "gpu_memory"], "values": [{"value": 26.1910400390625, "step": null, "ts": 1668212462.9111564}]}, "version": 485}
{"obj": {"type": "LogFloats", "path": ["monitoring", "cpu"], "values": [{"value": 1.1, "step": null, "ts": 1668212472.9134116}]}, "version": 486}
{"obj": {"type": "LogFloats", "path": ["monitoring", "memory"], "values": [{"value": 25.036426544189453, "step": null, "ts": 1668212472.9134116}]}, "version": 487}
{"obj": {"type": "LogFloats", "path": ["monitoring", "gpu_memory"], "values": [{"value": 26.1910400390625, "step": null, "ts": 1668212472.9134116}]}, "version": 488}
{"obj": {"type": "LogFloats", "path": ["monitoring", "cpu"], "values": [{"value": 1.2, "step": null, "ts": 1668212482.9151936}]}, "version": 489}
{"obj": {"type": "LogFloats", "path": ["monitoring", "memory"], "values": [{"value": 25.0396728515625, "step": null, "ts": 1668212482.9151936}]}, "version": 490}
{"obj": {"type": "LogFloats", "path": ["monitoring", "gpu_memory"], "values": [{"value": 26.1910400390625, "step": null, "ts": 1668212482.9151936}]}, "version": 491}
{"obj": {"type": "LogFloats", "path": ["monitoring", "cpu"], "values": [{"value": 0.9, "step": null, "ts": 1668212492.9167895}]}, "version": 492}
{"obj": {"type": "LogFloats", "path": ["monitoring", "memory"], "values": [{"value": 25.037357330322266, "step": null, "ts": 1668212492.9167895}]}, "version": 493}
{"obj": {"type": "LogFloats", "path": ["monitoring", "gpu_memory"], "values": [{"value": 26.1910400390625, "step": null, "ts": 1668212492.9167895}]}, "version": 494}
{"obj": {"type": "LogFloats", "path": ["monitoring", "cpu"], "values": [{"value": 1.0, "step": null, "ts": 1668212502.919106}]}, "version": 495}
{"obj": {"type": "LogFloats", "path": ["monitoring", "memory"], "values": [{"value": 25.043365478515625, "step": null, "ts": 1668212502.919106}]}, "version": 496}
{"obj": {"type": "LogFloats", "path": ["monitoring", "gpu_memory"], "values": [{"value": 26.1910400390625, "step": null, "ts": 1668212502.919106}]}, "version": 497}
{"obj": {"type": "LogFloats", "path": ["monitoring", "cpu"], "values": [{"value": 1.2, "step": null, "ts": 1668212512.9206784}]}, "version": 498}
{"obj": {"type": "LogFloats", "path": ["monitoring", "memory"], "values": [{"value": 25.041019439697266, "step": null, "ts": 1668212512.9206784}]}, "version": 499}
{"obj": {"type": "LogFloats", "path": ["monitoring", "gpu_memory"], "values": [{"value": 26.1910400390625, "step": null, "ts": 1668212512.9206784}]}, "version": 500}
{"obj": {"type": "LogFloats", "path": ["monitoring", "cpu"], "values": [{"value": 1.0, "step": null, "ts": 1668212522.922189}]}, "version": 501}
{"obj": {"type": "LogFloats", "path": ["monitoring", "memory"], "values": [{"value": 25.042705535888672, "step": null, "ts": 1668212522.922189}]}, "version": 502}
{"obj": {"type": "LogFloats", "path": ["monitoring", "gpu_memory"], "values": [{"value": 26.1910400390625, "step": null, "ts": 1668212522.922189}]}, "version": 503}
{"obj": {"type": "LogFloats", "path": ["monitoring", "cpu"], "values": [{"value": 1.0, "step": null, "ts": 1668212532.9237714}]}, "version": 504}
{"obj": {"type": "LogFloats", "path": ["monitoring", "memory"], "values": [{"value": 25.036231994628906, "step": null, "ts": 1668212532.9237714}]}, "version": 505}
{"obj": {"type": "LogFloats", "path": ["monitoring", "gpu_memory"], "values": [{"value": 26.1910400390625, "step": null, "ts": 1668212532.9237714}]}, "version": 506}
{"obj": {"type": "LogFloats", "path": ["monitoring", "cpu"], "values": [{"value": 1.2, "step": null, "ts": 1668212542.9337535}]}, "version": 507}
{"obj": {"type": "LogFloats", "path": ["monitoring", "memory"], "values": [{"value": 25.039081573486328, "step": null, "ts": 1668212542.9337535}]}, "version": 508}
{"obj": {"type": "LogFloats", "path": ["monitoring", "gpu_memory"], "values": [{"value": 26.1910400390625, "step": null, "ts": 1668212542.9337535}]}, "version": 509}
{"obj": {"type": "LogFloats", "path": ["monitoring", "cpu"], "values": [{"value": 1.1, "step": null, "ts": 1668212552.935557}]}, "version": 510}
{"obj": {"type": "LogFloats", "path": ["monitoring", "memory"], "values": [{"value": 25.05453872680664, "step": null, "ts": 1668212552.935557}]}, "version": 511}
{"obj": {"type": "LogFloats", "path": ["monitoring", "gpu_memory"], "values": [{"value": 26.1910400390625, "step": null, "ts": 1668212552.935557}]}, "version": 512}
{"obj": {"type": "LogFloats", "path": ["monitoring", "cpu"], "values": [{"value": 0.9, "step": null, "ts": 1668212562.9379182}]}, "version": 513}
{"obj": {"type": "LogFloats", "path": ["monitoring", "memory"], "values": [{"value": 25.04257583618164, "step": null, "ts": 1668212562.9379182}]}, "version": 514}
{"obj": {"type": "LogFloats", "path": ["monitoring", "gpu_memory"], "values": [{"value": 26.1910400390625, "step": null, "ts": 1668212562.9379182}]}, "version": 515}
{"obj": {"type": "LogFloats", "path": ["monitoring", "cpu"], "values": [{"value": 1.3, "step": null, "ts": 1668212572.9396017}]}, "version": 516}
{"obj": {"type": "LogFloats", "path": ["monitoring", "memory"], "values": [{"value": 25.040512084960938, "step": null, "ts": 1668212572.9396017}]}, "version": 517}
{"obj": {"type": "LogFloats", "path": ["monitoring", "gpu_memory"], "values": [{"value": 26.1910400390625, "step": null, "ts": 1668212572.9396017}]}, "version": 518}
{"obj": {"type": "LogFloats", "path": ["monitoring", "cpu"], "values": [{"value": 1.0, "step": null, "ts": 1668212582.941775}]}, "version": 519}
{"obj": {"type": "LogFloats", "path": ["monitoring", "memory"], "values": [{"value": 25.062114715576172, "step": null, "ts": 1668212582.941775}]}, "version": 520}
{"obj": {"type": "LogFloats", "path": ["monitoring", "gpu_memory"], "values": [{"value": 26.1910400390625, "step": null, "ts": 1668212582.941775}]}, "version": 521}
{"obj": {"type": "LogFloats", "path": ["monitoring", "cpu"], "values": [{"value": 0.9, "step": null, "ts": 1668212592.943755}]}, "version": 522}
{"obj": {"type": "LogFloats", "path": ["monitoring", "memory"], "values": [{"value": 25.044647216796875, "step": null, "ts": 1668212592.943755}]}, "version": 523}
{"obj": {"type": "LogFloats", "path": ["monitoring", "gpu_memory"], "values": [{"value": 26.1910400390625, "step": null, "ts": 1668212592.943755}]}, "version": 524}
{"obj": {"type": "LogFloats", "path": ["monitoring", "cpu"], "values": [{"value": 1.2, "step": null, "ts": 1668212602.9459748}]}, "version": 525}
{"obj": {"type": "LogFloats", "path": ["monitoring", "memory"], "values": [{"value": 25.048778533935547, "step": null, "ts": 1668212602.9459748}]}, "version": 526}
{"obj": {"type": "LogFloats", "path": ["monitoring", "gpu_memory"], "values": [{"value": 26.1910400390625, "step": null, "ts": 1668212602.9459748}]}, "version": 527}
{"obj": {"type": "LogFloats", "path": ["monitoring", "cpu"], "values": [{"value": 1.1, "step": null, "ts": 1668212612.947843}]}, "version": 528}
{"obj": {"type": "LogFloats", "path": ["monitoring", "memory"], "values": [{"value": 25.04610824584961, "step": null, "ts": 1668212612.947843}]}, "version": 529}
{"obj": {"type": "LogFloats", "path": ["monitoring", "gpu_memory"], "values": [{"value": 26.1910400390625, "step": null, "ts": 1668212612.947843}]}, "version": 530}
{"obj": {"type": "LogFloats", "path": ["monitoring", "cpu"], "values": [{"value": 0.9, "step": null, "ts": 1668212622.949902}]}, "version": 531}
{"obj": {"type": "LogFloats", "path": ["monitoring", "memory"], "values": [{"value": 25.04373550415039, "step": null, "ts": 1668212622.949902}]}, "version": 532}
{"obj": {"type": "LogFloats", "path": ["monitoring", "gpu_memory"], "values": [{"value": 26.1910400390625, "step": null, "ts": 1668212622.949902}]}, "version": 533}
{"obj": {"type": "LogFloats", "path": ["monitoring", "cpu"], "values": [{"value": 1.2, "step": null, "ts": 1668212632.9521751}]}, "version": 534}
{"obj": {"type": "LogFloats", "path": ["monitoring", "memory"], "values": [{"value": 25.04828643798828, "step": null, "ts": 1668212632.9521751}]}, "version": 535}
{"obj": {"type": "LogFloats", "path": ["monitoring", "gpu_memory"], "values": [{"value": 26.1910400390625, "step": null, "ts": 1668212632.9521751}]}, "version": 536}
{"obj": {"type": "LogFloats", "path": ["monitoring", "cpu"], "values": [{"value": 1.2, "step": null, "ts": 1668212642.9540286}]}, "version": 537}
{"obj": {"type": "LogFloats", "path": ["monitoring", "memory"], "values": [{"value": 25.058101654052734, "step": null, "ts": 1668212642.9540286}]}, "version": 538}
{"obj": {"type": "LogFloats", "path": ["monitoring", "gpu_memory"], "values": [{"value": 26.1910400390625, "step": null, "ts": 1668212642.9540286}]}, "version": 539}
{"obj": {"type": "LogStrings", "path": ["monitoring", "stdout"], "values": [{"value": "Shutting down background jobs, please wait a moment...\n", "step": null, "ts": 1668212643.8866165}]}, "version": 540}
{"obj": {"type": "LogStrings", "path": ["monitoring", "stdout"], "values": [{"value": "Done!\n", "step": null, "ts": 1668212644.0366528}]}, "version": 541}
{"obj": {"type": "LogStrings", "path": ["monitoring", "stdout"], "values": [{"value": "Waiting for the remaining 1 operations to synchronize with Neptune. Do not kill this process.\n", "step": null, "ts": 1668212644.0377452}]}, "version": 542}
{"obj": {"type": "LogStrings", "path": ["monitoring", "stdout"], "values": [{"value": "All 1 operations synced, thanks for waiting!\n", "step": null, "ts": 1668212644.2297912}]}, "version": 543}
{"obj": {"type": "LogStrings", "path": ["monitoring", "stdout"], "values": [{"value": "Explore the metadata in the Neptune app:\n", "step": null, "ts": 1668212644.2310658}]}, "version": 544}
{"obj": {"type": "LogStrings", "path": ["monitoring", "stdout"], "values": [{"value": "https://app.neptune.ai/astro-data-lab/VAE/e/VAE-6\n", "step": null, "ts": 1668212644.2317204}]}, "version": 545}
{"obj": {"type": "LogStrings", "path": ["monitoring", "stdout"], "values": [{"value": "Shutting down background jobs, please wait a moment...\n", "step": null, "ts": 1668212644.232262}]}, "version": 546}
