{"obj": {"type": "AssignString", "path": ["sys", "name"], "value": "v1.0.20221114_13_21_04"}, "version": 1}
{"obj": {"type": "AssignString", "path": ["sys", "description"], "value": ""}, "version": 2}
{"obj": {"type": "AssignString", "path": ["sys", "hostname"], "value": "aurora"}, "version": 3}
{"obj": {"type": "AssignBool", "path": ["sys", "failed"], "value": false}, "version": 4}
{"obj": {"type": "ClearStringLog", "path": ["monitoring", "stdout"]}, "version": 5}
{"obj": {"type": "ClearStringLog", "path": ["monitoring", "stderr"]}, "version": 6}
{"obj": {"type": "ConfigFloatSeries", "path": ["monitoring", "cpu"], "min": 0.0, "max": 100.0, "unit": "%"}, "version": 7}
{"obj": {"type": "ClearFloatLog", "path": ["monitoring", "cpu"]}, "version": 8}
{"obj": {"type": "ConfigFloatSeries", "path": ["monitoring", "memory"], "min": 0.0, "max": 62.63469314575195, "unit": "GB"}, "version": 9}
{"obj": {"type": "ClearFloatLog", "path": ["monitoring", "memory"]}, "version": 10}
{"obj": {"type": "ConfigFloatSeries", "path": ["monitoring", "gpu"], "min": 0.0, "max": 100.0, "unit": "%"}, "version": 11}
{"obj": {"type": "ClearFloatLog", "path": ["monitoring", "gpu"]}, "version": 12}
{"obj": {"type": "ConfigFloatSeries", "path": ["monitoring", "gpu_memory"], "min": 0.0, "max": 47.5198974609375, "unit": "GB"}, "version": 13}
{"obj": {"type": "ClearFloatLog", "path": ["monitoring", "gpu_memory"]}, "version": 14}
{"obj": {"type": "LogStrings", "path": ["monitoring", "stdout"], "values": [{"value": "Remember to stop your run once you\u2019ve finished logging your metadata (https://docs.neptune.ai/api-reference/run#.stop). It will be stopped automatically only when the notebook kernel/interactive console is terminated.\n", "step": null, "ts": 1668460874.0022624}]}, "version": 15}
{"obj": {"type": "AssignString", "path": ["source_code", "integrations", "neptune-tensorflow-keras"], "value": "1.1.0"}, "version": 16}
{"obj": {"type": "LogFloats", "path": ["monitoring", "cpu"], "values": [{"value": 3.4, "step": null, "ts": 1668460873.9990973}]}, "version": 17}
{"obj": {"type": "LogFloats", "path": ["monitoring", "memory"], "values": [{"value": 26.32415771484375, "step": null, "ts": 1668460873.9990973}]}, "version": 18}
{"obj": {"type": "LogFloats", "path": ["monitoring", "gpu_memory"], "values": [{"value": 25.7838134765625, "step": null, "ts": 1668460873.9990973}]}, "version": 19}
{"obj": {"type": "AssignString", "path": ["training", "model", "optimizer_config", "name"], "value": "Adam"}, "version": 20}
{"obj": {"type": "AssignFloat", "path": ["training", "model", "optimizer_config", "learning_rate"], "value": 0.001}, "version": 21}
{"obj": {"type": "AssignFloat", "path": ["training", "model", "optimizer_config", "decay"], "value": 0.0}, "version": 22}
{"obj": {"type": "AssignFloat", "path": ["training", "model", "optimizer_config", "beta_1"], "value": 0.9}, "version": 23}
{"obj": {"type": "AssignFloat", "path": ["training", "model", "optimizer_config", "beta_2"], "value": 0.999}, "version": 24}
{"obj": {"type": "AssignFloat", "path": ["training", "model", "optimizer_config", "epsilon"], "value": 1e-07}, "version": 25}
{"obj": {"type": "AssignBool", "path": ["training", "model", "optimizer_config", "amsgrad"], "value": false}, "version": 26}
{"obj": {"type": "AssignInt", "path": ["training", "fit_params", "verbose"], "value": 1}, "version": 27}
{"obj": {"type": "AssignInt", "path": ["training", "fit_params", "epochs"], "value": 200}, "version": 28}
{"obj": {"type": "AssignInt", "path": ["training", "fit_params", "steps"], "value": 313}, "version": 29}
{"obj": {"type": "LogStrings", "path": ["monitoring", "stdout"], "values": [{"value": "Epoch 1/200", "step": null, "ts": 1668460875.882428}]}, "version": 30}
{"obj": {"type": "LogStrings", "path": ["monitoring", "stdout"], "values": [{"value": "\n", "step": null, "ts": 1668460875.8827393}]}, "version": 31}
{"obj": {"type": "LogFloats", "path": ["training", "model", "learning_rate"], "values": [{"value": 0.0010000000474974513, "step": null, "ts": 1668460875.8843539}]}, "version": 32}
{"obj": {"type": "LogFloats", "path": ["monitoring", "cpu"], "values": [{"value": 1.9, "step": null, "ts": 1668460884.0070581}]}, "version": 33}
{"obj": {"type": "LogFloats", "path": ["monitoring", "memory"], "values": [{"value": 32.39264678955078, "step": null, "ts": 1668460884.0070581}]}, "version": 34}
{"obj": {"type": "LogFloats", "path": ["monitoring", "gpu_memory"], "values": [{"value": 25.7838134765625, "step": null, "ts": 1668460884.0070581}]}, "version": 35}
{"obj": {"type": "LogFloats", "path": ["monitoring", "cpu"], "values": [{"value": 1.0, "step": null, "ts": 1668460894.00885}]}, "version": 36}
{"obj": {"type": "LogFloats", "path": ["monitoring", "memory"], "values": [{"value": 32.393619537353516, "step": null, "ts": 1668460894.00885}]}, "version": 37}
{"obj": {"type": "LogFloats", "path": ["monitoring", "gpu_memory"], "values": [{"value": 25.7838134765625, "step": null, "ts": 1668460894.00885}]}, "version": 38}
{"obj": {"type": "LogFloats", "path": ["monitoring", "cpu"], "values": [{"value": 1.1, "step": null, "ts": 1668460904.0109096}]}, "version": 39}
{"obj": {"type": "LogFloats", "path": ["monitoring", "memory"], "values": [{"value": 32.38874435424805, "step": null, "ts": 1668460904.0109096}]}, "version": 40}
{"obj": {"type": "LogFloats", "path": ["monitoring", "gpu_memory"], "values": [{"value": 25.7838134765625, "step": null, "ts": 1668460904.0109096}]}, "version": 41}
{"obj": {"type": "LogFloats", "path": ["monitoring", "cpu"], "values": [{"value": 1.1, "step": null, "ts": 1668460914.0129142}]}, "version": 42}
{"obj": {"type": "LogFloats", "path": ["monitoring", "memory"], "values": [{"value": 32.38965606689453, "step": null, "ts": 1668460914.0129142}]}, "version": 43}
{"obj": {"type": "LogFloats", "path": ["monitoring", "gpu_memory"], "values": [{"value": 25.7838134765625, "step": null, "ts": 1668460914.0129142}]}, "version": 44}
{"obj": {"type": "LogFloats", "path": ["monitoring", "cpu"], "values": [{"value": 1.0, "step": null, "ts": 1668460924.0144525}]}, "version": 45}
{"obj": {"type": "LogFloats", "path": ["monitoring", "memory"], "values": [{"value": 32.396995544433594, "step": null, "ts": 1668460924.0144525}]}, "version": 46}
{"obj": {"type": "LogFloats", "path": ["monitoring", "gpu_memory"], "values": [{"value": 25.7838134765625, "step": null, "ts": 1668460924.0144525}]}, "version": 47}
{"obj": {"type": "LogFloats", "path": ["monitoring", "cpu"], "values": [{"value": 1.1, "step": null, "ts": 1668460934.0168087}]}, "version": 48}
{"obj": {"type": "LogFloats", "path": ["monitoring", "memory"], "values": [{"value": 32.393165588378906, "step": null, "ts": 1668460934.0168087}]}, "version": 49}
{"obj": {"type": "LogFloats", "path": ["monitoring", "gpu_memory"], "values": [{"value": 25.7838134765625, "step": null, "ts": 1668460934.0168087}]}, "version": 50}
{"obj": {"type": "LogFloats", "path": ["monitoring", "cpu"], "values": [{"value": 1.1, "step": null, "ts": 1668460944.0268729}]}, "version": 51}
{"obj": {"type": "LogFloats", "path": ["monitoring", "memory"], "values": [{"value": 32.39704895019531, "step": null, "ts": 1668460944.0268729}]}, "version": 52}
{"obj": {"type": "LogFloats", "path": ["monitoring", "gpu_memory"], "values": [{"value": 25.7838134765625, "step": null, "ts": 1668460944.0268729}]}, "version": 53}
{"obj": {"type": "LogFloats", "path": ["monitoring", "cpu"], "values": [{"value": 1.0, "step": null, "ts": 1668460954.0284102}]}, "version": 54}
{"obj": {"type": "LogFloats", "path": ["monitoring", "memory"], "values": [{"value": 32.40291976928711, "step": null, "ts": 1668460954.0284102}]}, "version": 55}
{"obj": {"type": "LogFloats", "path": ["monitoring", "gpu_memory"], "values": [{"value": 25.7838134765625, "step": null, "ts": 1668460954.0284102}]}, "version": 56}
{"obj": {"type": "LogFloats", "path": ["monitoring", "cpu"], "values": [{"value": 1.1, "step": null, "ts": 1668460964.0301979}]}, "version": 57}
{"obj": {"type": "LogFloats", "path": ["monitoring", "memory"], "values": [{"value": 32.40945816040039, "step": null, "ts": 1668460964.0301979}]}, "version": 58}
{"obj": {"type": "LogFloats", "path": ["monitoring", "gpu_memory"], "values": [{"value": 25.7838134765625, "step": null, "ts": 1668460964.0301979}]}, "version": 59}
{"obj": {"type": "LogFloats", "path": ["monitoring", "cpu"], "values": [{"value": 1.2, "step": null, "ts": 1668460974.0405626}]}, "version": 60}
{"obj": {"type": "LogFloats", "path": ["monitoring", "memory"], "values": [{"value": 32.38787841796875, "step": null, "ts": 1668460974.0405626}]}, "version": 61}
{"obj": {"type": "LogFloats", "path": ["monitoring", "gpu_memory"], "values": [{"value": 25.7838134765625, "step": null, "ts": 1668460974.0405626}]}, "version": 62}
{"obj": {"type": "LogFloats", "path": ["monitoring", "cpu"], "values": [{"value": 1.1, "step": null, "ts": 1668460984.0420728}]}, "version": 63}
{"obj": {"type": "LogFloats", "path": ["monitoring", "memory"], "values": [{"value": 32.39632034301758, "step": null, "ts": 1668460984.0420728}]}, "version": 64}
{"obj": {"type": "LogFloats", "path": ["monitoring", "gpu_memory"], "values": [{"value": 25.7838134765625, "step": null, "ts": 1668460984.0420728}]}, "version": 65}
{"obj": {"type": "LogFloats", "path": ["monitoring", "cpu"], "values": [{"value": 1.0, "step": null, "ts": 1668460994.0439177}]}, "version": 66}
{"obj": {"type": "LogFloats", "path": ["monitoring", "memory"], "values": [{"value": 32.39252471923828, "step": null, "ts": 1668460994.0439177}]}, "version": 67}
{"obj": {"type": "LogFloats", "path": ["monitoring", "gpu_memory"], "values": [{"value": 25.7838134765625, "step": null, "ts": 1668460994.0439177}]}, "version": 68}
{"obj": {"type": "LogStrings", "path": ["monitoring", "stdout"], "values": [{"value": "Shutting down background jobs, please wait a moment...\n", "step": null, "ts": 1668460996.2148256}]}, "version": 69}
