{"obj": {"type": "AssignString", "path": ["sys", "name"], "value": "Untitled"}, "version": 1}
{"obj": {"type": "AssignString", "path": ["sys", "description"], "value": ""}, "version": 2}
{"obj": {"type": "AssignString", "path": ["sys", "hostname"], "value": "aurora"}, "version": 3}
{"obj": {"type": "AssignBool", "path": ["sys", "failed"], "value": false}, "version": 4}
{"obj": {"type": "ClearStringLog", "path": ["monitoring", "stdout"]}, "version": 5}
{"obj": {"type": "ClearStringLog", "path": ["monitoring", "stderr"]}, "version": 6}
{"obj": {"type": "ConfigFloatSeries", "path": ["monitoring", "cpu"], "min": 0.0, "max": 100.0, "unit": "%"}, "version": 7}
{"obj": {"type": "ClearFloatLog", "path": ["monitoring", "cpu"]}, "version": 8}
{"obj": {"type": "ConfigFloatSeries", "path": ["monitoring", "memory"], "min": 0.0, "max": 62.63469314575195, "unit": "GB"}, "version": 9}
{"obj": {"type": "ClearFloatLog", "path": ["monitoring", "memory"]}, "version": 10}
{"obj": {"type": "ConfigFloatSeries", "path": ["monitoring", "gpu"], "min": 0.0, "max": 100.0, "unit": "%"}, "version": 11}
{"obj": {"type": "ClearFloatLog", "path": ["monitoring", "gpu"]}, "version": 12}
{"obj": {"type": "ConfigFloatSeries", "path": ["monitoring", "gpu_memory"], "min": 0.0, "max": 47.5198974609375, "unit": "GB"}, "version": 13}
{"obj": {"type": "ClearFloatLog", "path": ["monitoring", "gpu_memory"]}, "version": 14}
{"obj": {"type": "LogStrings", "path": ["monitoring", "stdout"], "values": [{"value": "Remember to stop your run once you\u2019ve finished logging your metadata (https://docs.neptune.ai/api-reference/run#.stop). It will be stopped automatically only when the notebook kernel/interactive console is terminated.\n", "step": null, "ts": 1668210965.8289108}]}, "version": 15}
{"obj": {"type": "LogFloats", "path": ["monitoring", "cpu"], "values": [{"value": 1.2, "step": null, "ts": 1668210965.824447}]}, "version": 16}
{"obj": {"type": "LogFloats", "path": ["monitoring", "memory"], "values": [{"value": 25.00048065185547, "step": null, "ts": 1668210965.824447}]}, "version": 17}
{"obj": {"type": "LogFloats", "path": ["monitoring", "gpu_memory"], "values": [{"value": 26.1910400390625, "step": null, "ts": 1668210965.824447}]}, "version": 18}
{"obj": {"type": "LogFloats", "path": ["monitoring", "cpu"], "values": [{"value": 1.1, "step": null, "ts": 1668210975.8303444}]}, "version": 19}
{"obj": {"type": "LogFloats", "path": ["monitoring", "memory"], "values": [{"value": 25.000713348388672, "step": null, "ts": 1668210975.8303444}]}, "version": 20}
{"obj": {"type": "LogFloats", "path": ["monitoring", "gpu_memory"], "values": [{"value": 26.1910400390625, "step": null, "ts": 1668210975.8303444}]}, "version": 21}
{"obj": {"type": "LogFloats", "path": ["monitoring", "cpu"], "values": [{"value": 1.2, "step": null, "ts": 1668210985.8318577}]}, "version": 22}
{"obj": {"type": "LogFloats", "path": ["monitoring", "memory"], "values": [{"value": 25.012935638427734, "step": null, "ts": 1668210985.8318577}]}, "version": 23}
{"obj": {"type": "LogFloats", "path": ["monitoring", "gpu_memory"], "values": [{"value": 26.1910400390625, "step": null, "ts": 1668210985.8318577}]}, "version": 24}
{"obj": {"type": "LogFloats", "path": ["monitoring", "cpu"], "values": [{"value": 0.9, "step": null, "ts": 1668210995.8340054}]}, "version": 25}
{"obj": {"type": "LogFloats", "path": ["monitoring", "memory"], "values": [{"value": 25.005168914794922, "step": null, "ts": 1668210995.8340054}]}, "version": 26}
{"obj": {"type": "LogFloats", "path": ["monitoring", "gpu_memory"], "values": [{"value": 26.1910400390625, "step": null, "ts": 1668210995.8340054}]}, "version": 27}
{"obj": {"type": "LogFloats", "path": ["monitoring", "cpu"], "values": [{"value": 1.1, "step": null, "ts": 1668211005.8356724}]}, "version": 28}
{"obj": {"type": "LogFloats", "path": ["monitoring", "memory"], "values": [{"value": 25.003158569335938, "step": null, "ts": 1668211005.8356724}]}, "version": 29}
{"obj": {"type": "LogFloats", "path": ["monitoring", "gpu_memory"], "values": [{"value": 26.1910400390625, "step": null, "ts": 1668211005.8356724}]}, "version": 30}
{"obj": {"type": "LogFloats", "path": ["monitoring", "cpu"], "values": [{"value": 1.2, "step": null, "ts": 1668211015.8371937}]}, "version": 31}
{"obj": {"type": "LogFloats", "path": ["monitoring", "memory"], "values": [{"value": 25.012786865234375, "step": null, "ts": 1668211015.8371937}]}, "version": 32}
{"obj": {"type": "LogFloats", "path": ["monitoring", "gpu_memory"], "values": [{"value": 26.1910400390625, "step": null, "ts": 1668211015.8371937}]}, "version": 33}
{"obj": {"type": "LogFloats", "path": ["monitoring", "cpu"], "values": [{"value": 1.1, "step": null, "ts": 1668211025.8390589}]}, "version": 34}
{"obj": {"type": "LogFloats", "path": ["monitoring", "memory"], "values": [{"value": 25.00100326538086, "step": null, "ts": 1668211025.8390589}]}, "version": 35}
{"obj": {"type": "LogFloats", "path": ["monitoring", "gpu_memory"], "values": [{"value": 26.1910400390625, "step": null, "ts": 1668211025.8390589}]}, "version": 36}
{"obj": {"type": "LogFloats", "path": ["monitoring", "cpu"], "values": [{"value": 1.1, "step": null, "ts": 1668211035.8407407}]}, "version": 37}
{"obj": {"type": "LogFloats", "path": ["monitoring", "memory"], "values": [{"value": 25.006572723388672, "step": null, "ts": 1668211035.8407407}]}, "version": 38}
{"obj": {"type": "LogFloats", "path": ["monitoring", "gpu_memory"], "values": [{"value": 26.1910400390625, "step": null, "ts": 1668211035.8407407}]}, "version": 39}
{"obj": {"type": "LogFloats", "path": ["monitoring", "cpu"], "values": [{"value": 1.3, "step": null, "ts": 1668211045.8426774}]}, "version": 40}
{"obj": {"type": "LogFloats", "path": ["monitoring", "memory"], "values": [{"value": 25.022083282470703, "step": null, "ts": 1668211045.8426774}]}, "version": 41}
{"obj": {"type": "LogFloats", "path": ["monitoring", "gpu_memory"], "values": [{"value": 26.1910400390625, "step": null, "ts": 1668211045.8426774}]}, "version": 42}
{"obj": {"type": "LogFloats", "path": ["monitoring", "cpu"], "values": [{"value": 1.1, "step": null, "ts": 1668211055.844124}]}, "version": 43}
{"obj": {"type": "LogFloats", "path": ["monitoring", "memory"], "values": [{"value": 25.012619018554688, "step": null, "ts": 1668211055.844124}]}, "version": 44}
{"obj": {"type": "LogFloats", "path": ["monitoring", "gpu_memory"], "values": [{"value": 26.1910400390625, "step": null, "ts": 1668211055.844124}]}, "version": 45}
{"obj": {"type": "LogFloats", "path": ["monitoring", "cpu"], "values": [{"value": 0.9, "step": null, "ts": 1668211065.8461637}]}, "version": 46}
{"obj": {"type": "LogFloats", "path": ["monitoring", "memory"], "values": [{"value": 25.011112213134766, "step": null, "ts": 1668211065.8461637}]}, "version": 47}
{"obj": {"type": "LogFloats", "path": ["monitoring", "gpu_memory"], "values": [{"value": 26.1910400390625, "step": null, "ts": 1668211065.8461637}]}, "version": 48}
{"obj": {"type": "LogFloats", "path": ["monitoring", "cpu"], "values": [{"value": 1.3, "step": null, "ts": 1668211075.8479066}]}, "version": 49}
{"obj": {"type": "LogFloats", "path": ["monitoring", "memory"], "values": [{"value": 25.016124725341797, "step": null, "ts": 1668211075.8479066}]}, "version": 50}
{"obj": {"type": "LogFloats", "path": ["monitoring", "gpu_memory"], "values": [{"value": 26.1910400390625, "step": null, "ts": 1668211075.8479066}]}, "version": 51}
{"obj": {"type": "LogFloats", "path": ["monitoring", "cpu"], "values": [{"value": 1.0, "step": null, "ts": 1668211085.8498402}]}, "version": 52}
{"obj": {"type": "LogFloats", "path": ["monitoring", "memory"], "values": [{"value": 25.011947631835938, "step": null, "ts": 1668211085.8498402}]}, "version": 53}
{"obj": {"type": "LogFloats", "path": ["monitoring", "gpu_memory"], "values": [{"value": 26.1910400390625, "step": null, "ts": 1668211085.8498402}]}, "version": 54}
{"obj": {"type": "LogFloats", "path": ["monitoring", "cpu"], "values": [{"value": 1.0, "step": null, "ts": 1668211095.8517277}]}, "version": 55}
{"obj": {"type": "LogFloats", "path": ["monitoring", "memory"], "values": [{"value": 25.000152587890625, "step": null, "ts": 1668211095.8517277}]}, "version": 56}
{"obj": {"type": "LogFloats", "path": ["monitoring", "gpu_memory"], "values": [{"value": 26.1910400390625, "step": null, "ts": 1668211095.8517277}]}, "version": 57}
{"obj": {"type": "LogFloats", "path": ["monitoring", "cpu"], "values": [{"value": 1.4, "step": null, "ts": 1668211105.8534582}]}, "version": 58}
{"obj": {"type": "LogFloats", "path": ["monitoring", "memory"], "values": [{"value": 25.013275146484375, "step": null, "ts": 1668211105.8534582}]}, "version": 59}
{"obj": {"type": "LogFloats", "path": ["monitoring", "gpu_memory"], "values": [{"value": 26.1910400390625, "step": null, "ts": 1668211105.8534582}]}, "version": 60}
{"obj": {"type": "LogFloats", "path": ["monitoring", "cpu"], "values": [{"value": 1.0, "step": null, "ts": 1668211115.8553767}]}, "version": 61}
{"obj": {"type": "LogFloats", "path": ["monitoring", "memory"], "values": [{"value": 25.006549835205078, "step": null, "ts": 1668211115.8553767}]}, "version": 62}
{"obj": {"type": "LogFloats", "path": ["monitoring", "gpu_memory"], "values": [{"value": 26.1910400390625, "step": null, "ts": 1668211115.8553767}]}, "version": 63}
{"obj": {"type": "LogFloats", "path": ["monitoring", "cpu"], "values": [{"value": 1.1, "step": null, "ts": 1668211125.8653748}]}, "version": 64}
{"obj": {"type": "LogFloats", "path": ["monitoring", "memory"], "values": [{"value": 25.003360748291016, "step": null, "ts": 1668211125.8653748}]}, "version": 65}
{"obj": {"type": "LogFloats", "path": ["monitoring", "gpu_memory"], "values": [{"value": 26.1910400390625, "step": null, "ts": 1668211125.8653748}]}, "version": 66}
{"obj": {"type": "LogFloats", "path": ["monitoring", "cpu"], "values": [{"value": 1.4, "step": null, "ts": 1668211135.8668714}]}, "version": 67}
{"obj": {"type": "LogFloats", "path": ["monitoring", "memory"], "values": [{"value": 25.010440826416016, "step": null, "ts": 1668211135.8668714}]}, "version": 68}
{"obj": {"type": "LogFloats", "path": ["monitoring", "gpu_memory"], "values": [{"value": 26.1910400390625, "step": null, "ts": 1668211135.8668714}]}, "version": 69}
{"obj": {"type": "LogFloats", "path": ["monitoring", "cpu"], "values": [{"value": 1.0, "step": null, "ts": 1668211145.8689902}]}, "version": 70}
{"obj": {"type": "LogFloats", "path": ["monitoring", "memory"], "values": [{"value": 25.009140014648438, "step": null, "ts": 1668211145.8689902}]}, "version": 71}
{"obj": {"type": "LogFloats", "path": ["monitoring", "gpu_memory"], "values": [{"value": 26.1910400390625, "step": null, "ts": 1668211145.8689902}]}, "version": 72}
{"obj": {"type": "LogFloats", "path": ["monitoring", "cpu"], "values": [{"value": 0.9, "step": null, "ts": 1668211155.8710253}]}, "version": 73}
{"obj": {"type": "LogFloats", "path": ["monitoring", "memory"], "values": [{"value": 25.005043029785156, "step": null, "ts": 1668211155.8710253}]}, "version": 74}
{"obj": {"type": "LogFloats", "path": ["monitoring", "gpu_memory"], "values": [{"value": 26.1910400390625, "step": null, "ts": 1668211155.8710253}]}, "version": 75}
{"obj": {"type": "LogFloats", "path": ["monitoring", "cpu"], "values": [{"value": 1.4, "step": null, "ts": 1668211165.872857}]}, "version": 76}
{"obj": {"type": "LogFloats", "path": ["monitoring", "memory"], "values": [{"value": 25.012168884277344, "step": null, "ts": 1668211165.872857}]}, "version": 77}
{"obj": {"type": "LogFloats", "path": ["monitoring", "gpu_memory"], "values": [{"value": 26.1910400390625, "step": null, "ts": 1668211165.872857}]}, "version": 78}
{"obj": {"type": "LogFloats", "path": ["monitoring", "cpu"], "values": [{"value": 0.9, "step": null, "ts": 1668211175.873987}]}, "version": 79}
{"obj": {"type": "LogFloats", "path": ["monitoring", "memory"], "values": [{"value": 25.006717681884766, "step": null, "ts": 1668211175.873987}]}, "version": 80}
{"obj": {"type": "LogFloats", "path": ["monitoring", "gpu_memory"], "values": [{"value": 26.1910400390625, "step": null, "ts": 1668211175.873987}]}, "version": 81}
{"obj": {"type": "LogFloats", "path": ["monitoring", "cpu"], "values": [{"value": 0.9, "step": null, "ts": 1668211185.8757179}]}, "version": 82}
{"obj": {"type": "LogFloats", "path": ["monitoring", "memory"], "values": [{"value": 25.001468658447266, "step": null, "ts": 1668211185.8757179}]}, "version": 83}
{"obj": {"type": "LogFloats", "path": ["monitoring", "gpu_memory"], "values": [{"value": 26.1910400390625, "step": null, "ts": 1668211185.8757179}]}, "version": 84}
{"obj": {"type": "LogFloats", "path": ["monitoring", "cpu"], "values": [{"value": 1.4, "step": null, "ts": 1668211195.8774977}]}, "version": 85}
{"obj": {"type": "LogFloats", "path": ["monitoring", "memory"], "values": [{"value": 25.018634796142578, "step": null, "ts": 1668211195.8774977}]}, "version": 86}
{"obj": {"type": "LogFloats", "path": ["monitoring", "gpu_memory"], "values": [{"value": 26.1910400390625, "step": null, "ts": 1668211195.8774977}]}, "version": 87}
{"obj": {"type": "LogFloats", "path": ["monitoring", "cpu"], "values": [{"value": 0.9, "step": null, "ts": 1668211205.879039}]}, "version": 88}
{"obj": {"type": "LogFloats", "path": ["monitoring", "memory"], "values": [{"value": 25.007213592529297, "step": null, "ts": 1668211205.879039}]}, "version": 89}
{"obj": {"type": "LogFloats", "path": ["monitoring", "gpu_memory"], "values": [{"value": 26.1910400390625, "step": null, "ts": 1668211205.879039}]}, "version": 90}
{"obj": {"type": "LogFloats", "path": ["monitoring", "cpu"], "values": [{"value": 1.4, "step": null, "ts": 1668211215.8813999}]}, "version": 91}
{"obj": {"type": "LogFloats", "path": ["monitoring", "memory"], "values": [{"value": 25.007537841796875, "step": null, "ts": 1668211215.8813999}]}, "version": 92}
{"obj": {"type": "LogFloats", "path": ["monitoring", "gpu_memory"], "values": [{"value": 26.1910400390625, "step": null, "ts": 1668211215.8813999}]}, "version": 93}
{"obj": {"type": "LogFloats", "path": ["monitoring", "cpu"], "values": [{"value": 1.5, "step": null, "ts": 1668211225.8829257}]}, "version": 94}
{"obj": {"type": "LogFloats", "path": ["monitoring", "memory"], "values": [{"value": 25.01369857788086, "step": null, "ts": 1668211225.8829257}]}, "version": 95}
{"obj": {"type": "LogFloats", "path": ["monitoring", "gpu_memory"], "values": [{"value": 26.1910400390625, "step": null, "ts": 1668211225.8829257}]}, "version": 96}
{"obj": {"type": "LogFloats", "path": ["monitoring", "cpu"], "values": [{"value": 1.0, "step": null, "ts": 1668211235.884938}]}, "version": 97}
{"obj": {"type": "LogFloats", "path": ["monitoring", "memory"], "values": [{"value": 25.00674819946289, "step": null, "ts": 1668211235.884938}]}, "version": 98}
{"obj": {"type": "LogFloats", "path": ["monitoring", "gpu_memory"], "values": [{"value": 26.1910400390625, "step": null, "ts": 1668211235.884938}]}, "version": 99}
{"obj": {"type": "LogFloats", "path": ["monitoring", "cpu"], "values": [{"value": 0.9, "step": null, "ts": 1668211245.887147}]}, "version": 100}
{"obj": {"type": "LogFloats", "path": ["monitoring", "memory"], "values": [{"value": 25.00867462158203, "step": null, "ts": 1668211245.887147}]}, "version": 101}
{"obj": {"type": "LogFloats", "path": ["monitoring", "gpu_memory"], "values": [{"value": 26.1910400390625, "step": null, "ts": 1668211245.887147}]}, "version": 102}
{"obj": {"type": "LogFloats", "path": ["monitoring", "cpu"], "values": [{"value": 1.5, "step": null, "ts": 1668211255.8889244}]}, "version": 103}
{"obj": {"type": "LogFloats", "path": ["monitoring", "memory"], "values": [{"value": 25.007957458496094, "step": null, "ts": 1668211255.8889244}]}, "version": 104}
{"obj": {"type": "LogFloats", "path": ["monitoring", "gpu_memory"], "values": [{"value": 26.1910400390625, "step": null, "ts": 1668211255.8889244}]}, "version": 105}
{"obj": {"type": "LogFloats", "path": ["monitoring", "cpu"], "values": [{"value": 0.9, "step": null, "ts": 1668211265.890535}]}, "version": 106}
{"obj": {"type": "LogFloats", "path": ["monitoring", "memory"], "values": [{"value": 25.002342224121094, "step": null, "ts": 1668211265.890535}]}, "version": 107}
{"obj": {"type": "LogFloats", "path": ["monitoring", "gpu_memory"], "values": [{"value": 26.1910400390625, "step": null, "ts": 1668211265.890535}]}, "version": 108}
{"obj": {"type": "LogFloats", "path": ["monitoring", "cpu"], "values": [{"value": 0.9, "step": null, "ts": 1668211275.892162}]}, "version": 109}
{"obj": {"type": "LogFloats", "path": ["monitoring", "memory"], "values": [{"value": 24.999481201171875, "step": null, "ts": 1668211275.892162}]}, "version": 110}
{"obj": {"type": "LogFloats", "path": ["monitoring", "gpu_memory"], "values": [{"value": 26.1910400390625, "step": null, "ts": 1668211275.892162}]}, "version": 111}
{"obj": {"type": "LogFloats", "path": ["monitoring", "cpu"], "values": [{"value": 1.5, "step": null, "ts": 1668211285.8936586}]}, "version": 112}
{"obj": {"type": "LogFloats", "path": ["monitoring", "memory"], "values": [{"value": 25.008800506591797, "step": null, "ts": 1668211285.8936586}]}, "version": 113}
{"obj": {"type": "LogFloats", "path": ["monitoring", "gpu_memory"], "values": [{"value": 26.1910400390625, "step": null, "ts": 1668211285.8936586}]}, "version": 114}
{"obj": {"type": "LogFloats", "path": ["monitoring", "cpu"], "values": [{"value": 0.9, "step": null, "ts": 1668211295.8956761}]}, "version": 115}
{"obj": {"type": "LogFloats", "path": ["monitoring", "memory"], "values": [{"value": 25.00611114501953, "step": null, "ts": 1668211295.8956761}]}, "version": 116}
{"obj": {"type": "LogFloats", "path": ["monitoring", "gpu_memory"], "values": [{"value": 26.1910400390625, "step": null, "ts": 1668211295.8956761}]}, "version": 117}
{"obj": {"type": "LogFloats", "path": ["monitoring", "cpu"], "values": [{"value": 1.0, "step": null, "ts": 1668211305.8978834}]}, "version": 118}
{"obj": {"type": "LogFloats", "path": ["monitoring", "memory"], "values": [{"value": 25.011383056640625, "step": null, "ts": 1668211305.8978834}]}, "version": 119}
{"obj": {"type": "LogFloats", "path": ["monitoring", "gpu_memory"], "values": [{"value": 26.1910400390625, "step": null, "ts": 1668211305.8978834}]}, "version": 120}
{"obj": {"type": "LogFloats", "path": ["monitoring", "cpu"], "values": [{"value": 1.3, "step": null, "ts": 1668211315.8994348}]}, "version": 121}
{"obj": {"type": "LogFloats", "path": ["monitoring", "memory"], "values": [{"value": 25.015766143798828, "step": null, "ts": 1668211315.8994348}]}, "version": 122}
{"obj": {"type": "LogFloats", "path": ["monitoring", "gpu_memory"], "values": [{"value": 26.1910400390625, "step": null, "ts": 1668211315.8994348}]}, "version": 123}
{"obj": {"type": "LogFloats", "path": ["monitoring", "cpu"], "values": [{"value": 1.0, "step": null, "ts": 1668211325.9009047}]}, "version": 124}
{"obj": {"type": "LogFloats", "path": ["monitoring", "memory"], "values": [{"value": 25.002864837646484, "step": null, "ts": 1668211325.9009047}]}, "version": 125}
{"obj": {"type": "LogFloats", "path": ["monitoring", "gpu_memory"], "values": [{"value": 26.1910400390625, "step": null, "ts": 1668211325.9009047}]}, "version": 126}
{"obj": {"type": "LogFloats", "path": ["monitoring", "cpu"], "values": [{"value": 0.9, "step": null, "ts": 1668211335.9030917}]}, "version": 127}
{"obj": {"type": "LogFloats", "path": ["monitoring", "memory"], "values": [{"value": 25.007240295410156, "step": null, "ts": 1668211335.9030917}]}, "version": 128}
{"obj": {"type": "LogFloats", "path": ["monitoring", "gpu_memory"], "values": [{"value": 26.1910400390625, "step": null, "ts": 1668211335.9030917}]}, "version": 129}
{"obj": {"type": "LogFloats", "path": ["monitoring", "cpu"], "values": [{"value": 1.3, "step": null, "ts": 1668211345.9046338}]}, "version": 130}
{"obj": {"type": "LogFloats", "path": ["monitoring", "memory"], "values": [{"value": 25.01113510131836, "step": null, "ts": 1668211345.9046338}]}, "version": 131}
{"obj": {"type": "LogFloats", "path": ["monitoring", "gpu_memory"], "values": [{"value": 26.1910400390625, "step": null, "ts": 1668211345.9046338}]}, "version": 132}
{"obj": {"type": "LogFloats", "path": ["monitoring", "cpu"], "values": [{"value": 1.0, "step": null, "ts": 1668211355.9062188}]}, "version": 133}
{"obj": {"type": "LogFloats", "path": ["monitoring", "memory"], "values": [{"value": 25.015411376953125, "step": null, "ts": 1668211355.9062188}]}, "version": 134}
{"obj": {"type": "LogFloats", "path": ["monitoring", "gpu_memory"], "values": [{"value": 26.1910400390625, "step": null, "ts": 1668211355.9062188}]}, "version": 135}
{"obj": {"type": "LogFloats", "path": ["monitoring", "cpu"], "values": [{"value": 0.9, "step": null, "ts": 1668211365.9078913}]}, "version": 136}
{"obj": {"type": "LogFloats", "path": ["monitoring", "memory"], "values": [{"value": 25.008487701416016, "step": null, "ts": 1668211365.9078913}]}, "version": 137}
{"obj": {"type": "LogFloats", "path": ["monitoring", "gpu_memory"], "values": [{"value": 26.1910400390625, "step": null, "ts": 1668211365.9078913}]}, "version": 138}
{"obj": {"type": "LogFloats", "path": ["monitoring", "cpu"], "values": [{"value": 1.2, "step": null, "ts": 1668211375.909415}]}, "version": 139}
{"obj": {"type": "LogFloats", "path": ["monitoring", "memory"], "values": [{"value": 25.016239166259766, "step": null, "ts": 1668211375.909415}]}, "version": 140}
{"obj": {"type": "LogFloats", "path": ["monitoring", "gpu_memory"], "values": [{"value": 26.1910400390625, "step": null, "ts": 1668211375.909415}]}, "version": 141}
{"obj": {"type": "LogFloats", "path": ["monitoring", "cpu"], "values": [{"value": 1.1, "step": null, "ts": 1668211385.910937}]}, "version": 142}
{"obj": {"type": "LogFloats", "path": ["monitoring", "memory"], "values": [{"value": 25.023941040039062, "step": null, "ts": 1668211385.910937}]}, "version": 143}
{"obj": {"type": "LogFloats", "path": ["monitoring", "gpu_memory"], "values": [{"value": 26.1910400390625, "step": null, "ts": 1668211385.910937}]}, "version": 144}
{"obj": {"type": "LogFloats", "path": ["monitoring", "cpu"], "values": [{"value": 0.9, "step": null, "ts": 1668211395.912627}]}, "version": 145}
{"obj": {"type": "LogFloats", "path": ["monitoring", "memory"], "values": [{"value": 25.008651733398438, "step": null, "ts": 1668211395.912627}]}, "version": 146}
{"obj": {"type": "LogFloats", "path": ["monitoring", "gpu_memory"], "values": [{"value": 26.1910400390625, "step": null, "ts": 1668211395.912627}]}, "version": 147}
{"obj": {"type": "LogFloats", "path": ["monitoring", "cpu"], "values": [{"value": 1.1, "step": null, "ts": 1668211405.9146698}]}, "version": 148}
{"obj": {"type": "LogFloats", "path": ["monitoring", "memory"], "values": [{"value": 25.0186767578125, "step": null, "ts": 1668211405.9146698}]}, "version": 149}
{"obj": {"type": "LogFloats", "path": ["monitoring", "gpu_memory"], "values": [{"value": 26.1910400390625, "step": null, "ts": 1668211405.9146698}]}, "version": 150}
{"obj": {"type": "LogFloats", "path": ["monitoring", "cpu"], "values": [{"value": 1.2, "step": null, "ts": 1668211415.9164188}]}, "version": 151}
{"obj": {"type": "LogFloats", "path": ["monitoring", "memory"], "values": [{"value": 25.026336669921875, "step": null, "ts": 1668211415.9164188}]}, "version": 152}
{"obj": {"type": "LogFloats", "path": ["monitoring", "gpu_memory"], "values": [{"value": 26.1910400390625, "step": null, "ts": 1668211415.9164188}]}, "version": 153}
{"obj": {"type": "LogFloats", "path": ["monitoring", "cpu"], "values": [{"value": 0.9, "step": null, "ts": 1668211425.91842}]}, "version": 154}
{"obj": {"type": "LogFloats", "path": ["monitoring", "memory"], "values": [{"value": 25.014118194580078, "step": null, "ts": 1668211425.91842}]}, "version": 155}
{"obj": {"type": "LogFloats", "path": ["monitoring", "gpu_memory"], "values": [{"value": 26.1910400390625, "step": null, "ts": 1668211425.91842}]}, "version": 156}
{"obj": {"type": "LogFloats", "path": ["monitoring", "cpu"], "values": [{"value": 1.0, "step": null, "ts": 1668211435.9206738}]}, "version": 157}
{"obj": {"type": "LogFloats", "path": ["monitoring", "memory"], "values": [{"value": 25.016448974609375, "step": null, "ts": 1668211435.9206738}]}, "version": 158}
{"obj": {"type": "LogFloats", "path": ["monitoring", "gpu_memory"], "values": [{"value": 26.1910400390625, "step": null, "ts": 1668211435.9206738}]}, "version": 159}
{"obj": {"type": "LogFloats", "path": ["monitoring", "cpu"], "values": [{"value": 1.3, "step": null, "ts": 1668211445.9222493}]}, "version": 160}
{"obj": {"type": "LogFloats", "path": ["monitoring", "memory"], "values": [{"value": 25.02251434326172, "step": null, "ts": 1668211445.9222493}]}, "version": 161}
{"obj": {"type": "LogFloats", "path": ["monitoring", "gpu_memory"], "values": [{"value": 26.1910400390625, "step": null, "ts": 1668211445.9222493}]}, "version": 162}
{"obj": {"type": "LogFloats", "path": ["monitoring", "cpu"], "values": [{"value": 1.0, "step": null, "ts": 1668211455.9242294}]}, "version": 163}
{"obj": {"type": "LogFloats", "path": ["monitoring", "memory"], "values": [{"value": 25.01256561279297, "step": null, "ts": 1668211455.9242294}]}, "version": 164}
{"obj": {"type": "LogFloats", "path": ["monitoring", "gpu_memory"], "values": [{"value": 26.1910400390625, "step": null, "ts": 1668211455.9242294}]}, "version": 165}
{"obj": {"type": "LogFloats", "path": ["monitoring", "cpu"], "values": [{"value": 0.9, "step": null, "ts": 1668211465.9257133}]}, "version": 166}
{"obj": {"type": "LogFloats", "path": ["monitoring", "memory"], "values": [{"value": 25.014854431152344, "step": null, "ts": 1668211465.9257133}]}, "version": 167}
{"obj": {"type": "LogFloats", "path": ["monitoring", "gpu_memory"], "values": [{"value": 26.1910400390625, "step": null, "ts": 1668211465.9257133}]}, "version": 168}
{"obj": {"type": "LogFloats", "path": ["monitoring", "cpu"], "values": [{"value": 1.2, "step": null, "ts": 1668211475.927185}]}, "version": 169}
{"obj": {"type": "LogFloats", "path": ["monitoring", "memory"], "values": [{"value": 25.02054214477539, "step": null, "ts": 1668211475.927185}]}, "version": 170}
{"obj": {"type": "LogFloats", "path": ["monitoring", "gpu_memory"], "values": [{"value": 26.1910400390625, "step": null, "ts": 1668211475.927185}]}, "version": 171}
{"obj": {"type": "LogFloats", "path": ["monitoring", "cpu"], "values": [{"value": 0.8, "step": null, "ts": 1668211485.9291165}]}, "version": 172}
{"obj": {"type": "LogFloats", "path": ["monitoring", "memory"], "values": [{"value": 25.011913299560547, "step": null, "ts": 1668211485.9291165}]}, "version": 173}
{"obj": {"type": "LogFloats", "path": ["monitoring", "gpu_memory"], "values": [{"value": 26.1910400390625, "step": null, "ts": 1668211485.9291165}]}, "version": 174}
{"obj": {"type": "LogFloats", "path": ["monitoring", "cpu"], "values": [{"value": 1.0, "step": null, "ts": 1668211495.931293}]}, "version": 175}
{"obj": {"type": "LogFloats", "path": ["monitoring", "memory"], "values": [{"value": 25.012149810791016, "step": null, "ts": 1668211495.931293}]}, "version": 176}
{"obj": {"type": "LogFloats", "path": ["monitoring", "gpu_memory"], "values": [{"value": 26.1910400390625, "step": null, "ts": 1668211495.931293}]}, "version": 177}
{"obj": {"type": "LogFloats", "path": ["monitoring", "cpu"], "values": [{"value": 1.3, "step": null, "ts": 1668211505.9328003}]}, "version": 178}
{"obj": {"type": "LogFloats", "path": ["monitoring", "memory"], "values": [{"value": 25.024913787841797, "step": null, "ts": 1668211505.9328003}]}, "version": 179}
{"obj": {"type": "LogFloats", "path": ["monitoring", "gpu_memory"], "values": [{"value": 26.1910400390625, "step": null, "ts": 1668211505.9328003}]}, "version": 180}
{"obj": {"type": "LogFloats", "path": ["monitoring", "cpu"], "values": [{"value": 0.9, "step": null, "ts": 1668211515.9344113}]}, "version": 181}
{"obj": {"type": "LogFloats", "path": ["monitoring", "memory"], "values": [{"value": 25.012725830078125, "step": null, "ts": 1668211515.9344113}]}, "version": 182}
{"obj": {"type": "LogFloats", "path": ["monitoring", "gpu_memory"], "values": [{"value": 26.1910400390625, "step": null, "ts": 1668211515.9344113}]}, "version": 183}
{"obj": {"type": "LogFloats", "path": ["monitoring", "cpu"], "values": [{"value": 0.9, "step": null, "ts": 1668211525.9365287}]}, "version": 184}
{"obj": {"type": "LogFloats", "path": ["monitoring", "memory"], "values": [{"value": 25.012939453125, "step": null, "ts": 1668211525.9365287}]}, "version": 185}
{"obj": {"type": "LogFloats", "path": ["monitoring", "gpu_memory"], "values": [{"value": 26.1910400390625, "step": null, "ts": 1668211525.9365287}]}, "version": 186}
{"obj": {"type": "LogFloats", "path": ["monitoring", "cpu"], "values": [{"value": 1.4, "step": null, "ts": 1668211535.9382756}]}, "version": 187}
{"obj": {"type": "LogFloats", "path": ["monitoring", "memory"], "values": [{"value": 25.02283477783203, "step": null, "ts": 1668211535.9382756}]}, "version": 188}
{"obj": {"type": "LogFloats", "path": ["monitoring", "gpu_memory"], "values": [{"value": 26.1910400390625, "step": null, "ts": 1668211535.9382756}]}, "version": 189}
{"obj": {"type": "LogFloats", "path": ["monitoring", "cpu"], "values": [{"value": 0.9, "step": null, "ts": 1668211545.940253}]}, "version": 190}
{"obj": {"type": "LogFloats", "path": ["monitoring", "memory"], "values": [{"value": 25.01720428466797, "step": null, "ts": 1668211545.940253}]}, "version": 191}
{"obj": {"type": "LogFloats", "path": ["monitoring", "gpu_memory"], "values": [{"value": 26.1910400390625, "step": null, "ts": 1668211545.940253}]}, "version": 192}
{"obj": {"type": "LogFloats", "path": ["monitoring", "cpu"], "values": [{"value": 1.0, "step": null, "ts": 1668211555.9507148}]}, "version": 193}
{"obj": {"type": "LogFloats", "path": ["monitoring", "memory"], "values": [{"value": 25.01988983154297, "step": null, "ts": 1668211555.9507148}]}, "version": 194}
{"obj": {"type": "LogFloats", "path": ["monitoring", "gpu_memory"], "values": [{"value": 26.1910400390625, "step": null, "ts": 1668211555.9507148}]}, "version": 195}
{"obj": {"type": "LogFloats", "path": ["monitoring", "cpu"], "values": [{"value": 1.4, "step": null, "ts": 1668211565.952266}]}, "version": 196}
{"obj": {"type": "LogFloats", "path": ["monitoring", "memory"], "values": [{"value": 25.019115447998047, "step": null, "ts": 1668211565.952266}]}, "version": 197}
{"obj": {"type": "LogFloats", "path": ["monitoring", "gpu_memory"], "values": [{"value": 26.1910400390625, "step": null, "ts": 1668211565.952266}]}, "version": 198}
{"obj": {"type": "LogFloats", "path": ["monitoring", "cpu"], "values": [{"value": 0.9, "step": null, "ts": 1668211575.954327}]}, "version": 199}
{"obj": {"type": "LogFloats", "path": ["monitoring", "memory"], "values": [{"value": 25.015914916992188, "step": null, "ts": 1668211575.954327}]}, "version": 200}
{"obj": {"type": "LogFloats", "path": ["monitoring", "gpu_memory"], "values": [{"value": 26.1910400390625, "step": null, "ts": 1668211575.954327}]}, "version": 201}
{"obj": {"type": "LogFloats", "path": ["monitoring", "cpu"], "values": [{"value": 0.9, "step": null, "ts": 1668211585.9560003}]}, "version": 202}
{"obj": {"type": "LogFloats", "path": ["monitoring", "memory"], "values": [{"value": 25.022842407226562, "step": null, "ts": 1668211585.9560003}]}, "version": 203}
{"obj": {"type": "LogFloats", "path": ["monitoring", "gpu_memory"], "values": [{"value": 26.1910400390625, "step": null, "ts": 1668211585.9560003}]}, "version": 204}
{"obj": {"type": "LogFloats", "path": ["monitoring", "cpu"], "values": [{"value": 1.4, "step": null, "ts": 1668211595.9576526}]}, "version": 205}
{"obj": {"type": "LogFloats", "path": ["monitoring", "memory"], "values": [{"value": 25.031539916992188, "step": null, "ts": 1668211595.9576526}]}, "version": 206}
{"obj": {"type": "LogFloats", "path": ["monitoring", "gpu_memory"], "values": [{"value": 26.1910400390625, "step": null, "ts": 1668211595.9576526}]}, "version": 207}
{"obj": {"type": "LogFloats", "path": ["monitoring", "cpu"], "values": [{"value": 0.9, "step": null, "ts": 1668211605.9596426}]}, "version": 208}
{"obj": {"type": "LogFloats", "path": ["monitoring", "memory"], "values": [{"value": 25.014087677001953, "step": null, "ts": 1668211605.9596426}]}, "version": 209}
{"obj": {"type": "LogFloats", "path": ["monitoring", "gpu_memory"], "values": [{"value": 26.1910400390625, "step": null, "ts": 1668211605.9596426}]}, "version": 210}
{"obj": {"type": "LogFloats", "path": ["monitoring", "cpu"], "values": [{"value": 0.9, "step": null, "ts": 1668211615.961879}]}, "version": 211}
{"obj": {"type": "LogFloats", "path": ["monitoring", "memory"], "values": [{"value": 25.00909423828125, "step": null, "ts": 1668211615.961879}]}, "version": 212}
{"obj": {"type": "LogFloats", "path": ["monitoring", "gpu_memory"], "values": [{"value": 26.1910400390625, "step": null, "ts": 1668211615.961879}]}, "version": 213}
{"obj": {"type": "LogFloats", "path": ["monitoring", "cpu"], "values": [{"value": 1.4, "step": null, "ts": 1668211625.9633934}]}, "version": 214}
{"obj": {"type": "LogFloats", "path": ["monitoring", "memory"], "values": [{"value": 25.02392578125, "step": null, "ts": 1668211625.9633934}]}, "version": 215}
{"obj": {"type": "LogFloats", "path": ["monitoring", "gpu_memory"], "values": [{"value": 26.1910400390625, "step": null, "ts": 1668211625.9633934}]}, "version": 216}
{"obj": {"type": "LogFloats", "path": ["monitoring", "cpu"], "values": [{"value": 0.9, "step": null, "ts": 1668211635.9653616}]}, "version": 217}
{"obj": {"type": "LogFloats", "path": ["monitoring", "memory"], "values": [{"value": 25.0142822265625, "step": null, "ts": 1668211635.9653616}]}, "version": 218}
{"obj": {"type": "LogFloats", "path": ["monitoring", "gpu_memory"], "values": [{"value": 26.1910400390625, "step": null, "ts": 1668211635.9653616}]}, "version": 219}
{"obj": {"type": "LogFloats", "path": ["monitoring", "cpu"], "values": [{"value": 1.0, "step": null, "ts": 1668211645.9676352}]}, "version": 220}
{"obj": {"type": "LogFloats", "path": ["monitoring", "memory"], "values": [{"value": 25.011905670166016, "step": null, "ts": 1668211645.9676352}]}, "version": 221}
{"obj": {"type": "LogFloats", "path": ["monitoring", "gpu_memory"], "values": [{"value": 26.1910400390625, "step": null, "ts": 1668211645.9676352}]}, "version": 222}
{"obj": {"type": "LogFloats", "path": ["monitoring", "cpu"], "values": [{"value": 1.6, "step": null, "ts": 1668211655.969484}]}, "version": 223}
{"obj": {"type": "LogFloats", "path": ["monitoring", "memory"], "values": [{"value": 25.03567123413086, "step": null, "ts": 1668211655.969484}]}, "version": 224}
{"obj": {"type": "LogFloats", "path": ["monitoring", "gpu_memory"], "values": [{"value": 26.1910400390625, "step": null, "ts": 1668211655.969484}]}, "version": 225}
{"obj": {"type": "LogFloats", "path": ["monitoring", "cpu"], "values": [{"value": 0.9, "step": null, "ts": 1668211665.9714823}]}, "version": 226}
{"obj": {"type": "LogFloats", "path": ["monitoring", "memory"], "values": [{"value": 25.02224349975586, "step": null, "ts": 1668211665.9714823}]}, "version": 227}
{"obj": {"type": "LogFloats", "path": ["monitoring", "gpu_memory"], "values": [{"value": 26.1910400390625, "step": null, "ts": 1668211665.9714823}]}, "version": 228}
{"obj": {"type": "LogFloats", "path": ["monitoring", "cpu"], "values": [{"value": 0.9, "step": null, "ts": 1668211675.9736943}]}, "version": 229}
{"obj": {"type": "LogFloats", "path": ["monitoring", "memory"], "values": [{"value": 25.019790649414062, "step": null, "ts": 1668211675.9736943}]}, "version": 230}
{"obj": {"type": "LogFloats", "path": ["monitoring", "gpu_memory"], "values": [{"value": 26.1910400390625, "step": null, "ts": 1668211675.9736943}]}, "version": 231}
{"obj": {"type": "LogFloats", "path": ["monitoring", "cpu"], "values": [{"value": 1.3, "step": null, "ts": 1668211685.975209}]}, "version": 232}
{"obj": {"type": "LogFloats", "path": ["monitoring", "memory"], "values": [{"value": 25.013469696044922, "step": null, "ts": 1668211685.975209}]}, "version": 233}
{"obj": {"type": "LogFloats", "path": ["monitoring", "gpu_memory"], "values": [{"value": 26.1910400390625, "step": null, "ts": 1668211685.975209}]}, "version": 234}
{"obj": {"type": "LogFloats", "path": ["monitoring", "cpu"], "values": [{"value": 0.9, "step": null, "ts": 1668211695.9851093}]}, "version": 235}
{"obj": {"type": "LogFloats", "path": ["monitoring", "memory"], "values": [{"value": 25.012981414794922, "step": null, "ts": 1668211695.9851093}]}, "version": 236}
{"obj": {"type": "LogFloats", "path": ["monitoring", "gpu_memory"], "values": [{"value": 26.1910400390625, "step": null, "ts": 1668211695.9851093}]}, "version": 237}
{"obj": {"type": "LogFloats", "path": ["monitoring", "cpu"], "values": [{"value": 1.0, "step": null, "ts": 1668211705.987371}]}, "version": 238}
{"obj": {"type": "LogFloats", "path": ["monitoring", "memory"], "values": [{"value": 25.023849487304688, "step": null, "ts": 1668211705.987371}]}, "version": 239}
{"obj": {"type": "LogFloats", "path": ["monitoring", "gpu_memory"], "values": [{"value": 26.1910400390625, "step": null, "ts": 1668211705.987371}]}, "version": 240}
{"obj": {"type": "LogFloats", "path": ["monitoring", "cpu"], "values": [{"value": 1.3, "step": null, "ts": 1668211715.9891207}]}, "version": 241}
{"obj": {"type": "LogFloats", "path": ["monitoring", "memory"], "values": [{"value": 25.019264221191406, "step": null, "ts": 1668211715.9891207}]}, "version": 242}
{"obj": {"type": "LogFloats", "path": ["monitoring", "gpu_memory"], "values": [{"value": 26.1910400390625, "step": null, "ts": 1668211715.9891207}]}, "version": 243}
{"obj": {"type": "LogFloats", "path": ["monitoring", "cpu"], "values": [{"value": 0.9, "step": null, "ts": 1668211725.9905498}]}, "version": 244}
{"obj": {"type": "LogFloats", "path": ["monitoring", "memory"], "values": [{"value": 25.017295837402344, "step": null, "ts": 1668211725.9905498}]}, "version": 245}
{"obj": {"type": "LogFloats", "path": ["monitoring", "gpu_memory"], "values": [{"value": 26.1910400390625, "step": null, "ts": 1668211725.9905498}]}, "version": 246}
{"obj": {"type": "LogFloats", "path": ["monitoring", "cpu"], "values": [{"value": 0.9, "step": null, "ts": 1668211735.9927454}]}, "version": 247}
{"obj": {"type": "LogFloats", "path": ["monitoring", "memory"], "values": [{"value": 25.01772689819336, "step": null, "ts": 1668211735.9927454}]}, "version": 248}
{"obj": {"type": "LogFloats", "path": ["monitoring", "gpu_memory"], "values": [{"value": 26.1910400390625, "step": null, "ts": 1668211735.9927454}]}, "version": 249}
{"obj": {"type": "LogFloats", "path": ["monitoring", "cpu"], "values": [{"value": 1.1, "step": null, "ts": 1668211745.9943128}]}, "version": 250}
{"obj": {"type": "LogFloats", "path": ["monitoring", "memory"], "values": [{"value": 25.021438598632812, "step": null, "ts": 1668211745.9943128}]}, "version": 251}
{"obj": {"type": "LogFloats", "path": ["monitoring", "gpu_memory"], "values": [{"value": 26.1910400390625, "step": null, "ts": 1668211745.9943128}]}, "version": 252}
{"obj": {"type": "LogFloats", "path": ["monitoring", "cpu"], "values": [{"value": 1.1, "step": null, "ts": 1668211755.9958885}]}, "version": 253}
{"obj": {"type": "LogFloats", "path": ["monitoring", "memory"], "values": [{"value": 25.02719497680664, "step": null, "ts": 1668211755.9958885}]}, "version": 254}
{"obj": {"type": "LogFloats", "path": ["monitoring", "gpu_memory"], "values": [{"value": 26.1910400390625, "step": null, "ts": 1668211755.9958885}]}, "version": 255}
{"obj": {"type": "LogFloats", "path": ["monitoring", "cpu"], "values": [{"value": 0.9, "step": null, "ts": 1668211765.9979842}]}, "version": 256}
{"obj": {"type": "LogFloats", "path": ["monitoring", "memory"], "values": [{"value": 25.012462615966797, "step": null, "ts": 1668211765.9979842}]}, "version": 257}
{"obj": {"type": "LogFloats", "path": ["monitoring", "gpu_memory"], "values": [{"value": 26.1910400390625, "step": null, "ts": 1668211765.9979842}]}, "version": 258}
{"obj": {"type": "LogFloats", "path": ["monitoring", "cpu"], "values": [{"value": 1.0, "step": null, "ts": 1668211775.9995697}]}, "version": 259}
{"obj": {"type": "LogFloats", "path": ["monitoring", "memory"], "values": [{"value": 25.015766143798828, "step": null, "ts": 1668211775.9995697}]}, "version": 260}
{"obj": {"type": "LogFloats", "path": ["monitoring", "gpu_memory"], "values": [{"value": 26.1910400390625, "step": null, "ts": 1668211775.9995697}]}, "version": 261}
{"obj": {"type": "LogFloats", "path": ["monitoring", "cpu"], "values": [{"value": 1.2, "step": null, "ts": 1668211786.0010636}]}, "version": 262}
{"obj": {"type": "LogFloats", "path": ["monitoring", "memory"], "values": [{"value": 25.03240203857422, "step": null, "ts": 1668211786.0010636}]}, "version": 263}
{"obj": {"type": "LogFloats", "path": ["monitoring", "gpu_memory"], "values": [{"value": 26.1910400390625, "step": null, "ts": 1668211786.0010636}]}, "version": 264}
{"obj": {"type": "LogFloats", "path": ["monitoring", "cpu"], "values": [{"value": 0.9, "step": null, "ts": 1668211796.0025384}]}, "version": 265}
{"obj": {"type": "LogFloats", "path": ["monitoring", "memory"], "values": [{"value": 25.017498016357422, "step": null, "ts": 1668211796.0025384}]}, "version": 266}
{"obj": {"type": "LogFloats", "path": ["monitoring", "gpu_memory"], "values": [{"value": 26.1910400390625, "step": null, "ts": 1668211796.0025384}]}, "version": 267}
{"obj": {"type": "LogFloats", "path": ["monitoring", "cpu"], "values": [{"value": 1.0, "step": null, "ts": 1668211806.0040317}]}, "version": 268}
{"obj": {"type": "LogFloats", "path": ["monitoring", "memory"], "values": [{"value": 25.022998809814453, "step": null, "ts": 1668211806.0040317}]}, "version": 269}
{"obj": {"type": "LogFloats", "path": ["monitoring", "gpu_memory"], "values": [{"value": 26.1910400390625, "step": null, "ts": 1668211806.0040317}]}, "version": 270}
{"obj": {"type": "LogFloats", "path": ["monitoring", "cpu"], "values": [{"value": 1.3, "step": null, "ts": 1668211816.0055485}]}, "version": 271}
{"obj": {"type": "LogFloats", "path": ["monitoring", "memory"], "values": [{"value": 25.03451156616211, "step": null, "ts": 1668211816.0055485}]}, "version": 272}
{"obj": {"type": "LogFloats", "path": ["monitoring", "gpu_memory"], "values": [{"value": 26.1910400390625, "step": null, "ts": 1668211816.0055485}]}, "version": 273}
{"obj": {"type": "LogFloats", "path": ["monitoring", "cpu"], "values": [{"value": 0.9, "step": null, "ts": 1668211826.0075824}]}, "version": 274}
{"obj": {"type": "LogFloats", "path": ["monitoring", "memory"], "values": [{"value": 25.02200698852539, "step": null, "ts": 1668211826.0075824}]}, "version": 275}
{"obj": {"type": "LogFloats", "path": ["monitoring", "gpu_memory"], "values": [{"value": 26.1910400390625, "step": null, "ts": 1668211826.0075824}]}, "version": 276}
{"obj": {"type": "LogFloats", "path": ["monitoring", "cpu"], "values": [{"value": 0.9, "step": null, "ts": 1668211836.01757}]}, "version": 277}
{"obj": {"type": "LogFloats", "path": ["monitoring", "memory"], "values": [{"value": 25.020320892333984, "step": null, "ts": 1668211836.01757}]}, "version": 278}
{"obj": {"type": "LogFloats", "path": ["monitoring", "gpu_memory"], "values": [{"value": 26.1910400390625, "step": null, "ts": 1668211836.01757}]}, "version": 279}
{"obj": {"type": "LogFloats", "path": ["monitoring", "cpu"], "values": [{"value": 1.3, "step": null, "ts": 1668211846.0191402}]}, "version": 280}
{"obj": {"type": "LogFloats", "path": ["monitoring", "memory"], "values": [{"value": 25.028636932373047, "step": null, "ts": 1668211846.0191402}]}, "version": 281}
{"obj": {"type": "LogFloats", "path": ["monitoring", "gpu_memory"], "values": [{"value": 26.1910400390625, "step": null, "ts": 1668211846.0191402}]}, "version": 282}
{"obj": {"type": "LogFloats", "path": ["monitoring", "cpu"], "values": [{"value": 0.9, "step": null, "ts": 1668211856.0211546}]}, "version": 283}
{"obj": {"type": "LogFloats", "path": ["monitoring", "memory"], "values": [{"value": 25.017120361328125, "step": null, "ts": 1668211856.0211546}]}, "version": 284}
{"obj": {"type": "LogFloats", "path": ["monitoring", "gpu_memory"], "values": [{"value": 26.1910400390625, "step": null, "ts": 1668211856.0211546}]}, "version": 285}
{"obj": {"type": "LogFloats", "path": ["monitoring", "cpu"], "values": [{"value": 0.9, "step": null, "ts": 1668211866.0228808}]}, "version": 286}
{"obj": {"type": "LogFloats", "path": ["monitoring", "memory"], "values": [{"value": 25.020687103271484, "step": null, "ts": 1668211866.0228808}]}, "version": 287}
{"obj": {"type": "LogFloats", "path": ["monitoring", "gpu_memory"], "values": [{"value": 26.1910400390625, "step": null, "ts": 1668211866.0228808}]}, "version": 288}
{"obj": {"type": "LogFloats", "path": ["monitoring", "cpu"], "values": [{"value": 1.5, "step": null, "ts": 1668211876.024441}]}, "version": 289}
{"obj": {"type": "LogFloats", "path": ["monitoring", "memory"], "values": [{"value": 25.034015655517578, "step": null, "ts": 1668211876.024441}]}, "version": 290}
{"obj": {"type": "LogFloats", "path": ["monitoring", "gpu_memory"], "values": [{"value": 26.1910400390625, "step": null, "ts": 1668211876.024441}]}, "version": 291}
{"obj": {"type": "LogFloats", "path": ["monitoring", "cpu"], "values": [{"value": 0.9, "step": null, "ts": 1668211886.0264218}]}, "version": 292}
{"obj": {"type": "LogFloats", "path": ["monitoring", "memory"], "values": [{"value": 25.018409729003906, "step": null, "ts": 1668211886.0264218}]}, "version": 293}
{"obj": {"type": "LogFloats", "path": ["monitoring", "gpu_memory"], "values": [{"value": 26.1910400390625, "step": null, "ts": 1668211886.0264218}]}, "version": 294}
{"obj": {"type": "LogFloats", "path": ["monitoring", "cpu"], "values": [{"value": 0.9, "step": null, "ts": 1668211896.0284271}]}, "version": 295}
{"obj": {"type": "LogFloats", "path": ["monitoring", "memory"], "values": [{"value": 25.01473617553711, "step": null, "ts": 1668211896.0284271}]}, "version": 296}
{"obj": {"type": "LogFloats", "path": ["monitoring", "gpu_memory"], "values": [{"value": 26.1910400390625, "step": null, "ts": 1668211896.0284271}]}, "version": 297}
{"obj": {"type": "LogFloats", "path": ["monitoring", "cpu"], "values": [{"value": 1.5, "step": null, "ts": 1668211906.029888}]}, "version": 298}
{"obj": {"type": "LogFloats", "path": ["monitoring", "memory"], "values": [{"value": 25.02004623413086, "step": null, "ts": 1668211906.029888}]}, "version": 299}
{"obj": {"type": "LogFloats", "path": ["monitoring", "gpu_memory"], "values": [{"value": 26.1910400390625, "step": null, "ts": 1668211906.029888}]}, "version": 300}
{"obj": {"type": "LogFloats", "path": ["monitoring", "cpu"], "values": [{"value": 0.9, "step": null, "ts": 1668211916.031683}]}, "version": 301}
{"obj": {"type": "LogFloats", "path": ["monitoring", "memory"], "values": [{"value": 25.020404815673828, "step": null, "ts": 1668211916.031683}]}, "version": 302}
{"obj": {"type": "LogFloats", "path": ["monitoring", "gpu_memory"], "values": [{"value": 26.1910400390625, "step": null, "ts": 1668211916.031683}]}, "version": 303}
{"obj": {"type": "LogFloats", "path": ["monitoring", "cpu"], "values": [{"value": 0.9, "step": null, "ts": 1668211926.0337667}]}, "version": 304}
{"obj": {"type": "LogFloats", "path": ["monitoring", "memory"], "values": [{"value": 25.013397216796875, "step": null, "ts": 1668211926.0337667}]}, "version": 305}
{"obj": {"type": "LogFloats", "path": ["monitoring", "gpu_memory"], "values": [{"value": 26.1910400390625, "step": null, "ts": 1668211926.0337667}]}, "version": 306}
{"obj": {"type": "LogFloats", "path": ["monitoring", "cpu"], "values": [{"value": 1.5, "step": null, "ts": 1668211936.0355349}]}, "version": 307}
{"obj": {"type": "LogFloats", "path": ["monitoring", "memory"], "values": [{"value": 25.030128479003906, "step": null, "ts": 1668211936.0355349}]}, "version": 308}
{"obj": {"type": "LogFloats", "path": ["monitoring", "gpu_memory"], "values": [{"value": 26.1910400390625, "step": null, "ts": 1668211936.0355349}]}, "version": 309}
{"obj": {"type": "LogFloats", "path": ["monitoring", "cpu"], "values": [{"value": 0.9, "step": null, "ts": 1668211946.037133}]}, "version": 310}
{"obj": {"type": "LogFloats", "path": ["monitoring", "memory"], "values": [{"value": 25.030742645263672, "step": null, "ts": 1668211946.037133}]}, "version": 311}
{"obj": {"type": "LogFloats", "path": ["monitoring", "gpu_memory"], "values": [{"value": 26.1910400390625, "step": null, "ts": 1668211946.037133}]}, "version": 312}
{"obj": {"type": "LogFloats", "path": ["monitoring", "cpu"], "values": [{"value": 1.0, "step": null, "ts": 1668211956.0387006}]}, "version": 313}
{"obj": {"type": "LogFloats", "path": ["monitoring", "memory"], "values": [{"value": 25.02276611328125, "step": null, "ts": 1668211956.0387006}]}, "version": 314}
{"obj": {"type": "LogFloats", "path": ["monitoring", "gpu_memory"], "values": [{"value": 26.1910400390625, "step": null, "ts": 1668211956.0387006}]}, "version": 315}
{"obj": {"type": "LogFloats", "path": ["monitoring", "cpu"], "values": [{"value": 1.4, "step": null, "ts": 1668211966.0404394}]}, "version": 316}
{"obj": {"type": "LogFloats", "path": ["monitoring", "memory"], "values": [{"value": 25.032581329345703, "step": null, "ts": 1668211966.0404394}]}, "version": 317}
{"obj": {"type": "LogFloats", "path": ["monitoring", "gpu_memory"], "values": [{"value": 26.1910400390625, "step": null, "ts": 1668211966.0404394}]}, "version": 318}
{"obj": {"type": "LogFloats", "path": ["monitoring", "cpu"], "values": [{"value": 1.0, "step": null, "ts": 1668211976.0419247}]}, "version": 319}
{"obj": {"type": "LogFloats", "path": ["monitoring", "memory"], "values": [{"value": 25.02764129638672, "step": null, "ts": 1668211976.0419247}]}, "version": 320}
{"obj": {"type": "LogFloats", "path": ["monitoring", "gpu_memory"], "values": [{"value": 26.1910400390625, "step": null, "ts": 1668211976.0419247}]}, "version": 321}
{"obj": {"type": "LogFloats", "path": ["monitoring", "cpu"], "values": [{"value": 0.8, "step": null, "ts": 1668211986.044339}]}, "version": 322}
{"obj": {"type": "LogFloats", "path": ["monitoring", "memory"], "values": [{"value": 25.027206420898438, "step": null, "ts": 1668211986.044339}]}, "version": 323}
{"obj": {"type": "LogFloats", "path": ["monitoring", "gpu_memory"], "values": [{"value": 26.1910400390625, "step": null, "ts": 1668211986.044339}]}, "version": 324}
{"obj": {"type": "LogFloats", "path": ["monitoring", "cpu"], "values": [{"value": 1.4, "step": null, "ts": 1668211996.0458975}]}, "version": 325}
{"obj": {"type": "LogFloats", "path": ["monitoring", "memory"], "values": [{"value": 25.035343170166016, "step": null, "ts": 1668211996.0458975}]}, "version": 326}
{"obj": {"type": "LogFloats", "path": ["monitoring", "gpu_memory"], "values": [{"value": 26.1910400390625, "step": null, "ts": 1668211996.0458975}]}, "version": 327}
{"obj": {"type": "LogFloats", "path": ["monitoring", "cpu"], "values": [{"value": 1.0, "step": null, "ts": 1668212006.0477443}]}, "version": 328}
{"obj": {"type": "LogFloats", "path": ["monitoring", "memory"], "values": [{"value": 25.026138305664062, "step": null, "ts": 1668212006.0477443}]}, "version": 329}
{"obj": {"type": "LogFloats", "path": ["monitoring", "gpu_memory"], "values": [{"value": 26.1910400390625, "step": null, "ts": 1668212006.0477443}]}, "version": 330}
{"obj": {"type": "LogFloats", "path": ["monitoring", "cpu"], "values": [{"value": 1.0, "step": null, "ts": 1668212016.0496252}]}, "version": 331}
{"obj": {"type": "LogFloats", "path": ["monitoring", "memory"], "values": [{"value": 25.027626037597656, "step": null, "ts": 1668212016.0496252}]}, "version": 332}
{"obj": {"type": "LogFloats", "path": ["monitoring", "gpu_memory"], "values": [{"value": 26.1910400390625, "step": null, "ts": 1668212016.0496252}]}, "version": 333}
{"obj": {"type": "LogFloats", "path": ["monitoring", "cpu"], "values": [{"value": 1.3, "step": null, "ts": 1668212026.0511003}]}, "version": 334}
{"obj": {"type": "LogFloats", "path": ["monitoring", "memory"], "values": [{"value": 25.02835464477539, "step": null, "ts": 1668212026.0511003}]}, "version": 335}
{"obj": {"type": "LogFloats", "path": ["monitoring", "gpu_memory"], "values": [{"value": 26.1910400390625, "step": null, "ts": 1668212026.0511003}]}, "version": 336}
{"obj": {"type": "LogFloats", "path": ["monitoring", "cpu"], "values": [{"value": 0.9, "step": null, "ts": 1668212036.0530703}]}, "version": 337}
{"obj": {"type": "LogFloats", "path": ["monitoring", "memory"], "values": [{"value": 25.03268814086914, "step": null, "ts": 1668212036.0530703}]}, "version": 338}
{"obj": {"type": "LogFloats", "path": ["monitoring", "gpu_memory"], "values": [{"value": 26.1910400390625, "step": null, "ts": 1668212036.0530703}]}, "version": 339}
{"obj": {"type": "LogFloats", "path": ["monitoring", "cpu"], "values": [{"value": 0.9, "step": null, "ts": 1668212046.0553098}]}, "version": 340}
{"obj": {"type": "LogFloats", "path": ["monitoring", "memory"], "values": [{"value": 25.027236938476562, "step": null, "ts": 1668212046.0553098}]}, "version": 341}
{"obj": {"type": "LogFloats", "path": ["monitoring", "gpu_memory"], "values": [{"value": 26.1910400390625, "step": null, "ts": 1668212046.0553098}]}, "version": 342}
{"obj": {"type": "LogFloats", "path": ["monitoring", "cpu"], "values": [{"value": 1.2, "step": null, "ts": 1668212056.0570657}]}, "version": 343}
{"obj": {"type": "LogFloats", "path": ["monitoring", "memory"], "values": [{"value": 25.033592224121094, "step": null, "ts": 1668212056.0570657}]}, "version": 344}
{"obj": {"type": "LogFloats", "path": ["monitoring", "gpu_memory"], "values": [{"value": 26.1910400390625, "step": null, "ts": 1668212056.0570657}]}, "version": 345}
{"obj": {"type": "LogFloats", "path": ["monitoring", "cpu"], "values": [{"value": 1.0, "step": null, "ts": 1668212066.0585222}]}, "version": 346}
{"obj": {"type": "LogFloats", "path": ["monitoring", "memory"], "values": [{"value": 25.04446792602539, "step": null, "ts": 1668212066.0585222}]}, "version": 347}
{"obj": {"type": "LogFloats", "path": ["monitoring", "gpu_memory"], "values": [{"value": 26.1910400390625, "step": null, "ts": 1668212066.0585222}]}, "version": 348}
{"obj": {"type": "LogFloats", "path": ["monitoring", "cpu"], "values": [{"value": 0.9, "step": null, "ts": 1668212076.0604775}]}, "version": 349}
{"obj": {"type": "LogFloats", "path": ["monitoring", "memory"], "values": [{"value": 25.034584045410156, "step": null, "ts": 1668212076.0604775}]}, "version": 350}
{"obj": {"type": "LogFloats", "path": ["monitoring", "gpu_memory"], "values": [{"value": 26.1910400390625, "step": null, "ts": 1668212076.0604775}]}, "version": 351}
{"obj": {"type": "LogFloats", "path": ["monitoring", "cpu"], "values": [{"value": 1.2, "step": null, "ts": 1668212086.0623112}]}, "version": 352}
{"obj": {"type": "LogFloats", "path": ["monitoring", "memory"], "values": [{"value": 25.035099029541016, "step": null, "ts": 1668212086.0623112}]}, "version": 353}
{"obj": {"type": "LogFloats", "path": ["monitoring", "gpu_memory"], "values": [{"value": 26.1910400390625, "step": null, "ts": 1668212086.0623112}]}, "version": 354}
{"obj": {"type": "LogFloats", "path": ["monitoring", "cpu"], "values": [{"value": 1.1, "step": null, "ts": 1668212096.0638278}]}, "version": 355}
{"obj": {"type": "LogFloats", "path": ["monitoring", "memory"], "values": [{"value": 25.030872344970703, "step": null, "ts": 1668212096.0638278}]}, "version": 356}
{"obj": {"type": "LogFloats", "path": ["monitoring", "gpu_memory"], "values": [{"value": 26.1910400390625, "step": null, "ts": 1668212096.0638278}]}, "version": 357}
{"obj": {"type": "LogFloats", "path": ["monitoring", "cpu"], "values": [{"value": 0.9, "step": null, "ts": 1668212106.065812}]}, "version": 358}
{"obj": {"type": "LogFloats", "path": ["monitoring", "memory"], "values": [{"value": 25.038604736328125, "step": null, "ts": 1668212106.065812}]}, "version": 359}
{"obj": {"type": "LogFloats", "path": ["monitoring", "gpu_memory"], "values": [{"value": 26.1910400390625, "step": null, "ts": 1668212106.065812}]}, "version": 360}
{"obj": {"type": "LogFloats", "path": ["monitoring", "cpu"], "values": [{"value": 1.0, "step": null, "ts": 1668212116.0675895}]}, "version": 361}
{"obj": {"type": "LogFloats", "path": ["monitoring", "memory"], "values": [{"value": 25.034656524658203, "step": null, "ts": 1668212116.0675895}]}, "version": 362}
{"obj": {"type": "LogFloats", "path": ["monitoring", "gpu_memory"], "values": [{"value": 26.1910400390625, "step": null, "ts": 1668212116.0675895}]}, "version": 363}
{"obj": {"type": "LogFloats", "path": ["monitoring", "cpu"], "values": [{"value": 1.1, "step": null, "ts": 1668212126.0690534}]}, "version": 364}
{"obj": {"type": "LogFloats", "path": ["monitoring", "memory"], "values": [{"value": 25.033924102783203, "step": null, "ts": 1668212126.0690534}]}, "version": 365}
{"obj": {"type": "LogFloats", "path": ["monitoring", "gpu_memory"], "values": [{"value": 26.1910400390625, "step": null, "ts": 1668212126.0690534}]}, "version": 366}
{"obj": {"type": "LogFloats", "path": ["monitoring", "cpu"], "values": [{"value": 1.0, "step": null, "ts": 1668212136.0713413}]}, "version": 367}
{"obj": {"type": "LogFloats", "path": ["monitoring", "memory"], "values": [{"value": 25.024677276611328, "step": null, "ts": 1668212136.0713413}]}, "version": 368}
{"obj": {"type": "LogFloats", "path": ["monitoring", "gpu_memory"], "values": [{"value": 26.1910400390625, "step": null, "ts": 1668212136.0713413}]}, "version": 369}
{"obj": {"type": "LogFloats", "path": ["monitoring", "cpu"], "values": [{"value": 1.0, "step": null, "ts": 1668212146.0813575}]}, "version": 370}
{"obj": {"type": "LogFloats", "path": ["monitoring", "memory"], "values": [{"value": 25.03699493408203, "step": null, "ts": 1668212146.0813575}]}, "version": 371}
{"obj": {"type": "LogFloats", "path": ["monitoring", "gpu_memory"], "values": [{"value": 26.1910400390625, "step": null, "ts": 1668212146.0813575}]}, "version": 372}
{"obj": {"type": "LogFloats", "path": ["monitoring", "cpu"], "values": [{"value": 1.3, "step": null, "ts": 1668212156.082946}]}, "version": 373}
{"obj": {"type": "LogFloats", "path": ["monitoring", "memory"], "values": [{"value": 25.0277099609375, "step": null, "ts": 1668212156.082946}]}, "version": 374}
{"obj": {"type": "LogFloats", "path": ["monitoring", "gpu_memory"], "values": [{"value": 26.1910400390625, "step": null, "ts": 1668212156.082946}]}, "version": 375}
{"obj": {"type": "LogFloats", "path": ["monitoring", "cpu"], "values": [{"value": 0.9, "step": null, "ts": 1668212166.084662}]}, "version": 376}
{"obj": {"type": "LogFloats", "path": ["monitoring", "memory"], "values": [{"value": 25.034687042236328, "step": null, "ts": 1668212166.084662}]}, "version": 377}
{"obj": {"type": "LogFloats", "path": ["monitoring", "gpu_memory"], "values": [{"value": 26.1910400390625, "step": null, "ts": 1668212166.084662}]}, "version": 378}
{"obj": {"type": "LogFloats", "path": ["monitoring", "cpu"], "values": [{"value": 0.9, "step": null, "ts": 1668212176.0862865}]}, "version": 379}
{"obj": {"type": "LogFloats", "path": ["monitoring", "memory"], "values": [{"value": 25.034900665283203, "step": null, "ts": 1668212176.0862865}]}, "version": 380}
{"obj": {"type": "LogFloats", "path": ["monitoring", "gpu_memory"], "values": [{"value": 26.1910400390625, "step": null, "ts": 1668212176.0862865}]}, "version": 381}
{"obj": {"type": "LogFloats", "path": ["monitoring", "cpu"], "values": [{"value": 1.3, "step": null, "ts": 1668212186.0878284}]}, "version": 382}
{"obj": {"type": "LogFloats", "path": ["monitoring", "memory"], "values": [{"value": 25.05968475341797, "step": null, "ts": 1668212186.0878284}]}, "version": 383}
{"obj": {"type": "LogFloats", "path": ["monitoring", "gpu_memory"], "values": [{"value": 26.1910400390625, "step": null, "ts": 1668212186.0878284}]}, "version": 384}
{"obj": {"type": "LogFloats", "path": ["monitoring", "cpu"], "values": [{"value": 0.9, "step": null, "ts": 1668212196.0893102}]}, "version": 385}
{"obj": {"type": "LogFloats", "path": ["monitoring", "memory"], "values": [{"value": 25.03909683227539, "step": null, "ts": 1668212196.0893102}]}, "version": 386}
{"obj": {"type": "LogFloats", "path": ["monitoring", "gpu_memory"], "values": [{"value": 26.1910400390625, "step": null, "ts": 1668212196.0893102}]}, "version": 387}
{"obj": {"type": "LogFloats", "path": ["monitoring", "cpu"], "values": [{"value": 0.9, "step": null, "ts": 1668212206.0909255}]}, "version": 388}
{"obj": {"type": "LogFloats", "path": ["monitoring", "memory"], "values": [{"value": 25.037887573242188, "step": null, "ts": 1668212206.0909255}]}, "version": 389}
{"obj": {"type": "LogFloats", "path": ["monitoring", "gpu_memory"], "values": [{"value": 26.1910400390625, "step": null, "ts": 1668212206.0909255}]}, "version": 390}
{"obj": {"type": "LogFloats", "path": ["monitoring", "cpu"], "values": [{"value": 1.4, "step": null, "ts": 1668212216.092437}]}, "version": 391}
{"obj": {"type": "LogFloats", "path": ["monitoring", "memory"], "values": [{"value": 25.041263580322266, "step": null, "ts": 1668212216.092437}]}, "version": 392}
{"obj": {"type": "LogFloats", "path": ["monitoring", "gpu_memory"], "values": [{"value": 26.1910400390625, "step": null, "ts": 1668212216.092437}]}, "version": 393}
{"obj": {"type": "LogFloats", "path": ["monitoring", "cpu"], "values": [{"value": 1.0, "step": null, "ts": 1668212226.0944033}]}, "version": 394}
{"obj": {"type": "LogFloats", "path": ["monitoring", "memory"], "values": [{"value": 25.03104019165039, "step": null, "ts": 1668212226.0944033}]}, "version": 395}
{"obj": {"type": "LogFloats", "path": ["monitoring", "gpu_memory"], "values": [{"value": 26.1910400390625, "step": null, "ts": 1668212226.0944033}]}, "version": 396}
{"obj": {"type": "LogFloats", "path": ["monitoring", "cpu"], "values": [{"value": 0.9, "step": null, "ts": 1668212236.0962124}]}, "version": 397}
{"obj": {"type": "LogFloats", "path": ["monitoring", "memory"], "values": [{"value": 25.035205841064453, "step": null, "ts": 1668212236.0962124}]}, "version": 398}
{"obj": {"type": "LogFloats", "path": ["monitoring", "gpu_memory"], "values": [{"value": 26.1910400390625, "step": null, "ts": 1668212236.0962124}]}, "version": 399}
{"obj": {"type": "LogFloats", "path": ["monitoring", "cpu"], "values": [{"value": 1.5, "step": null, "ts": 1668212246.0977678}]}, "version": 400}
{"obj": {"type": "LogFloats", "path": ["monitoring", "memory"], "values": [{"value": 25.04894256591797, "step": null, "ts": 1668212246.0977678}]}, "version": 401}
{"obj": {"type": "LogFloats", "path": ["monitoring", "gpu_memory"], "values": [{"value": 26.1910400390625, "step": null, "ts": 1668212246.0977678}]}, "version": 402}
{"obj": {"type": "LogFloats", "path": ["monitoring", "cpu"], "values": [{"value": 1.0, "step": null, "ts": 1668212256.0993586}]}, "version": 403}
{"obj": {"type": "LogFloats", "path": ["monitoring", "memory"], "values": [{"value": 25.042125701904297, "step": null, "ts": 1668212256.0993586}]}, "version": 404}
{"obj": {"type": "LogFloats", "path": ["monitoring", "gpu_memory"], "values": [{"value": 26.1910400390625, "step": null, "ts": 1668212256.0993586}]}, "version": 405}
{"obj": {"type": "LogFloats", "path": ["monitoring", "cpu"], "values": [{"value": 1.0, "step": null, "ts": 1668212266.1013474}]}, "version": 406}
{"obj": {"type": "LogFloats", "path": ["monitoring", "memory"], "values": [{"value": 25.02942657470703, "step": null, "ts": 1668212266.1013474}]}, "version": 407}
{"obj": {"type": "LogFloats", "path": ["monitoring", "gpu_memory"], "values": [{"value": 26.1910400390625, "step": null, "ts": 1668212266.1013474}]}, "version": 408}
{"obj": {"type": "LogFloats", "path": ["monitoring", "cpu"], "values": [{"value": 1.5, "step": null, "ts": 1668212276.1030784}]}, "version": 409}
{"obj": {"type": "LogFloats", "path": ["monitoring", "memory"], "values": [{"value": 25.04682159423828, "step": null, "ts": 1668212276.1030784}]}, "version": 410}
{"obj": {"type": "LogFloats", "path": ["monitoring", "gpu_memory"], "values": [{"value": 26.1910400390625, "step": null, "ts": 1668212276.1030784}]}, "version": 411}
{"obj": {"type": "LogFloats", "path": ["monitoring", "cpu"], "values": [{"value": 0.9, "step": null, "ts": 1668212286.1050103}]}, "version": 412}
{"obj": {"type": "LogFloats", "path": ["monitoring", "memory"], "values": [{"value": 25.037731170654297, "step": null, "ts": 1668212286.1050103}]}, "version": 413}
{"obj": {"type": "LogFloats", "path": ["monitoring", "gpu_memory"], "values": [{"value": 26.1910400390625, "step": null, "ts": 1668212286.1050103}]}, "version": 414}
{"obj": {"type": "LogFloats", "path": ["monitoring", "cpu"], "values": [{"value": 1.0, "step": null, "ts": 1668212296.1150744}]}, "version": 415}
{"obj": {"type": "LogFloats", "path": ["monitoring", "memory"], "values": [{"value": 25.04156494140625, "step": null, "ts": 1668212296.1150744}]}, "version": 416}
{"obj": {"type": "LogFloats", "path": ["monitoring", "gpu_memory"], "values": [{"value": 26.1910400390625, "step": null, "ts": 1668212296.1150744}]}, "version": 417}
{"obj": {"type": "LogFloats", "path": ["monitoring", "cpu"], "values": [{"value": 1.5, "step": null, "ts": 1668212306.1168752}]}, "version": 418}
{"obj": {"type": "LogFloats", "path": ["monitoring", "memory"], "values": [{"value": 25.045772552490234, "step": null, "ts": 1668212306.1168752}]}, "version": 419}
{"obj": {"type": "LogFloats", "path": ["monitoring", "gpu_memory"], "values": [{"value": 26.1910400390625, "step": null, "ts": 1668212306.1168752}]}, "version": 420}
{"obj": {"type": "LogFloats", "path": ["monitoring", "cpu"], "values": [{"value": 0.9, "step": null, "ts": 1668212316.1188803}]}, "version": 421}
{"obj": {"type": "LogFloats", "path": ["monitoring", "memory"], "values": [{"value": 25.046276092529297, "step": null, "ts": 1668212316.1188803}]}, "version": 422}
{"obj": {"type": "LogFloats", "path": ["monitoring", "gpu_memory"], "values": [{"value": 26.1910400390625, "step": null, "ts": 1668212316.1188803}]}, "version": 423}
{"obj": {"type": "LogFloats", "path": ["monitoring", "cpu"], "values": [{"value": 0.9, "step": null, "ts": 1668212326.1211023}]}, "version": 424}
{"obj": {"type": "LogFloats", "path": ["monitoring", "memory"], "values": [{"value": 25.038715362548828, "step": null, "ts": 1668212326.1211023}]}, "version": 425}
{"obj": {"type": "LogFloats", "path": ["monitoring", "gpu_memory"], "values": [{"value": 26.1910400390625, "step": null, "ts": 1668212326.1211023}]}, "version": 426}
{"obj": {"type": "LogFloats", "path": ["monitoring", "cpu"], "values": [{"value": 1.4, "step": null, "ts": 1668212336.1227806}]}, "version": 427}
{"obj": {"type": "LogFloats", "path": ["monitoring", "memory"], "values": [{"value": 25.03455352783203, "step": null, "ts": 1668212336.1227806}]}, "version": 428}
{"obj": {"type": "LogFloats", "path": ["monitoring", "gpu_memory"], "values": [{"value": 26.1910400390625, "step": null, "ts": 1668212336.1227806}]}, "version": 429}
{"obj": {"type": "LogFloats", "path": ["monitoring", "cpu"], "values": [{"value": 1.0, "step": null, "ts": 1668212346.1248572}]}, "version": 430}
{"obj": {"type": "LogFloats", "path": ["monitoring", "memory"], "values": [{"value": 25.034080505371094, "step": null, "ts": 1668212346.1248572}]}, "version": 431}
{"obj": {"type": "LogFloats", "path": ["monitoring", "gpu_memory"], "values": [{"value": 26.1910400390625, "step": null, "ts": 1668212346.1248572}]}, "version": 432}
{"obj": {"type": "LogFloats", "path": ["monitoring", "cpu"], "values": [{"value": 1.0, "step": null, "ts": 1668212356.126856}]}, "version": 433}
{"obj": {"type": "LogFloats", "path": ["monitoring", "memory"], "values": [{"value": 25.026432037353516, "step": null, "ts": 1668212356.126856}]}, "version": 434}
{"obj": {"type": "LogFloats", "path": ["monitoring", "gpu_memory"], "values": [{"value": 26.1910400390625, "step": null, "ts": 1668212356.126856}]}, "version": 435}
{"obj": {"type": "LogFloats", "path": ["monitoring", "cpu"], "values": [{"value": 1.3, "step": null, "ts": 1668212366.1287563}]}, "version": 436}
{"obj": {"type": "LogFloats", "path": ["monitoring", "memory"], "values": [{"value": 25.040050506591797, "step": null, "ts": 1668212366.1287563}]}, "version": 437}
{"obj": {"type": "LogFloats", "path": ["monitoring", "gpu_memory"], "values": [{"value": 26.1910400390625, "step": null, "ts": 1668212366.1287563}]}, "version": 438}
{"obj": {"type": "LogFloats", "path": ["monitoring", "cpu"], "values": [{"value": 1.0, "step": null, "ts": 1668212376.130225}]}, "version": 439}
{"obj": {"type": "LogFloats", "path": ["monitoring", "memory"], "values": [{"value": 25.065319061279297, "step": null, "ts": 1668212376.130225}]}, "version": 440}
{"obj": {"type": "LogFloats", "path": ["monitoring", "gpu_memory"], "values": [{"value": 26.1910400390625, "step": null, "ts": 1668212376.130225}]}, "version": 441}
{"obj": {"type": "LogFloats", "path": ["monitoring", "cpu"], "values": [{"value": 0.9, "step": null, "ts": 1668212386.1317225}]}, "version": 442}
{"obj": {"type": "LogFloats", "path": ["monitoring", "memory"], "values": [{"value": 25.041736602783203, "step": null, "ts": 1668212386.1317225}]}, "version": 443}
{"obj": {"type": "LogFloats", "path": ["monitoring", "gpu_memory"], "values": [{"value": 26.1910400390625, "step": null, "ts": 1668212386.1317225}]}, "version": 444}
{"obj": {"type": "LogFloats", "path": ["monitoring", "cpu"], "values": [{"value": 1.1, "step": null, "ts": 1668212396.1334639}]}, "version": 445}
{"obj": {"type": "LogFloats", "path": ["monitoring", "memory"], "values": [{"value": 25.03307342529297, "step": null, "ts": 1668212396.1334639}]}, "version": 446}
{"obj": {"type": "LogFloats", "path": ["monitoring", "gpu_memory"], "values": [{"value": 26.1910400390625, "step": null, "ts": 1668212396.1334639}]}, "version": 447}
{"obj": {"type": "LogFloats", "path": ["monitoring", "cpu"], "values": [{"value": 1.1, "step": null, "ts": 1668212406.135207}]}, "version": 448}
{"obj": {"type": "LogFloats", "path": ["monitoring", "memory"], "values": [{"value": 25.02751922607422, "step": null, "ts": 1668212406.135207}]}, "version": 449}
{"obj": {"type": "LogFloats", "path": ["monitoring", "gpu_memory"], "values": [{"value": 26.1910400390625, "step": null, "ts": 1668212406.135207}]}, "version": 450}
{"obj": {"type": "LogFloats", "path": ["monitoring", "cpu"], "values": [{"value": 0.9, "step": null, "ts": 1668212416.1372173}]}, "version": 451}
{"obj": {"type": "LogFloats", "path": ["monitoring", "memory"], "values": [{"value": 25.034210205078125, "step": null, "ts": 1668212416.1372173}]}, "version": 452}
{"obj": {"type": "LogFloats", "path": ["monitoring", "gpu_memory"], "values": [{"value": 26.1910400390625, "step": null, "ts": 1668212416.1372173}]}, "version": 453}
{"obj": {"type": "LogFloats", "path": ["monitoring", "cpu"], "values": [{"value": 1.0, "step": null, "ts": 1668212426.1391437}]}, "version": 454}
{"obj": {"type": "LogFloats", "path": ["monitoring", "memory"], "values": [{"value": 25.037059783935547, "step": null, "ts": 1668212426.1391437}]}, "version": 455}
{"obj": {"type": "LogFloats", "path": ["monitoring", "gpu_memory"], "values": [{"value": 26.1910400390625, "step": null, "ts": 1668212426.1391437}]}, "version": 456}
{"obj": {"type": "LogFloats", "path": ["monitoring", "cpu"], "values": [{"value": 1.2, "step": null, "ts": 1668212436.1406322}]}, "version": 457}
{"obj": {"type": "LogFloats", "path": ["monitoring", "memory"], "values": [{"value": 25.043025970458984, "step": null, "ts": 1668212436.1406322}]}, "version": 458}
{"obj": {"type": "LogFloats", "path": ["monitoring", "gpu_memory"], "values": [{"value": 26.1910400390625, "step": null, "ts": 1668212436.1406322}]}, "version": 459}
{"obj": {"type": "LogFloats", "path": ["monitoring", "cpu"], "values": [{"value": 0.9, "step": null, "ts": 1668212446.14257}]}, "version": 460}
{"obj": {"type": "LogFloats", "path": ["monitoring", "memory"], "values": [{"value": 25.042259216308594, "step": null, "ts": 1668212446.14257}]}, "version": 461}
{"obj": {"type": "LogFloats", "path": ["monitoring", "gpu_memory"], "values": [{"value": 26.1910400390625, "step": null, "ts": 1668212446.14257}]}, "version": 462}
{"obj": {"type": "LogFloats", "path": ["monitoring", "cpu"], "values": [{"value": 1.0, "step": null, "ts": 1668212456.1441538}]}, "version": 463}
{"obj": {"type": "LogFloats", "path": ["monitoring", "memory"], "values": [{"value": 25.036293029785156, "step": null, "ts": 1668212456.1441538}]}, "version": 464}
{"obj": {"type": "LogFloats", "path": ["monitoring", "gpu_memory"], "values": [{"value": 26.1910400390625, "step": null, "ts": 1668212456.1441538}]}, "version": 465}
{"obj": {"type": "LogFloats", "path": ["monitoring", "cpu"], "values": [{"value": 1.3, "step": null, "ts": 1668212466.1457927}]}, "version": 466}
{"obj": {"type": "LogFloats", "path": ["monitoring", "memory"], "values": [{"value": 25.05385971069336, "step": null, "ts": 1668212466.1457927}]}, "version": 467}
{"obj": {"type": "LogFloats", "path": ["monitoring", "gpu_memory"], "values": [{"value": 26.1910400390625, "step": null, "ts": 1668212466.1457927}]}, "version": 468}
{"obj": {"type": "LogFloats", "path": ["monitoring", "cpu"], "values": [{"value": 0.9, "step": null, "ts": 1668212476.147746}]}, "version": 469}
{"obj": {"type": "LogFloats", "path": ["monitoring", "memory"], "values": [{"value": 25.037250518798828, "step": null, "ts": 1668212476.147746}]}, "version": 470}
{"obj": {"type": "LogFloats", "path": ["monitoring", "gpu_memory"], "values": [{"value": 26.1910400390625, "step": null, "ts": 1668212476.147746}]}, "version": 471}
{"obj": {"type": "LogFloats", "path": ["monitoring", "cpu"], "values": [{"value": 1.0, "step": null, "ts": 1668212486.149955}]}, "version": 472}
{"obj": {"type": "LogFloats", "path": ["monitoring", "memory"], "values": [{"value": 25.027259826660156, "step": null, "ts": 1668212486.149955}]}, "version": 473}
{"obj": {"type": "LogFloats", "path": ["monitoring", "gpu_memory"], "values": [{"value": 26.1910400390625, "step": null, "ts": 1668212486.149955}]}, "version": 474}
{"obj": {"type": "LogFloats", "path": ["monitoring", "cpu"], "values": [{"value": 1.4, "step": null, "ts": 1668212496.151769}]}, "version": 475}
{"obj": {"type": "LogFloats", "path": ["monitoring", "memory"], "values": [{"value": 25.053451538085938, "step": null, "ts": 1668212496.151769}]}, "version": 476}
{"obj": {"type": "LogFloats", "path": ["monitoring", "gpu_memory"], "values": [{"value": 26.1910400390625, "step": null, "ts": 1668212496.151769}]}, "version": 477}
{"obj": {"type": "LogFloats", "path": ["monitoring", "cpu"], "values": [{"value": 1.0, "step": null, "ts": 1668212506.1533418}]}, "version": 478}
{"obj": {"type": "LogFloats", "path": ["monitoring", "memory"], "values": [{"value": 25.046340942382812, "step": null, "ts": 1668212506.1533418}]}, "version": 479}
{"obj": {"type": "LogFloats", "path": ["monitoring", "gpu_memory"], "values": [{"value": 26.1910400390625, "step": null, "ts": 1668212506.1533418}]}, "version": 480}
{"obj": {"type": "LogFloats", "path": ["monitoring", "cpu"], "values": [{"value": 0.9, "step": null, "ts": 1668212516.1555047}]}, "version": 481}
{"obj": {"type": "LogFloats", "path": ["monitoring", "memory"], "values": [{"value": 25.039714813232422, "step": null, "ts": 1668212516.1555047}]}, "version": 482}
{"obj": {"type": "LogFloats", "path": ["monitoring", "gpu_memory"], "values": [{"value": 26.1910400390625, "step": null, "ts": 1668212516.1555047}]}, "version": 483}
{"obj": {"type": "LogFloats", "path": ["monitoring", "cpu"], "values": [{"value": 1.4, "step": null, "ts": 1668212526.1569464}]}, "version": 484}
{"obj": {"type": "LogFloats", "path": ["monitoring", "memory"], "values": [{"value": 25.036643981933594, "step": null, "ts": 1668212526.1569464}]}, "version": 485}
{"obj": {"type": "LogFloats", "path": ["monitoring", "gpu_memory"], "values": [{"value": 26.1910400390625, "step": null, "ts": 1668212526.1569464}]}, "version": 486}
{"obj": {"type": "LogFloats", "path": ["monitoring", "cpu"], "values": [{"value": 1.0, "step": null, "ts": 1668212536.1585174}]}, "version": 487}
{"obj": {"type": "LogFloats", "path": ["monitoring", "memory"], "values": [{"value": 25.03705596923828, "step": null, "ts": 1668212536.1585174}]}, "version": 488}
{"obj": {"type": "LogFloats", "path": ["monitoring", "gpu_memory"], "values": [{"value": 26.1910400390625, "step": null, "ts": 1668212536.1585174}]}, "version": 489}
{"obj": {"type": "LogFloats", "path": ["monitoring", "cpu"], "values": [{"value": 1.0, "step": null, "ts": 1668212546.160215}]}, "version": 490}
{"obj": {"type": "LogFloats", "path": ["monitoring", "memory"], "values": [{"value": 25.038471221923828, "step": null, "ts": 1668212546.160215}]}, "version": 491}
{"obj": {"type": "LogFloats", "path": ["monitoring", "gpu_memory"], "values": [{"value": 26.1910400390625, "step": null, "ts": 1668212546.160215}]}, "version": 492}
{"obj": {"type": "LogFloats", "path": ["monitoring", "cpu"], "values": [{"value": 1.6, "step": null, "ts": 1668212556.1617467}]}, "version": 493}
{"obj": {"type": "LogFloats", "path": ["monitoring", "memory"], "values": [{"value": 25.05423355102539, "step": null, "ts": 1668212556.1617467}]}, "version": 494}
{"obj": {"type": "LogFloats", "path": ["monitoring", "gpu_memory"], "values": [{"value": 26.1910400390625, "step": null, "ts": 1668212556.1617467}]}, "version": 495}
{"obj": {"type": "LogFloats", "path": ["monitoring", "cpu"], "values": [{"value": 1.0, "step": null, "ts": 1668212566.1636496}]}, "version": 496}
{"obj": {"type": "LogFloats", "path": ["monitoring", "memory"], "values": [{"value": 25.044593811035156, "step": null, "ts": 1668212566.1636496}]}, "version": 497}
{"obj": {"type": "LogFloats", "path": ["monitoring", "gpu_memory"], "values": [{"value": 26.1910400390625, "step": null, "ts": 1668212566.1636496}]}, "version": 498}
{"obj": {"type": "LogFloats", "path": ["monitoring", "cpu"], "values": [{"value": 1.0, "step": null, "ts": 1668212576.1652806}]}, "version": 499}
{"obj": {"type": "LogFloats", "path": ["monitoring", "memory"], "values": [{"value": 25.040637969970703, "step": null, "ts": 1668212576.1652806}]}, "version": 500}
{"obj": {"type": "LogFloats", "path": ["monitoring", "gpu_memory"], "values": [{"value": 26.1910400390625, "step": null, "ts": 1668212576.1652806}]}, "version": 501}
{"obj": {"type": "LogFloats", "path": ["monitoring", "cpu"], "values": [{"value": 1.4, "step": null, "ts": 1668212586.166875}]}, "version": 502}
{"obj": {"type": "LogFloats", "path": ["monitoring", "memory"], "values": [{"value": 25.05740737915039, "step": null, "ts": 1668212586.166875}]}, "version": 503}
{"obj": {"type": "LogFloats", "path": ["monitoring", "gpu_memory"], "values": [{"value": 26.1910400390625, "step": null, "ts": 1668212586.166875}]}, "version": 504}
{"obj": {"type": "LogFloats", "path": ["monitoring", "cpu"], "values": [{"value": 0.9, "step": null, "ts": 1668212596.1688914}]}, "version": 505}
{"obj": {"type": "LogFloats", "path": ["monitoring", "memory"], "values": [{"value": 25.046905517578125, "step": null, "ts": 1668212596.1688914}]}, "version": 506}
{"obj": {"type": "LogFloats", "path": ["monitoring", "gpu_memory"], "values": [{"value": 26.1910400390625, "step": null, "ts": 1668212596.1688914}]}, "version": 507}
{"obj": {"type": "LogFloats", "path": ["monitoring", "cpu"], "values": [{"value": 1.0, "step": null, "ts": 1668212606.1712067}]}, "version": 508}
{"obj": {"type": "LogFloats", "path": ["monitoring", "memory"], "values": [{"value": 25.05054473876953, "step": null, "ts": 1668212606.1712067}]}, "version": 509}
{"obj": {"type": "LogFloats", "path": ["monitoring", "gpu_memory"], "values": [{"value": 26.1910400390625, "step": null, "ts": 1668212606.1712067}]}, "version": 510}
{"obj": {"type": "LogFloats", "path": ["monitoring", "cpu"], "values": [{"value": 1.3, "step": null, "ts": 1668212616.1729836}]}, "version": 511}
{"obj": {"type": "LogFloats", "path": ["monitoring", "memory"], "values": [{"value": 25.046180725097656, "step": null, "ts": 1668212616.1729836}]}, "version": 512}
{"obj": {"type": "LogFloats", "path": ["monitoring", "gpu_memory"], "values": [{"value": 26.1910400390625, "step": null, "ts": 1668212616.1729836}]}, "version": 513}
{"obj": {"type": "LogFloats", "path": ["monitoring", "cpu"], "values": [{"value": 1.0, "step": null, "ts": 1668212626.1749728}]}, "version": 514}
{"obj": {"type": "LogFloats", "path": ["monitoring", "memory"], "values": [{"value": 25.04480743408203, "step": null, "ts": 1668212626.1749728}]}, "version": 515}
{"obj": {"type": "LogFloats", "path": ["monitoring", "gpu_memory"], "values": [{"value": 26.1910400390625, "step": null, "ts": 1668212626.1749728}]}, "version": 516}
{"obj": {"type": "LogFloats", "path": ["monitoring", "cpu"], "values": [{"value": 1.0, "step": null, "ts": 1668212636.1772165}]}, "version": 517}
{"obj": {"type": "LogFloats", "path": ["monitoring", "memory"], "values": [{"value": 25.04265594482422, "step": null, "ts": 1668212636.1772165}]}, "version": 518}
{"obj": {"type": "LogFloats", "path": ["monitoring", "gpu_memory"], "values": [{"value": 26.1910400390625, "step": null, "ts": 1668212636.1772165}]}, "version": 519}
{"obj": {"type": "LogStrings", "path": ["monitoring", "stdout"], "values": [{"value": "Shutting down background jobs, please wait a moment...\n", "step": null, "ts": 1668212643.887088}]}, "version": 520}
