{"obj": {"type": "AssignString", "path": ["sys", "name"], "value": "Filtered Data Test"}, "version": 1}
{"obj": {"type": "AssignString", "path": ["sys", "description"], "value": ""}, "version": 2}
{"obj": {"type": "AssignString", "path": ["sys", "hostname"], "value": "aurora"}, "version": 3}
{"obj": {"type": "AssignBool", "path": ["sys", "failed"], "value": false}, "version": 4}
{"obj": {"type": "ClearStringLog", "path": ["monitoring", "stdout"]}, "version": 5}
{"obj": {"type": "ClearStringLog", "path": ["monitoring", "stderr"]}, "version": 6}
{"obj": {"type": "LogStrings", "path": ["monitoring", "stderr"], "values": [{"value": "Info (NVML): RM has detected an NVML/RM version mismatch.. GPU usage metrics may not be reported. For more information, see https://docs.neptune.ai/you-should-know/what-can-you-log-and-display#hardware-consumption\n", "step": null, "ts": 1670922072.2498689}]}, "version": 7}
{"obj": {"type": "ConfigFloatSeries", "path": ["monitoring", "cpu"], "min": 0.0, "max": 100.0, "unit": "%"}, "version": 8}
{"obj": {"type": "ClearFloatLog", "path": ["monitoring", "cpu"]}, "version": 9}
{"obj": {"type": "ConfigFloatSeries", "path": ["monitoring", "memory"], "min": 0.0, "max": 62.63469314575195, "unit": "GB"}, "version": 10}
{"obj": {"type": "ClearFloatLog", "path": ["monitoring", "memory"]}, "version": 11}
{"obj": {"type": "LogStrings", "path": ["monitoring", "stdout"], "values": [{"value": "Remember to stop your run once you\u2019ve finished logging your metadata (https://docs.neptune.ai/api-reference/run#.stop). It will be stopped automatically only when the notebook kernel/interactive console is terminated.\n", "step": null, "ts": 1670922072.2540147}]}, "version": 12}
{"obj": {"type": "LogFloats", "path": ["monitoring", "cpu"], "values": [{"value": 1.4, "step": null, "ts": 1670922072.2517064}]}, "version": 13}
{"obj": {"type": "LogFloats", "path": ["monitoring", "memory"], "values": [{"value": 22.893901824951172, "step": null, "ts": 1670922072.2517064}]}, "version": 14}
{"obj": {"type": "AssignString", "path": ["source_code", "integrations", "neptune-tensorflow-keras"], "value": "1.1.0"}, "version": 15}
{"obj": {"type": "AssignString", "path": ["training", "model", "optimizer_config", "name"], "value": "Adam"}, "version": 16}
{"obj": {"type": "AssignFloat", "path": ["training", "model", "optimizer_config", "learning_rate"], "value": 0.001}, "version": 17}
{"obj": {"type": "AssignFloat", "path": ["training", "model", "optimizer_config", "decay"], "value": 0.0}, "version": 18}
{"obj": {"type": "AssignFloat", "path": ["training", "model", "optimizer_config", "beta_1"], "value": 0.9}, "version": 19}
{"obj": {"type": "AssignFloat", "path": ["training", "model", "optimizer_config", "beta_2"], "value": 0.999}, "version": 20}
{"obj": {"type": "AssignFloat", "path": ["training", "model", "optimizer_config", "epsilon"], "value": 1e-07}, "version": 21}
{"obj": {"type": "AssignBool", "path": ["training", "model", "optimizer_config", "amsgrad"], "value": false}, "version": 22}
{"obj": {"type": "AssignInt", "path": ["training", "fit_params", "verbose"], "value": 1}, "version": 23}
{"obj": {"type": "AssignInt", "path": ["training", "fit_params", "epochs"], "value": 600}, "version": 24}
{"obj": {"type": "AssignInt", "path": ["training", "fit_params", "steps"], "value": 313}, "version": 25}
{"obj": {"type": "LogStrings", "path": ["monitoring", "stdout"], "values": [{"value": "Epoch 1/600", "step": null, "ts": 1670922074.2633471}]}, "version": 26}
{"obj": {"type": "LogStrings", "path": ["monitoring", "stdout"], "values": [{"value": "\n", "step": null, "ts": 1670922074.26383}]}, "version": 27}
{"obj": {"type": "LogFloats", "path": ["training", "model", "learning_rate"], "values": [{"value": 0.0010000000474974513, "step": null, "ts": 1670922074.2658103}]}, "version": 28}
{"obj": {"type": "LogFloats", "path": ["monitoring", "cpu"], "values": [{"value": 4.4, "step": null, "ts": 1670922082.2573588}]}, "version": 29}
{"obj": {"type": "LogFloats", "path": ["monitoring", "memory"], "values": [{"value": 26.408763885498047, "step": null, "ts": 1670922082.2573588}]}, "version": 30}
{"obj": {"type": "LogFloats", "path": ["monitoring", "cpu"], "values": [{"value": 4.1, "step": null, "ts": 1670922092.2582178}]}, "version": 31}
{"obj": {"type": "LogFloats", "path": ["monitoring", "memory"], "values": [{"value": 26.441936492919922, "step": null, "ts": 1670922092.2582178}]}, "version": 32}
{"obj": {"type": "LogFloats", "path": ["monitoring", "cpu"], "values": [{"value": 4.2, "step": null, "ts": 1670922102.2590253}]}, "version": 33}
{"obj": {"type": "LogFloats", "path": ["monitoring", "memory"], "values": [{"value": 26.481521606445312, "step": null, "ts": 1670922102.2590253}]}, "version": 34}
{"obj": {"type": "LogFloats", "path": ["monitoring", "cpu"], "values": [{"value": 4.2, "step": null, "ts": 1670922112.2598445}]}, "version": 35}
{"obj": {"type": "LogFloats", "path": ["monitoring", "memory"], "values": [{"value": 26.618701934814453, "step": null, "ts": 1670922112.2598445}]}, "version": 36}
{"obj": {"type": "LogFloats", "path": ["monitoring", "cpu"], "values": [{"value": 4.2, "step": null, "ts": 1670922122.260656}]}, "version": 37}
{"obj": {"type": "LogFloats", "path": ["monitoring", "memory"], "values": [{"value": 26.628704071044922, "step": null, "ts": 1670922122.260656}]}, "version": 38}
{"obj": {"type": "LogFloats", "path": ["monitoring", "cpu"], "values": [{"value": 4.2, "step": null, "ts": 1670922132.2614622}]}, "version": 39}
{"obj": {"type": "LogFloats", "path": ["monitoring", "memory"], "values": [{"value": 26.616649627685547, "step": null, "ts": 1670922132.2614622}]}, "version": 40}
{"obj": {"type": "LogFloats", "path": ["monitoring", "cpu"], "values": [{"value": 4.3, "step": null, "ts": 1670922142.2622654}]}, "version": 41}
{"obj": {"type": "LogFloats", "path": ["monitoring", "memory"], "values": [{"value": 26.61638641357422, "step": null, "ts": 1670922142.2622654}]}, "version": 42}
{"obj": {"type": "LogFloats", "path": ["monitoring", "cpu"], "values": [{"value": 4.1, "step": null, "ts": 1670922152.263072}]}, "version": 43}
{"obj": {"type": "LogFloats", "path": ["monitoring", "memory"], "values": [{"value": 26.628406524658203, "step": null, "ts": 1670922152.263072}]}, "version": 44}
{"obj": {"type": "LogFloats", "path": ["monitoring", "cpu"], "values": [{"value": 4.1, "step": null, "ts": 1670922162.263906}]}, "version": 45}
{"obj": {"type": "LogFloats", "path": ["monitoring", "memory"], "values": [{"value": 26.614521026611328, "step": null, "ts": 1670922162.263906}]}, "version": 46}
{"obj": {"type": "LogFloats", "path": ["monitoring", "cpu"], "values": [{"value": 4.8, "step": null, "ts": 1670922172.2647133}]}, "version": 47}
{"obj": {"type": "LogFloats", "path": ["monitoring", "memory"], "values": [{"value": 27.055652618408203, "step": null, "ts": 1670922172.2647133}]}, "version": 48}
{"obj": {"type": "LogFloats", "path": ["monitoring", "cpu"], "values": [{"value": 4.2, "step": null, "ts": 1670922182.265506}]}, "version": 49}
{"obj": {"type": "LogFloats", "path": ["monitoring", "memory"], "values": [{"value": 27.12149429321289, "step": null, "ts": 1670922182.265506}]}, "version": 50}
{"obj": {"type": "LogFloats", "path": ["monitoring", "cpu"], "values": [{"value": 4.2, "step": null, "ts": 1670922192.2663093}]}, "version": 51}
{"obj": {"type": "LogFloats", "path": ["monitoring", "memory"], "values": [{"value": 27.170406341552734, "step": null, "ts": 1670922192.2663093}]}, "version": 52}
{"obj": {"type": "LogFloats", "path": ["monitoring", "cpu"], "values": [{"value": 4.3, "step": null, "ts": 1670922202.267098}]}, "version": 53}
{"obj": {"type": "LogFloats", "path": ["monitoring", "memory"], "values": [{"value": 27.18909454345703, "step": null, "ts": 1670922202.267098}]}, "version": 54}
{"obj": {"type": "LogFloats", "path": ["monitoring", "cpu"], "values": [{"value": 4.2, "step": null, "ts": 1670922212.2678618}]}, "version": 55}
{"obj": {"type": "LogFloats", "path": ["monitoring", "memory"], "values": [{"value": 27.20349884033203, "step": null, "ts": 1670922212.2678618}]}, "version": 56}
{"obj": {"type": "LogFloats", "path": ["monitoring", "cpu"], "values": [{"value": 4.1, "step": null, "ts": 1670922222.2687035}]}, "version": 57}
{"obj": {"type": "LogFloats", "path": ["monitoring", "memory"], "values": [{"value": 27.196678161621094, "step": null, "ts": 1670922222.2687035}]}, "version": 58}
{"obj": {"type": "LogFloats", "path": ["monitoring", "cpu"], "values": [{"value": 4.3, "step": null, "ts": 1670922232.269525}]}, "version": 59}
{"obj": {"type": "LogFloats", "path": ["monitoring", "memory"], "values": [{"value": 27.199798583984375, "step": null, "ts": 1670922232.269525}]}, "version": 60}
{"obj": {"type": "LogFloats", "path": ["monitoring", "cpu"], "values": [{"value": 4.5, "step": null, "ts": 1670922242.2702672}]}, "version": 61}
{"obj": {"type": "LogFloats", "path": ["monitoring", "memory"], "values": [{"value": 27.21624755859375, "step": null, "ts": 1670922242.2702672}]}, "version": 62}
{"obj": {"type": "LogFloats", "path": ["monitoring", "cpu"], "values": [{"value": 4.1, "step": null, "ts": 1670922252.2710764}]}, "version": 63}
{"obj": {"type": "LogFloats", "path": ["monitoring", "memory"], "values": [{"value": 27.202754974365234, "step": null, "ts": 1670922252.2710764}]}, "version": 64}
{"obj": {"type": "LogFloats", "path": ["monitoring", "cpu"], "values": [{"value": 4.3, "step": null, "ts": 1670922262.271895}]}, "version": 65}
{"obj": {"type": "LogFloats", "path": ["monitoring", "memory"], "values": [{"value": 27.207542419433594, "step": null, "ts": 1670922262.271895}]}, "version": 66}
{"obj": {"type": "LogFloats", "path": ["monitoring", "cpu"], "values": [{"value": 4.2, "step": null, "ts": 1670922272.272759}]}, "version": 67}
{"obj": {"type": "LogFloats", "path": ["monitoring", "memory"], "values": [{"value": 27.21816635131836, "step": null, "ts": 1670922272.272759}]}, "version": 68}
